#
# There is insufficient memory for the Java Runtime Environment to continue.
# Native memory allocation (mmap) failed to map 268435456 bytes for Failed to commit area from 0x0000000700a00000 to 0x0000000710a00000 of length 268435456.
# Possible reasons:
#   The system is out of physical RAM or swap space
#   The process is running with CompressedOops enabled, and the Java Heap may be blocking the growth of the native heap
# Possible solutions:
#   Reduce memory load on the system
#   Increase physical memory or swap space
#   Check if swap backing store is full
#   Decrease Java heap size (-Xmx/-Xms)
#   Decrease number of Java threads
#   Decrease Java thread stack sizes (-Xss)
#   Set larger code cache with -XX:ReservedCodeCacheSize=
# This output file may be truncated or incomplete.
#
#  Out of Memory Error (t:/workspace/open/src/hotspot/os/windows/os_windows.cpp:3301), pid=680, tid=20404
#
# JRE version:  (13.0.1+9) (build )
# Java VM: Java HotSpot(TM) 64-Bit Server VM (13.0.1+9, mixed mode, aot, sharing, tiered, compressed oops, g1 gc, windows-amd64)
# No core dump will be written. Minidumps are not enabled by default on client versions of Windows
#

---------------  S U M M A R Y ------------

Command Line: -Dfile.encoding=Cp1252 test

Host: Intel(R) Core(TM) i5-3330 CPU @ 3.00GHz, 4 cores, 15G,  Windows 10 , 64 bit Build 17763 (10.0.17763.475)
Time: Wed Jan 29 21:24:24 2020 Newfoundland Standard Time elapsed time: 0 seconds (0d 0h 0m 0s)

---------------  T H R E A D  ---------------

Current thread (0x000001c8aceae000):  JavaThread "Unknown thread" [_thread_in_vm, id=20404, stack(0x0000008192b00000,0x0000008192c00000)]

Stack: [0x0000008192b00000,0x0000008192c00000]
Native frames: (J=compiled Java code, j=interpreted, Vv=VM code, C=native code)
V  [jvm.dll+0x626eca]
V  [jvm.dll+0x772c6a]
V  [jvm.dll+0x77441f]
V  [jvm.dll+0x774a23]
V  [jvm.dll+0x24da58]
V  [jvm.dll+0x62438a]
V  [jvm.dll+0x618f75]
V  [jvm.dll+0x30c61c]
V  [jvm.dll+0x30c452]
V  [jvm.dll+0x311bc6]
V  [jvm.dll+0x355ce6]
V  [jvm.dll+0x3554c0]
V  [jvm.dll+0x2e729a]
V  [jvm.dll+0x2e8532]
V  [jvm.dll+0x74fcd8]
V  [jvm.dll+0x363739]
V  [jvm.dll+0x732dc5]
V  [jvm.dll+0x3ce2ef]
V  [jvm.dll+0x3d0611]
C  [jli.dll+0x51ff]
C  [ucrtbase.dll+0x21ffa]
C  [KERNEL32.DLL+0x17974]
C  [ntdll.dll+0x6a271]


---------------  P R O C E S S  ---------------

Threads class SMR info:
_java_thread_list=0x00007ffb94d746b8, length=0, elements={
}

Java Threads: ( => current thread )

Other Threads:
  0x000001c8acf18800 GCTaskThread "GC Thread#0" [stack: 0x0000008192c00000,0x0000008192d00000] [id=18924]
  0x000001c8acf3c000 ConcurrentGCThread "G1 Main Marker" [stack: 0x0000008192d00000,0x0000008192e00000] [id=20380]
  0x000001c8acf3f000 ConcurrentGCThread "G1 Conc#0" [stack: 0x0000008192e00000,0x0000008192f00000] [id=15016]

[error occurred during error reporting (printing all threads), id 0xc0000005, EXCEPTION_ACCESS_VIOLATION (0xc0000005) at pc=0x00007ffb945a6f67]

VM state:not at safepoint (not fully initialized)

VM Mutex/Monitor currently owned by a thread:  ([mutex/lock_event])
[0x000001c8aceaba00] Heap_lock - owner thread: 0x000001c8aceae000

Heap address: 0x0000000700a00000, size: 4086 MB, Compressed Oops mode: Non-zero based: 0x0000000700a00000
Narrow klass base: 0x0000000000000000, Narrow klass shift: 0

GC Heap History (0 events):
No events

Deoptimization events (0 events):
No events

Classes unloaded (0 events):
No events

Classes redefined (0 events):
No events

Internal exceptions (0 events):
No events

Events (8 events):
Event: 0.006 Loaded shared library C:\Program Files\Java\jdk-13.0.1\bin\zip.dll
Event: 0.006 Loaded shared library C:\Program Files\Java\jdk-13.0.1\bin\jimage.dll
Event: 0.008 Loading shared library C:\Program Files\Java\jdk-13.0.1\lib\libjava.base-coop.dll failed, error code 126
Event: 0.008 Loading shared library C:\Program Files\Java\jdk-13.0.1\lib\libjava.logging-coop.dll failed, error code 126
Event: 0.008 Loading shared library C:\Program Files\Java\jdk-13.0.1\lib\libjdk.compiler-coop.dll failed, error code 126
Event: 0.008 Loading shared library C:\Program Files\Java\jdk-13.0.1\lib\libjdk.scripting.nashorn-coop.dll failed, error code 126
Event: 0.008 Loading shared library C:\Program Files\Java\jdk-13.0.1\lib\libjdk.internal.vm.ci-coop.dll failed, error code 126
Event: 0.008 Loading shared library C:\Program Files\Java\jdk-13.0.1\lib\libjdk.internal.vm.compiler-coop.dll failed, error code 126


Dynamic libraries:
0x00007ff6c6160000 - 0x00007ff6c616f000 	C:\Program Files\Java\jdk-13.0.1\bin\javaw.exe
0x00007ffbe4420000 - 0x00007ffbe460d000 	C:\Windows\SYSTEM32\ntdll.dll
0x00007ffbe3cf0000 - 0x00007ffbe3da3000 	C:\Windows\System32\KERNEL32.DLL
0x00007ffbe0500000 - 0x00007ffbe0793000 	C:\Windows\System32\KERNELBASE.dll
0x00007ffbe0900000 - 0x00007ffbe09fa000 	C:\Windows\System32\ucrtbase.dll
0x00007ffbcc1c0000 - 0x00007ffbcc1d8000 	C:\Program Files\Java\jdk-13.0.1\bin\jli.dll
0x00007ffbcc6d0000 - 0x00007ffbcc6e5000 	C:\Program Files\Java\jdk-13.0.1\bin\VCRUNTIME140.dll
0x00007ffbe16b0000 - 0x00007ffbe1753000 	C:\Windows\System32\ADVAPI32.dll
0x00007ffbe3c50000 - 0x00007ffbe3cee000 	C:\Windows\System32\msvcrt.dll
0x00007ffbe3af0000 - 0x00007ffbe3b8e000 	C:\Windows\System32\sechost.dll
0x00007ffbe1810000 - 0x00007ffbe1932000 	C:\Windows\System32\RPCRT4.dll
0x00007ffbe1e90000 - 0x00007ffbe2027000 	C:\Windows\System32\USER32.dll
0x00007ffbe04e0000 - 0x00007ffbe0500000 	C:\Windows\System32\win32u.dll
0x00007ffbe3bf0000 - 0x00007ffbe3c19000 	C:\Windows\System32\GDI32.dll
0x00007ffbd53e0000 - 0x00007ffbd5659000 	C:\Windows\WinSxS\amd64_microsoft.windows.common-controls_6595b64144ccf1df_6.0.17763.973_none_05b245900721eb81\COMCTL32.dll
0x00007ffbe0a00000 - 0x00007ffbe0b99000 	C:\Windows\System32\gdi32full.dll
0x00007ffbe1940000 - 0x00007ffbe1c6c000 	C:\Windows\System32\combase.dll
0x00007ffbe0d80000 - 0x00007ffbe0e20000 	C:\Windows\System32\msvcp_win.dll
0x00007ffbe0850000 - 0x00007ffbe08ce000 	C:\Windows\System32\bcryptPrimitives.dll
0x00007ffbdb610000 - 0x00007ffbdb61a000 	C:\Windows\SYSTEM32\VERSION.dll
0x00007ffbe3c20000 - 0x00007ffbe3c4e000 	C:\Windows\System32\IMM32.DLL
0x00007ffba2a70000 - 0x00007ffba2b0b000 	C:\Program Files\Java\jdk-13.0.1\bin\msvcp140.dll
0x00007ffb942b0000 - 0x00007ffb94e16000 	C:\Program Files\Java\jdk-13.0.1\bin\server\jvm.dll
0x00007ffbe1640000 - 0x00007ffbe1648000 	C:\Windows\System32\PSAPI.DLL
0x00007ffbde650000 - 0x00007ffbde674000 	C:\Windows\SYSTEM32\WINMM.dll
0x00007ffbdccf0000 - 0x00007ffbdccf9000 	C:\Windows\SYSTEM32\WSOCK32.dll
0x00007ffbde620000 - 0x00007ffbde64d000 	C:\Windows\SYSTEM32\winmmbase.dll
0x00007ffbe37d0000 - 0x00007ffbe383d000 	C:\Windows\System32\WS2_32.dll
0x00007ffbe07a0000 - 0x00007ffbe07ea000 	C:\Windows\System32\cfgmgr32.dll
0x00007ffbe0410000 - 0x00007ffbe0421000 	C:\Windows\System32\kernel.appcore.dll
0x00007ffbd2840000 - 0x00007ffbd2850000 	C:\Program Files\Java\jdk-13.0.1\bin\verify.dll
0x00007ffbce6b0000 - 0x00007ffbce89d000 	C:\Windows\SYSTEM32\DBGHELP.DLL
0x00007ffbcf0f0000 - 0x00007ffbcf11a000 	C:\Windows\SYSTEM32\dbgcore.DLL
0x00007ffbd2780000 - 0x00007ffbd27a6000 	C:\Program Files\Java\jdk-13.0.1\bin\java.dll
0x00007ffbd2700000 - 0x00007ffbd2717000 	C:\Program Files\Java\jdk-13.0.1\bin\zip.dll
0x00007ffbd2770000 - 0x00007ffbd277a000 	C:\Program Files\Java\jdk-13.0.1\bin\jimage.dll

dbghelp: loaded successfully - version: 4.0.5 - missing functions: none
symbol engine: initialized successfully - sym options: 0x614 - pdb path: .;C:\Program Files\Java\jdk-13.0.1\bin;C:\Windows\SYSTEM32;C:\Windows\WinSxS\amd64_microsoft.windows.common-controls_6595b64144ccf1df_6.0.17763.973_none_05b245900721eb81;C:\Program Files\Java\jdk-13.0.1\bin\server

VM Arguments:
jvm_args: -Dfile.encoding=Cp1252 
java_command: test
java_class_path (initial): D:\Comp 2005\Yucky Chocky\Yucky Chocky\bin
Launcher Type: SUN_STANDARD

[Global flags]
     intx CICompilerCount                          = 3                                         {product} {ergonomic}
     uint ConcGCThreads                            = 1                                         {product} {ergonomic}
     uint G1ConcRefinementThreads                  = 4                                         {product} {ergonomic}
   size_t G1HeapRegionSize                         = 1048576                                   {product} {ergonomic}
    uintx GCDrainStackTargetSize                   = 64                                        {product} {ergonomic}
   size_t InitialHeapSize                          = 268435456                                 {product} {ergonomic}
   size_t MarkStackSize                            = 4194304                                   {product} {ergonomic}
   size_t MaxHeapSize                              = 4284481536                                {product} {ergonomic}
   size_t MinHeapDeltaBytes                        = 1048576                                   {product} {ergonomic}
   size_t MinHeapSize                              = 8388608                                   {product} {ergonomic}
    uintx NonNMethodCodeHeapSize                   = 5830732                                {pd product} {ergonomic}
    uintx NonProfiledCodeHeapSize                  = 122913754                              {pd product} {ergonomic}
    uintx ProfiledCodeHeapSize                     = 122913754                              {pd product} {ergonomic}
    uintx ReservedCodeCacheSize                    = 251658240                              {pd product} {ergonomic}
     bool SegmentedCodeCache                       = true                                      {product} {ergonomic}
   size_t SoftMaxHeapSize                          = 4284481536                             {manageable} {ergonomic}
     bool UseCompressedClassPointers               = true                                 {lp64_product} {ergonomic}
     bool UseCompressedOops                        = true                                 {lp64_product} {ergonomic}
     bool UseG1GC                                  = true                                      {product} {ergonomic}
     bool UseLargePagesIndividualAllocation        = false                                  {pd product} {ergonomic}

Logging:
Log output configuration:
 #0: stdout all=warning uptime,level,tags
 #1: stderr all=off uptime,level,tags

Environment Variables:
PATH=C:/Program Files/Java/jdk-13.0.1/bin/server;C:/Program Files/Java/jdk-13.0.1/bin;C:\Program Files\Java\jdk-13.0.1\bin;C:\Windows;C:\Windows\System32\Wbem;C:\Windows\System32\WindowsPowerShell\v1.0\;C:\Windows\System32\OpenSSH\;C:\Program Files\NVIDIA Corporation\NVIDIA NvDLISR;C:\Program Files (x86)\NVIDIA Corporation\PhysX\Common;C:\Program Files\Java\jdk-13.0.1\bin;;D:\Microsoft VS Code\bin;C:\Users\Junaid\Desktop;
USERNAME=Junaid
OS=Windows_NT
PROCESSOR_IDENTIFIER=Intel64 Family 6 Model 58 Stepping 9, GenuineIntel



---------------  S Y S T E M  ---------------

OS: Windows 10 , 64 bit Build 17763 (10.0.17763.475)

CPU:total 4 (initial active 4) (4 cores per cpu, 1 threads per core) family 6 model 58 stepping 9, cmov, cx8, fxsr, mmx, sse, sse2, sse3, ssse3, sse4.1, sse4.2, popcnt, avx, aes, clmul, erms, tsc, tscinvbit, tscinv

Memory: 4k page, system-wide physical 16339M (8642M free)
TotalPageFile size 30646M (AvailPageFile size 26M)
current process WorkingSet (physical memory assigned to process): 10M, peak: 10M
current process commit charge ("private bytes"): 52M, peak: 308M

vm_info: Java HotSpot(TM) 64-Bit Server VM (13.0.1+9) for windows-amd64 JRE (13.0.1+9), built on Oct  6 2019 12:37:49 by "mach5one" with unknown MS VC++:1916

END.
