#
# There is insufficient memory for the Java Runtime Environment to continue.
# Native memory allocation (mmap) failed to map 268435456 bytes for Failed to commit area from 0x0000000700a00000 to 0x0000000710a00000 of length 268435456.
# Possible reasons:
#   The system is out of physical RAM or swap space
#   The process is running with CompressedOops enabled, and the Java Heap may be blocking the growth of the native heap
# Possible solutions:
#   Reduce memory load on the system
#   Increase physical memory or swap space
#   Check if swap backing store is full
#   Decrease Java heap size (-Xmx/-Xms)
#   Decrease number of Java threads
#   Decrease Java thread stack sizes (-Xss)
#   Set larger code cache with -XX:ReservedCodeCacheSize=
# This output file may be truncated or incomplete.
#
#  Out of Memory Error (t:/workspace/open/src/hotspot/os/windows/os_windows.cpp:3301), pid=8988, tid=20204
#
# JRE version:  (13.0.1+9) (build )
# Java VM: Java HotSpot(TM) 64-Bit Server VM (13.0.1+9, mixed mode, aot, sharing, tiered, compressed oops, g1 gc, windows-amd64)
# No core dump will be written. Minidumps are not enabled by default on client versions of Windows
#

---------------  S U M M A R Y ------------

Command Line: -Dfile.encoding=Cp1252 yuckyChocky

Host: Intel(R) Core(TM) i5-3330 CPU @ 3.00GHz, 4 cores, 15G,  Windows 10 , 64 bit Build 17763 (10.0.17763.475)
Time: Thu Jan 30 18:39:17 2020 Newfoundland Standard Time elapsed time: 0 seconds (0d 0h 0m 0s)

---------------  T H R E A D  ---------------

Current thread (0x000001590513c800):  JavaThread "Unknown thread" [_thread_in_vm, id=20204, stack(0x0000004338200000,0x0000004338300000)]

Stack: [0x0000004338200000,0x0000004338300000]
Native frames: (J=compiled Java code, j=interpreted, Vv=VM code, C=native code)
V  [jvm.dll+0x626eca]
V  [jvm.dll+0x772c6a]
V  [jvm.dll+0x77441f]
V  [jvm.dll+0x774a23]
V  [jvm.dll+0x24da58]
V  [jvm.dll+0x62438a]
V  [jvm.dll+0x618f75]
V  [jvm.dll+0x30c61c]
V  [jvm.dll+0x30c452]
V  [jvm.dll+0x311bc6]
V  [jvm.dll+0x355ce6]
V  [jvm.dll+0x3554c0]
V  [jvm.dll+0x2e729a]
V  [jvm.dll+0x2e8532]
V  [jvm.dll+0x74fcd8]
V  [jvm.dll+0x363739]
V  [jvm.dll+0x732dc5]
V  [jvm.dll+0x3ce2ef]
V  [jvm.dll+0x3d0611]
C  [jli.dll+0x51ff]
C  [ucrtbase.dll+0x21ffa]
C  [KERNEL32.DLL+0x17974]
C  [ntdll.dll+0x6a271]


---------------  P R O C E S S  ---------------

Threads class SMR info:
_java_thread_list=0x00007ffd99b946b8, length=0, elements={
}

Java Threads: ( => current thread )

Other Threads:
  0x00000159051a8000 GCTaskThread "GC Thread#0" [stack: 0x0000004338300000,0x0000004338400000] [id=18968]
  0x00000159051cc800 ConcurrentGCThread "G1 Main Marker" [stack: 0x0000004338400000,0x0000004338500000] [id=20352]
  0x00000159051cd800 ConcurrentGCThread "G1 Conc#0" [stack: 0x0000004338500000,0x0000004338600000] [id=19516]

[error occurred during error reporting (printing all threads), id 0xc0000005, EXCEPTION_ACCESS_VIOLATION (0xc0000005) at pc=0x00007ffd993c6f67]

VM state:not at safepoint (not fully initialized)

VM Mutex/Monitor currently owned by a thread:  ([mutex/lock_event])
[0x0000015905139dc0] Heap_lock - owner thread: 0x000001590513c800

Heap address: 0x0000000700a00000, size: 4086 MB, Compressed Oops mode: Non-zero based: 0x0000000700a00000
Narrow klass base: 0x0000000000000000, Narrow klass shift: 0

GC Heap History (0 events):
No events

Deoptimization events (0 events):
No events

Classes unloaded (0 events):
No events

Classes redefined (0 events):
No events

Internal exceptions (0 events):
No events

Events (8 events):
Event: 0.006 Loaded shared library C:\Program Files\Java\jdk-13.0.1\bin\zip.dll
Event: 0.006 Loaded shared library C:\Program Files\Java\jdk-13.0.1\bin\jimage.dll
Event: 0.007 Loading shared library C:\Program Files\Java\jdk-13.0.1\lib\libjava.base-coop.dll failed, error code 126
Event: 0.007 Loading shared library C:\Program Files\Java\jdk-13.0.1\lib\libjava.logging-coop.dll failed, error code 126
Event: 0.007 Loading shared library C:\Program Files\Java\jdk-13.0.1\lib\libjdk.compiler-coop.dll failed, error code 126
Event: 0.007 Loading shared library C:\Program Files\Java\jdk-13.0.1\lib\libjdk.scripting.nashorn-coop.dll failed, error code 126
Event: 0.007 Loading shared library C:\Program Files\Java\jdk-13.0.1\lib\libjdk.internal.vm.ci-coop.dll failed, error code 126
Event: 0.007 Loading shared library C:\Program Files\Java\jdk-13.0.1\lib\libjdk.internal.vm.compiler-coop.dll failed, error code 126


Dynamic libraries:
0x00007ff739bb0000 - 0x00007ff739bbf000 	C:\Program Files\Java\jdk-13.0.1\bin\javaw.exe
0x00007ffde2fa0000 - 0x00007ffde318d000 	C:\Windows\SYSTEM32\ntdll.dll
0x00007ffde2eb0000 - 0x00007ffde2f63000 	C:\Windows\System32\KERNEL32.DLL
0x00007ffddff20000 - 0x00007ffde01b3000 	C:\Windows\System32\KERNELBASE.dll
0x00007ffddf0c0000 - 0x00007ffddf1ba000 	C:\Windows\System32\ucrtbase.dll
0x00007ffdcfea0000 - 0x00007ffdcfeb8000 	C:\Program Files\Java\jdk-13.0.1\bin\jli.dll
0x00007ffde2790000 - 0x00007ffde2833000 	C:\Windows\System32\ADVAPI32.dll
0x00007ffde2450000 - 0x00007ffde24ee000 	C:\Windows\System32\msvcrt.dll
0x00007ffdcfe80000 - 0x00007ffdcfe95000 	C:\Program Files\Java\jdk-13.0.1\bin\VCRUNTIME140.dll
0x00007ffde0570000 - 0x00007ffde060e000 	C:\Windows\System32\sechost.dll
0x00007ffde1e30000 - 0x00007ffde1f52000 	C:\Windows\System32\RPCRT4.dll
0x00007ffde03a0000 - 0x00007ffde0537000 	C:\Windows\System32\USER32.dll
0x00007ffddfe50000 - 0x00007ffddfe70000 	C:\Windows\System32\win32u.dll
0x00007ffde2840000 - 0x00007ffde2869000 	C:\Windows\System32\GDI32.dll
0x00007ffddf540000 - 0x00007ffddf6d9000 	C:\Windows\System32\gdi32full.dll
0x00007ffdd3eb0000 - 0x00007ffdd4129000 	C:\Windows\WinSxS\amd64_microsoft.windows.common-controls_6595b64144ccf1df_6.0.17763.973_none_05b245900721eb81\COMCTL32.dll
0x00007ffddf1c0000 - 0x00007ffddf260000 	C:\Windows\System32\msvcp_win.dll
0x00007ffde2870000 - 0x00007ffde2b9c000 	C:\Windows\System32\combase.dll
0x00007ffddf4c0000 - 0x00007ffddf53e000 	C:\Windows\System32\bcryptPrimitives.dll
0x00007ffdda170000 - 0x00007ffdda17a000 	C:\Windows\SYSTEM32\VERSION.dll
0x00007ffde0540000 - 0x00007ffde056e000 	C:\Windows\System32\IMM32.DLL
0x00007ffdc2480000 - 0x00007ffdc251b000 	C:\Program Files\Java\jdk-13.0.1\bin\msvcp140.dll
0x00007ffd990d0000 - 0x00007ffd99c36000 	C:\Program Files\Java\jdk-13.0.1\bin\server\jvm.dll
0x00007ffde23e0000 - 0x00007ffde23e8000 	C:\Windows\System32\PSAPI.DLL
0x00007ffddb250000 - 0x00007ffddb259000 	C:\Windows\SYSTEM32\WSOCK32.dll
0x00007ffde24f0000 - 0x00007ffde255d000 	C:\Windows\System32\WS2_32.dll
0x00007ffddd1f0000 - 0x00007ffddd214000 	C:\Windows\SYSTEM32\WINMM.dll
0x00007ffddd1c0000 - 0x00007ffddd1ed000 	C:\Windows\SYSTEM32\winmmbase.dll
0x00007ffddf470000 - 0x00007ffddf4ba000 	C:\Windows\System32\cfgmgr32.dll
0x00007ffddf040000 - 0x00007ffddf051000 	C:\Windows\System32\kernel.appcore.dll
0x00007ffddb240000 - 0x00007ffddb250000 	C:\Program Files\Java\jdk-13.0.1\bin\verify.dll
0x00007ffdcd160000 - 0x00007ffdcd34d000 	C:\Windows\SYSTEM32\DBGHELP.DLL
0x00007ffdcced0000 - 0x00007ffdccefa000 	C:\Windows\SYSTEM32\dbgcore.DLL
0x00007ffdd22f0000 - 0x00007ffdd2316000 	C:\Program Files\Java\jdk-13.0.1\bin\java.dll
0x00007ffdd25c0000 - 0x00007ffdd25d7000 	C:\Program Files\Java\jdk-13.0.1\bin\zip.dll
0x00007ffdd22e0000 - 0x00007ffdd22ea000 	C:\Program Files\Java\jdk-13.0.1\bin\jimage.dll

dbghelp: loaded successfully - version: 4.0.5 - missing functions: none
symbol engine: initialized successfully - sym options: 0x614 - pdb path: .;C:\Program Files\Java\jdk-13.0.1\bin;C:\Windows\SYSTEM32;C:\Windows\WinSxS\amd64_microsoft.windows.common-controls_6595b64144ccf1df_6.0.17763.973_none_05b245900721eb81;C:\Program Files\Java\jdk-13.0.1\bin\server

VM Arguments:
jvm_args: -Dfile.encoding=Cp1252 
java_command: yuckyChocky
java_class_path (initial): D:\Comp 2005\Yucky Chocky\Yucky Chocky\bin
Launcher Type: SUN_STANDARD

[Global flags]
     intx CICompilerCount                          = 3                                         {product} {ergonomic}
     uint ConcGCThreads                            = 1                                         {product} {ergonomic}
     uint G1ConcRefinementThreads                  = 4                                         {product} {ergonomic}
   size_t G1HeapRegionSize                         = 1048576                                   {product} {ergonomic}
    uintx GCDrainStackTargetSize                   = 64                                        {product} {ergonomic}
   size_t InitialHeapSize                          = 268435456                                 {product} {ergonomic}
   size_t MarkStackSize                            = 4194304                                   {product} {ergonomic}
   size_t MaxHeapSize                              = 4284481536                                {product} {ergonomic}
   size_t MinHeapDeltaBytes                        = 1048576                                   {product} {ergonomic}
   size_t MinHeapSize                              = 8388608                                   {product} {ergonomic}
    uintx NonNMethodCodeHeapSize                   = 5830732                                {pd product} {ergonomic}
    uintx NonProfiledCodeHeapSize                  = 122913754                              {pd product} {ergonomic}
    uintx ProfiledCodeHeapSize                     = 122913754                              {pd product} {ergonomic}
    uintx ReservedCodeCacheSize                    = 251658240                              {pd product} {ergonomic}
     bool SegmentedCodeCache                       = true                                      {product} {ergonomic}
   size_t SoftMaxHeapSize                          = 4284481536                             {manageable} {ergonomic}
     bool UseCompressedClassPointers               = true                                 {lp64_product} {ergonomic}
     bool UseCompressedOops                        = true                                 {lp64_product} {ergonomic}
     bool UseG1GC                                  = true                                      {product} {ergonomic}
     bool UseLargePagesIndividualAllocation        = false                                  {pd product} {ergonomic}

Logging:
Log output configuration:
 #0: stdout all=warning uptime,level,tags
 #1: stderr all=off uptime,level,tags

Environment Variables:
PATH=C:/Program Files/Java/jdk-13.0.1/bin/server;C:/Program Files/Java/jdk-13.0.1/bin;C:\Program Files\Java\jdk-13.0.1\bin;C:\Windows;C:\Windows\System32\Wbem;C:\Windows\System32\WindowsPowerShell\v1.0\;C:\Windows\System32\OpenSSH\;C:\Program Files\NVIDIA Corporation\NVIDIA NvDLISR;C:\Program Files (x86)\NVIDIA Corporation\PhysX\Common;C:\Program Files\Java\jdk-13.0.1\bin;;D:\Microsoft VS Code\bin;C:\Users\Junaid\Desktop;
USERNAME=Junaid
OS=Windows_NT
PROCESSOR_IDENTIFIER=Intel64 Family 6 Model 58 Stepping 9, GenuineIntel



---------------  S Y S T E M  ---------------

OS: Windows 10 , 64 bit Build 17763 (10.0.17763.475)

CPU:total 4 (initial active 4) (4 cores per cpu, 1 threads per core) family 6 model 58 stepping 9, cmov, cx8, fxsr, mmx, sse, sse2, sse3, ssse3, sse4.1, sse4.2, popcnt, avx, aes, clmul, erms, tsc, tscinvbit, tscinv

Memory: 4k page, system-wide physical 16339M (9636M free)
TotalPageFile size 30646M (AvailPageFile size 147M)
current process WorkingSet (physical memory assigned to process): 10M, peak: 10M
current process commit charge ("private bytes"): 52M, peak: 308M

vm_info: Java HotSpot(TM) 64-Bit Server VM (13.0.1+9) for windows-amd64 JRE (13.0.1+9), built on Oct  6 2019 12:37:49 by "mach5one" with unknown MS VC++:1916

END.
