#
# There is insufficient memory for the Java Runtime Environment to continue.
# Native memory allocation (malloc) failed to allocate 32744 bytes for ChunkPool::allocate
# Possible reasons:
#   The system is out of physical RAM or swap space
#   The process is running with CompressedOops enabled, and the Java Heap may be blocking the growth of the native heap
# Possible solutions:
#   Reduce memory load on the system
#   Increase physical memory or swap space
#   Check if swap backing store is full
#   Decrease Java heap size (-Xmx/-Xms)
#   Decrease number of Java threads
#   Decrease Java thread stack sizes (-Xss)
#   Set larger code cache with -XX:ReservedCodeCacheSize=
#   JVM is running with Zero Based Compressed Oops mode in which the Java heap is
#     placed in the first 32GB address space. The Java Heap base address is the
#     maximum limit for the native heap growth. Please use -XX:HeapBaseMinAddress
#     to set the Java Heap base and to place the Java Heap above 32GB virtual address.
# This output file may be truncated or incomplete.
#
#  Out of Memory Error (t:/workspace/open/src/hotspot/share/memory/arena.cpp:80), pid=13244, tid=11712
#
# JRE version: Java(TM) SE Runtime Environment (13.0.1+9) (build 13.0.1+9)
# Java VM: Java HotSpot(TM) 64-Bit Server VM (13.0.1+9, mixed mode, sharing, tiered, compressed oops, g1 gc, windows-amd64)
# No core dump will be written. Minidumps are not enabled by default on client versions of Windows
#

---------------  S U M M A R Y ------------

Command Line: -Dfile.encoding=Cp1252 yuckyChocky

Host: Intel(R) Core(TM) i5-3330 CPU @ 3.00GHz, 4 cores, 15G,  Windows 10 , 64 bit Build 17763 (10.0.17763.475)
Time: Thu Jan 23 19:35:37 2020 Newfoundland Standard Time elapsed time: 82785 seconds (0d 22h 59m 45s)

---------------  T H R E A D  ---------------

Current thread (0x00000231fed66800):  JavaThread "C1 CompilerThread0" daemon [_thread_in_native, id=11712, stack(0x000000abfe700000,0x000000abfe800000)]


Current CompileTask:
C1:82785536 1027       3       java.lang.invoke.LambdaForm::normalize (322 bytes)

Stack: [0x000000abfe700000,0x000000abfe800000]
Native frames: (J=compiled Java code, j=interpreted, Vv=VM code, C=native code)
V  [jvm.dll+0x626eca]
V  [jvm.dll+0x772c6a]
V  [jvm.dll+0x77441f]
V  [jvm.dll+0x774a23]
V  [jvm.dll+0x24da58]
V  [jvm.dll+0xc3d16]
V  [jvm.dll+0xc406c]
V  [jvm.dll+0x162f70]
V  [jvm.dll+0x161e4c]
V  [jvm.dll+0x15d1c4]
V  [jvm.dll+0x1577fe]
V  [jvm.dll+0x143c50]
V  [jvm.dll+0x12bdf9]
V  [jvm.dll+0x12b6ff]
V  [jvm.dll+0x12b92f]
V  [jvm.dll+0x12abc7]
V  [jvm.dll+0x12cae7]
V  [jvm.dll+0x2159bd]
V  [jvm.dll+0x213e6b]
V  [jvm.dll+0x738b16]
V  [jvm.dll+0x731c0a]
V  [jvm.dll+0x6260c6]
C  [ucrtbase.dll+0x21ffa]
C  [KERNEL32.DLL+0x17974]
C  [ntdll.dll+0x6a271]


---------------  P R O C E S S  ---------------

Threads class SMR info:
_java_thread_list=0x000002318a47d780, length=15, elements={
0x00000231fed45000, 0x00000231fed48800, 0x00000231fed61000, 0x00000231fed63000,
0x00000231ff5fa000, 0x00000231fed66800, 0x00000231fed6a800, 0x00000231ff742000,
0x00000231ff732000, 0x00000231ff731800, 0x00000231ff733000, 0x00000231ff730800,
0x00000231ff734000, 0x00000231ff734800, 0x00000231ff735800
}

Java Threads: ( => current thread )
  0x00000231fed45000 JavaThread "Reference Handler" daemon [_thread_blocked, id=5520, stack(0x000000abfe200000,0x000000abfe300000)]
  0x00000231fed48800 JavaThread "Finalizer" daemon [_thread_blocked, id=9732, stack(0x000000abfe300000,0x000000abfe400000)]
  0x00000231fed61000 JavaThread "Signal Dispatcher" daemon [_thread_blocked, id=12024, stack(0x000000abfe400000,0x000000abfe500000)]
  0x00000231fed63000 JavaThread "Attach Listener" daemon [_thread_blocked, id=11852, stack(0x000000abfe500000,0x000000abfe600000)]
  0x00000231ff5fa000 JavaThread "C2 CompilerThread0" daemon [_thread_blocked, id=13096, stack(0x000000abfe600000,0x000000abfe700000)]
=>0x00000231fed66800 JavaThread "C1 CompilerThread0" daemon [_thread_in_native, id=11712, stack(0x000000abfe700000,0x000000abfe800000)]
  0x00000231fed6a800 JavaThread "Sweeper thread" daemon [_thread_blocked, id=12992, stack(0x000000abfe800000,0x000000abfe900000)]
  0x00000231ff742000 JavaThread "Service Thread" daemon [_thread_blocked, id=5432, stack(0x000000abfe900000,0x000000abfea00000)]
  0x00000231ff732000 JavaThread "Common-Cleaner" daemon [_thread_blocked, id=12200, stack(0x000000abfeb00000,0x000000abfec00000)]
  0x00000231ff731800 JavaThread "Java2D Disposer" daemon [_thread_blocked, id=11048, stack(0x000000abfec00000,0x000000abfed00000)]
  0x00000231ff733000 JavaThread "AWT-Shutdown" [_thread_blocked, id=8884, stack(0x000000abfed00000,0x000000abfee00000)]
  0x00000231ff730800 JavaThread "AWT-Windows" daemon [_thread_in_native, id=11312, stack(0x000000abfee00000,0x000000abfef00000)]
  0x00000231ff734000 JavaThread "AWT-EventQueue-0" [_thread_blocked, id=13332, stack(0x000000abff130000,0x000000abff230000)]
  0x00000231ff734800 JavaThread "D3D Screen Updater" daemon [_thread_blocked, id=13336, stack(0x000000abff230000,0x000000abff330000)]
  0x00000231ff735800 JavaThread "DestroyJavaVM" [_thread_blocked, id=7328, stack(0x000000abfdb00000,0x000000abfdc00000)]

Other Threads:
  0x00000231fed44800 VMThread "VM Thread" [stack: 0x000000abfe100000,0x000000abfe200000] [id=12552]
  0x00000231ff742800 WatcherThread [stack: 0x000000abfea00000,0x000000abfeb00000] [id=1324]
  0x00000231e5a9a000 GCTaskThread "GC Thread#0" [stack: 0x000000abfdc00000,0x000000abfdd00000] [id=11352]
  0x00000231e5abd000 ConcurrentGCThread "G1 Main Marker" [stack: 0x000000abfdd00000,0x000000abfde00000] [id=12140]
  0x00000231e5abf800 ConcurrentGCThread "G1 Conc#0" [stack: 0x000000abfde00000,0x000000abfdf00000] [id=12456]
  0x00000231fec41800 ConcurrentGCThread "G1 Refine#0" [stack: 0x000000abfdf00000,0x000000abfe000000] [id=4752]
  0x00000231fec43000 ConcurrentGCThread "G1 Young RemSet Sampling" [stack: 0x000000abfe000000,0x000000abfe100000] [id=11840]

Threads with active compile tasks:
C1 CompilerThread0  82785556 1027       3       java.lang.invoke.LambdaForm::normalize (322 bytes)

VM state:not at safepoint (normal execution)

VM Mutex/Monitor currently owned by a thread: None

Heap address: 0x0000000700a00000, size: 4086 MB, Compressed Oops mode: Zero based, Oop shift amount: 3
Narrow klass base: 0x0000000800000000, Narrow klass shift: 3
Compressed class space size: 1073741824 Address: 0x0000000800b40000

Heap:
 garbage-first heap   total 262144K, used 13312K [0x0000000700a00000, 0x0000000800000000)
  region size 1024K, 14 young (14336K), 0 survivors (0K)
 Metaspace       used 7047K, capacity 7269K, committed 7424K, reserved 1056768K
  class space    used 773K, capacity 902K, committed 1024K, reserved 1048576K
Heap Regions: E=young(eden), S=young(survivor), O=old, HS=humongous(starts), HC=humongous(continues), CS=collection set, F=free, A=archive, TAMS=top-at-mark-start (previous, next)
|   0|0x0000000700a00000, 0x0000000700a00000, 0x0000000700b00000|  0%| F|  |TAMS 0x0000000700a00000, 0x0000000700a00000| Untracked 
|   1|0x0000000700b00000, 0x0000000700b00000, 0x0000000700c00000|  0%| F|  |TAMS 0x0000000700b00000, 0x0000000700b00000| Untracked 
|   2|0x0000000700c00000, 0x0000000700c00000, 0x0000000700d00000|  0%| F|  |TAMS 0x0000000700c00000, 0x0000000700c00000| Untracked 
|   3|0x0000000700d00000, 0x0000000700d00000, 0x0000000700e00000|  0%| F|  |TAMS 0x0000000700d00000, 0x0000000700d00000| Untracked 
|   4|0x0000000700e00000, 0x0000000700e00000, 0x0000000700f00000|  0%| F|  |TAMS 0x0000000700e00000, 0x0000000700e00000| Untracked 
|   5|0x0000000700f00000, 0x0000000700f00000, 0x0000000701000000|  0%| F|  |TAMS 0x0000000700f00000, 0x0000000700f00000| Untracked 
|   6|0x0000000701000000, 0x0000000701000000, 0x0000000701100000|  0%| F|  |TAMS 0x0000000701000000, 0x0000000701000000| Untracked 
|   7|0x0000000701100000, 0x0000000701100000, 0x0000000701200000|  0%| F|  |TAMS 0x0000000701100000, 0x0000000701100000| Untracked 
|   8|0x0000000701200000, 0x0000000701200000, 0x0000000701300000|  0%| F|  |TAMS 0x0000000701200000, 0x0000000701200000| Untracked 
|   9|0x0000000701300000, 0x0000000701300000, 0x0000000701400000|  0%| F|  |TAMS 0x0000000701300000, 0x0000000701300000| Untracked 
|  10|0x0000000701400000, 0x0000000701400000, 0x0000000701500000|  0%| F|  |TAMS 0x0000000701400000, 0x0000000701400000| Untracked 
|  11|0x0000000701500000, 0x0000000701500000, 0x0000000701600000|  0%| F|  |TAMS 0x0000000701500000, 0x0000000701500000| Untracked 
|  12|0x0000000701600000, 0x0000000701600000, 0x0000000701700000|  0%| F|  |TAMS 0x0000000701600000, 0x0000000701600000| Untracked 
|  13|0x0000000701700000, 0x0000000701700000, 0x0000000701800000|  0%| F|  |TAMS 0x0000000701700000, 0x0000000701700000| Untracked 
|  14|0x0000000701800000, 0x0000000701800000, 0x0000000701900000|  0%| F|  |TAMS 0x0000000701800000, 0x0000000701800000| Untracked 
|  15|0x0000000701900000, 0x0000000701900000, 0x0000000701a00000|  0%| F|  |TAMS 0x0000000701900000, 0x0000000701900000| Untracked 
|  16|0x0000000701a00000, 0x0000000701a00000, 0x0000000701b00000|  0%| F|  |TAMS 0x0000000701a00000, 0x0000000701a00000| Untracked 
|  17|0x0000000701b00000, 0x0000000701b00000, 0x0000000701c00000|  0%| F|  |TAMS 0x0000000701b00000, 0x0000000701b00000| Untracked 
|  18|0x0000000701c00000, 0x0000000701c00000, 0x0000000701d00000|  0%| F|  |TAMS 0x0000000701c00000, 0x0000000701c00000| Untracked 
|  19|0x0000000701d00000, 0x0000000701d00000, 0x0000000701e00000|  0%| F|  |TAMS 0x0000000701d00000, 0x0000000701d00000| Untracked 
|  20|0x0000000701e00000, 0x0000000701e00000, 0x0000000701f00000|  0%| F|  |TAMS 0x0000000701e00000, 0x0000000701e00000| Untracked 
|  21|0x0000000701f00000, 0x0000000701f00000, 0x0000000702000000|  0%| F|  |TAMS 0x0000000701f00000, 0x0000000701f00000| Untracked 
|  22|0x0000000702000000, 0x0000000702000000, 0x0000000702100000|  0%| F|  |TAMS 0x0000000702000000, 0x0000000702000000| Untracked 
|  23|0x0000000702100000, 0x0000000702100000, 0x0000000702200000|  0%| F|  |TAMS 0x0000000702100000, 0x0000000702100000| Untracked 
|  24|0x0000000702200000, 0x0000000702200000, 0x0000000702300000|  0%| F|  |TAMS 0x0000000702200000, 0x0000000702200000| Untracked 
|  25|0x0000000702300000, 0x0000000702300000, 0x0000000702400000|  0%| F|  |TAMS 0x0000000702300000, 0x0000000702300000| Untracked 
|  26|0x0000000702400000, 0x0000000702400000, 0x0000000702500000|  0%| F|  |TAMS 0x0000000702400000, 0x0000000702400000| Untracked 
|  27|0x0000000702500000, 0x0000000702500000, 0x0000000702600000|  0%| F|  |TAMS 0x0000000702500000, 0x0000000702500000| Untracked 
|  28|0x0000000702600000, 0x0000000702600000, 0x0000000702700000|  0%| F|  |TAMS 0x0000000702600000, 0x0000000702600000| Untracked 
|  29|0x0000000702700000, 0x0000000702700000, 0x0000000702800000|  0%| F|  |TAMS 0x0000000702700000, 0x0000000702700000| Untracked 
|  30|0x0000000702800000, 0x0000000702800000, 0x0000000702900000|  0%| F|  |TAMS 0x0000000702800000, 0x0000000702800000| Untracked 
|  31|0x0000000702900000, 0x0000000702900000, 0x0000000702a00000|  0%| F|  |TAMS 0x0000000702900000, 0x0000000702900000| Untracked 
|  32|0x0000000702a00000, 0x0000000702a00000, 0x0000000702b00000|  0%| F|  |TAMS 0x0000000702a00000, 0x0000000702a00000| Untracked 
|  33|0x0000000702b00000, 0x0000000702b00000, 0x0000000702c00000|  0%| F|  |TAMS 0x0000000702b00000, 0x0000000702b00000| Untracked 
|  34|0x0000000702c00000, 0x0000000702c00000, 0x0000000702d00000|  0%| F|  |TAMS 0x0000000702c00000, 0x0000000702c00000| Untracked 
|  35|0x0000000702d00000, 0x0000000702d00000, 0x0000000702e00000|  0%| F|  |TAMS 0x0000000702d00000, 0x0000000702d00000| Untracked 
|  36|0x0000000702e00000, 0x0000000702e00000, 0x0000000702f00000|  0%| F|  |TAMS 0x0000000702e00000, 0x0000000702e00000| Untracked 
|  37|0x0000000702f00000, 0x0000000702f00000, 0x0000000703000000|  0%| F|  |TAMS 0x0000000702f00000, 0x0000000702f00000| Untracked 
|  38|0x0000000703000000, 0x0000000703000000, 0x0000000703100000|  0%| F|  |TAMS 0x0000000703000000, 0x0000000703000000| Untracked 
|  39|0x0000000703100000, 0x0000000703100000, 0x0000000703200000|  0%| F|  |TAMS 0x0000000703100000, 0x0000000703100000| Untracked 
|  40|0x0000000703200000, 0x0000000703200000, 0x0000000703300000|  0%| F|  |TAMS 0x0000000703200000, 0x0000000703200000| Untracked 
|  41|0x0000000703300000, 0x0000000703300000, 0x0000000703400000|  0%| F|  |TAMS 0x0000000703300000, 0x0000000703300000| Untracked 
|  42|0x0000000703400000, 0x0000000703400000, 0x0000000703500000|  0%| F|  |TAMS 0x0000000703400000, 0x0000000703400000| Untracked 
|  43|0x0000000703500000, 0x0000000703500000, 0x0000000703600000|  0%| F|  |TAMS 0x0000000703500000, 0x0000000703500000| Untracked 
|  44|0x0000000703600000, 0x0000000703600000, 0x0000000703700000|  0%| F|  |TAMS 0x0000000703600000, 0x0000000703600000| Untracked 
|  45|0x0000000703700000, 0x0000000703700000, 0x0000000703800000|  0%| F|  |TAMS 0x0000000703700000, 0x0000000703700000| Untracked 
|  46|0x0000000703800000, 0x0000000703800000, 0x0000000703900000|  0%| F|  |TAMS 0x0000000703800000, 0x0000000703800000| Untracked 
|  47|0x0000000703900000, 0x0000000703900000, 0x0000000703a00000|  0%| F|  |TAMS 0x0000000703900000, 0x0000000703900000| Untracked 
|  48|0x0000000703a00000, 0x0000000703a00000, 0x0000000703b00000|  0%| F|  |TAMS 0x0000000703a00000, 0x0000000703a00000| Untracked 
|  49|0x0000000703b00000, 0x0000000703b00000, 0x0000000703c00000|  0%| F|  |TAMS 0x0000000703b00000, 0x0000000703b00000| Untracked 
|  50|0x0000000703c00000, 0x0000000703c00000, 0x0000000703d00000|  0%| F|  |TAMS 0x0000000703c00000, 0x0000000703c00000| Untracked 
|  51|0x0000000703d00000, 0x0000000703d00000, 0x0000000703e00000|  0%| F|  |TAMS 0x0000000703d00000, 0x0000000703d00000| Untracked 
|  52|0x0000000703e00000, 0x0000000703e00000, 0x0000000703f00000|  0%| F|  |TAMS 0x0000000703e00000, 0x0000000703e00000| Untracked 
|  53|0x0000000703f00000, 0x0000000703f00000, 0x0000000704000000|  0%| F|  |TAMS 0x0000000703f00000, 0x0000000703f00000| Untracked 
|  54|0x0000000704000000, 0x0000000704000000, 0x0000000704100000|  0%| F|  |TAMS 0x0000000704000000, 0x0000000704000000| Untracked 
|  55|0x0000000704100000, 0x0000000704100000, 0x0000000704200000|  0%| F|  |TAMS 0x0000000704100000, 0x0000000704100000| Untracked 
|  56|0x0000000704200000, 0x0000000704200000, 0x0000000704300000|  0%| F|  |TAMS 0x0000000704200000, 0x0000000704200000| Untracked 
|  57|0x0000000704300000, 0x0000000704300000, 0x0000000704400000|  0%| F|  |TAMS 0x0000000704300000, 0x0000000704300000| Untracked 
|  58|0x0000000704400000, 0x0000000704400000, 0x0000000704500000|  0%| F|  |TAMS 0x0000000704400000, 0x0000000704400000| Untracked 
|  59|0x0000000704500000, 0x0000000704500000, 0x0000000704600000|  0%| F|  |TAMS 0x0000000704500000, 0x0000000704500000| Untracked 
|  60|0x0000000704600000, 0x0000000704600000, 0x0000000704700000|  0%| F|  |TAMS 0x0000000704600000, 0x0000000704600000| Untracked 
|  61|0x0000000704700000, 0x0000000704700000, 0x0000000704800000|  0%| F|  |TAMS 0x0000000704700000, 0x0000000704700000| Untracked 
|  62|0x0000000704800000, 0x0000000704800000, 0x0000000704900000|  0%| F|  |TAMS 0x0000000704800000, 0x0000000704800000| Untracked 
|  63|0x0000000704900000, 0x0000000704900000, 0x0000000704a00000|  0%| F|  |TAMS 0x0000000704900000, 0x0000000704900000| Untracked 
|  64|0x0000000704a00000, 0x0000000704a00000, 0x0000000704b00000|  0%| F|  |TAMS 0x0000000704a00000, 0x0000000704a00000| Untracked 
|  65|0x0000000704b00000, 0x0000000704b00000, 0x0000000704c00000|  0%| F|  |TAMS 0x0000000704b00000, 0x0000000704b00000| Untracked 
|  66|0x0000000704c00000, 0x0000000704c00000, 0x0000000704d00000|  0%| F|  |TAMS 0x0000000704c00000, 0x0000000704c00000| Untracked 
|  67|0x0000000704d00000, 0x0000000704d00000, 0x0000000704e00000|  0%| F|  |TAMS 0x0000000704d00000, 0x0000000704d00000| Untracked 
|  68|0x0000000704e00000, 0x0000000704e00000, 0x0000000704f00000|  0%| F|  |TAMS 0x0000000704e00000, 0x0000000704e00000| Untracked 
|  69|0x0000000704f00000, 0x0000000704f00000, 0x0000000705000000|  0%| F|  |TAMS 0x0000000704f00000, 0x0000000704f00000| Untracked 
|  70|0x0000000705000000, 0x0000000705000000, 0x0000000705100000|  0%| F|  |TAMS 0x0000000705000000, 0x0000000705000000| Untracked 
|  71|0x0000000705100000, 0x0000000705100000, 0x0000000705200000|  0%| F|  |TAMS 0x0000000705100000, 0x0000000705100000| Untracked 
|  72|0x0000000705200000, 0x0000000705200000, 0x0000000705300000|  0%| F|  |TAMS 0x0000000705200000, 0x0000000705200000| Untracked 
|  73|0x0000000705300000, 0x0000000705300000, 0x0000000705400000|  0%| F|  |TAMS 0x0000000705300000, 0x0000000705300000| Untracked 
|  74|0x0000000705400000, 0x0000000705400000, 0x0000000705500000|  0%| F|  |TAMS 0x0000000705400000, 0x0000000705400000| Untracked 
|  75|0x0000000705500000, 0x0000000705500000, 0x0000000705600000|  0%| F|  |TAMS 0x0000000705500000, 0x0000000705500000| Untracked 
|  76|0x0000000705600000, 0x0000000705600000, 0x0000000705700000|  0%| F|  |TAMS 0x0000000705600000, 0x0000000705600000| Untracked 
|  77|0x0000000705700000, 0x0000000705700000, 0x0000000705800000|  0%| F|  |TAMS 0x0000000705700000, 0x0000000705700000| Untracked 
|  78|0x0000000705800000, 0x0000000705800000, 0x0000000705900000|  0%| F|  |TAMS 0x0000000705800000, 0x0000000705800000| Untracked 
|  79|0x0000000705900000, 0x0000000705900000, 0x0000000705a00000|  0%| F|  |TAMS 0x0000000705900000, 0x0000000705900000| Untracked 
|  80|0x0000000705a00000, 0x0000000705a00000, 0x0000000705b00000|  0%| F|  |TAMS 0x0000000705a00000, 0x0000000705a00000| Untracked 
|  81|0x0000000705b00000, 0x0000000705b00000, 0x0000000705c00000|  0%| F|  |TAMS 0x0000000705b00000, 0x0000000705b00000| Untracked 
|  82|0x0000000705c00000, 0x0000000705c00000, 0x0000000705d00000|  0%| F|  |TAMS 0x0000000705c00000, 0x0000000705c00000| Untracked 
|  83|0x0000000705d00000, 0x0000000705d00000, 0x0000000705e00000|  0%| F|  |TAMS 0x0000000705d00000, 0x0000000705d00000| Untracked 
|  84|0x0000000705e00000, 0x0000000705e00000, 0x0000000705f00000|  0%| F|  |TAMS 0x0000000705e00000, 0x0000000705e00000| Untracked 
|  85|0x0000000705f00000, 0x0000000705f00000, 0x0000000706000000|  0%| F|  |TAMS 0x0000000705f00000, 0x0000000705f00000| Untracked 
|  86|0x0000000706000000, 0x0000000706000000, 0x0000000706100000|  0%| F|  |TAMS 0x0000000706000000, 0x0000000706000000| Untracked 
|  87|0x0000000706100000, 0x0000000706100000, 0x0000000706200000|  0%| F|  |TAMS 0x0000000706100000, 0x0000000706100000| Untracked 
|  88|0x0000000706200000, 0x0000000706200000, 0x0000000706300000|  0%| F|  |TAMS 0x0000000706200000, 0x0000000706200000| Untracked 
|  89|0x0000000706300000, 0x0000000706300000, 0x0000000706400000|  0%| F|  |TAMS 0x0000000706300000, 0x0000000706300000| Untracked 
|  90|0x0000000706400000, 0x0000000706400000, 0x0000000706500000|  0%| F|  |TAMS 0x0000000706400000, 0x0000000706400000| Untracked 
|  91|0x0000000706500000, 0x0000000706500000, 0x0000000706600000|  0%| F|  |TAMS 0x0000000706500000, 0x0000000706500000| Untracked 
|  92|0x0000000706600000, 0x0000000706600000, 0x0000000706700000|  0%| F|  |TAMS 0x0000000706600000, 0x0000000706600000| Untracked 
|  93|0x0000000706700000, 0x0000000706700000, 0x0000000706800000|  0%| F|  |TAMS 0x0000000706700000, 0x0000000706700000| Untracked 
|  94|0x0000000706800000, 0x0000000706800000, 0x0000000706900000|  0%| F|  |TAMS 0x0000000706800000, 0x0000000706800000| Untracked 
|  95|0x0000000706900000, 0x0000000706900000, 0x0000000706a00000|  0%| F|  |TAMS 0x0000000706900000, 0x0000000706900000| Untracked 
|  96|0x0000000706a00000, 0x0000000706a00000, 0x0000000706b00000|  0%| F|  |TAMS 0x0000000706a00000, 0x0000000706a00000| Untracked 
|  97|0x0000000706b00000, 0x0000000706b00000, 0x0000000706c00000|  0%| F|  |TAMS 0x0000000706b00000, 0x0000000706b00000| Untracked 
|  98|0x0000000706c00000, 0x0000000706c00000, 0x0000000706d00000|  0%| F|  |TAMS 0x0000000706c00000, 0x0000000706c00000| Untracked 
|  99|0x0000000706d00000, 0x0000000706d00000, 0x0000000706e00000|  0%| F|  |TAMS 0x0000000706d00000, 0x0000000706d00000| Untracked 
| 100|0x0000000706e00000, 0x0000000706e00000, 0x0000000706f00000|  0%| F|  |TAMS 0x0000000706e00000, 0x0000000706e00000| Untracked 
| 101|0x0000000706f00000, 0x0000000706f00000, 0x0000000707000000|  0%| F|  |TAMS 0x0000000706f00000, 0x0000000706f00000| Untracked 
| 102|0x0000000707000000, 0x0000000707000000, 0x0000000707100000|  0%| F|  |TAMS 0x0000000707000000, 0x0000000707000000| Untracked 
| 103|0x0000000707100000, 0x0000000707100000, 0x0000000707200000|  0%| F|  |TAMS 0x0000000707100000, 0x0000000707100000| Untracked 
| 104|0x0000000707200000, 0x0000000707200000, 0x0000000707300000|  0%| F|  |TAMS 0x0000000707200000, 0x0000000707200000| Untracked 
| 105|0x0000000707300000, 0x0000000707300000, 0x0000000707400000|  0%| F|  |TAMS 0x0000000707300000, 0x0000000707300000| Untracked 
| 106|0x0000000707400000, 0x0000000707400000, 0x0000000707500000|  0%| F|  |TAMS 0x0000000707400000, 0x0000000707400000| Untracked 
| 107|0x0000000707500000, 0x0000000707500000, 0x0000000707600000|  0%| F|  |TAMS 0x0000000707500000, 0x0000000707500000| Untracked 
| 108|0x0000000707600000, 0x0000000707600000, 0x0000000707700000|  0%| F|  |TAMS 0x0000000707600000, 0x0000000707600000| Untracked 
| 109|0x0000000707700000, 0x0000000707700000, 0x0000000707800000|  0%| F|  |TAMS 0x0000000707700000, 0x0000000707700000| Untracked 
| 110|0x0000000707800000, 0x0000000707800000, 0x0000000707900000|  0%| F|  |TAMS 0x0000000707800000, 0x0000000707800000| Untracked 
| 111|0x0000000707900000, 0x0000000707900000, 0x0000000707a00000|  0%| F|  |TAMS 0x0000000707900000, 0x0000000707900000| Untracked 
| 112|0x0000000707a00000, 0x0000000707a00000, 0x0000000707b00000|  0%| F|  |TAMS 0x0000000707a00000, 0x0000000707a00000| Untracked 
| 113|0x0000000707b00000, 0x0000000707b00000, 0x0000000707c00000|  0%| F|  |TAMS 0x0000000707b00000, 0x0000000707b00000| Untracked 
| 114|0x0000000707c00000, 0x0000000707c00000, 0x0000000707d00000|  0%| F|  |TAMS 0x0000000707c00000, 0x0000000707c00000| Untracked 
| 115|0x0000000707d00000, 0x0000000707d00000, 0x0000000707e00000|  0%| F|  |TAMS 0x0000000707d00000, 0x0000000707d00000| Untracked 
| 116|0x0000000707e00000, 0x0000000707e00000, 0x0000000707f00000|  0%| F|  |TAMS 0x0000000707e00000, 0x0000000707e00000| Untracked 
| 117|0x0000000707f00000, 0x0000000707f00000, 0x0000000708000000|  0%| F|  |TAMS 0x0000000707f00000, 0x0000000707f00000| Untracked 
| 118|0x0000000708000000, 0x0000000708000000, 0x0000000708100000|  0%| F|  |TAMS 0x0000000708000000, 0x0000000708000000| Untracked 
| 119|0x0000000708100000, 0x0000000708100000, 0x0000000708200000|  0%| F|  |TAMS 0x0000000708100000, 0x0000000708100000| Untracked 
| 120|0x0000000708200000, 0x0000000708200000, 0x0000000708300000|  0%| F|  |TAMS 0x0000000708200000, 0x0000000708200000| Untracked 
| 121|0x0000000708300000, 0x0000000708300000, 0x0000000708400000|  0%| F|  |TAMS 0x0000000708300000, 0x0000000708300000| Untracked 
| 122|0x0000000708400000, 0x0000000708400000, 0x0000000708500000|  0%| F|  |TAMS 0x0000000708400000, 0x0000000708400000| Untracked 
| 123|0x0000000708500000, 0x0000000708500000, 0x0000000708600000|  0%| F|  |TAMS 0x0000000708500000, 0x0000000708500000| Untracked 
| 124|0x0000000708600000, 0x0000000708600000, 0x0000000708700000|  0%| F|  |TAMS 0x0000000708600000, 0x0000000708600000| Untracked 
| 125|0x0000000708700000, 0x0000000708700000, 0x0000000708800000|  0%| F|  |TAMS 0x0000000708700000, 0x0000000708700000| Untracked 
| 126|0x0000000708800000, 0x0000000708800000, 0x0000000708900000|  0%| F|  |TAMS 0x0000000708800000, 0x0000000708800000| Untracked 
| 127|0x0000000708900000, 0x0000000708900000, 0x0000000708a00000|  0%| F|  |TAMS 0x0000000708900000, 0x0000000708900000| Untracked 
| 128|0x0000000708a00000, 0x0000000708a00000, 0x0000000708b00000|  0%| F|  |TAMS 0x0000000708a00000, 0x0000000708a00000| Untracked 
| 129|0x0000000708b00000, 0x0000000708b00000, 0x0000000708c00000|  0%| F|  |TAMS 0x0000000708b00000, 0x0000000708b00000| Untracked 
| 130|0x0000000708c00000, 0x0000000708c00000, 0x0000000708d00000|  0%| F|  |TAMS 0x0000000708c00000, 0x0000000708c00000| Untracked 
| 131|0x0000000708d00000, 0x0000000708d00000, 0x0000000708e00000|  0%| F|  |TAMS 0x0000000708d00000, 0x0000000708d00000| Untracked 
| 132|0x0000000708e00000, 0x0000000708e00000, 0x0000000708f00000|  0%| F|  |TAMS 0x0000000708e00000, 0x0000000708e00000| Untracked 
| 133|0x0000000708f00000, 0x0000000708f00000, 0x0000000709000000|  0%| F|  |TAMS 0x0000000708f00000, 0x0000000708f00000| Untracked 
| 134|0x0000000709000000, 0x0000000709000000, 0x0000000709100000|  0%| F|  |TAMS 0x0000000709000000, 0x0000000709000000| Untracked 
| 135|0x0000000709100000, 0x0000000709100000, 0x0000000709200000|  0%| F|  |TAMS 0x0000000709100000, 0x0000000709100000| Untracked 
| 136|0x0000000709200000, 0x0000000709200000, 0x0000000709300000|  0%| F|  |TAMS 0x0000000709200000, 0x0000000709200000| Untracked 
| 137|0x0000000709300000, 0x0000000709300000, 0x0000000709400000|  0%| F|  |TAMS 0x0000000709300000, 0x0000000709300000| Untracked 
| 138|0x0000000709400000, 0x0000000709400000, 0x0000000709500000|  0%| F|  |TAMS 0x0000000709400000, 0x0000000709400000| Untracked 
| 139|0x0000000709500000, 0x0000000709500000, 0x0000000709600000|  0%| F|  |TAMS 0x0000000709500000, 0x0000000709500000| Untracked 
| 140|0x0000000709600000, 0x0000000709600000, 0x0000000709700000|  0%| F|  |TAMS 0x0000000709600000, 0x0000000709600000| Untracked 
| 141|0x0000000709700000, 0x0000000709700000, 0x0000000709800000|  0%| F|  |TAMS 0x0000000709700000, 0x0000000709700000| Untracked 
| 142|0x0000000709800000, 0x0000000709800000, 0x0000000709900000|  0%| F|  |TAMS 0x0000000709800000, 0x0000000709800000| Untracked 
| 143|0x0000000709900000, 0x0000000709900000, 0x0000000709a00000|  0%| F|  |TAMS 0x0000000709900000, 0x0000000709900000| Untracked 
| 144|0x0000000709a00000, 0x0000000709a00000, 0x0000000709b00000|  0%| F|  |TAMS 0x0000000709a00000, 0x0000000709a00000| Untracked 
| 145|0x0000000709b00000, 0x0000000709b00000, 0x0000000709c00000|  0%| F|  |TAMS 0x0000000709b00000, 0x0000000709b00000| Untracked 
| 146|0x0000000709c00000, 0x0000000709c00000, 0x0000000709d00000|  0%| F|  |TAMS 0x0000000709c00000, 0x0000000709c00000| Untracked 
| 147|0x0000000709d00000, 0x0000000709d00000, 0x0000000709e00000|  0%| F|  |TAMS 0x0000000709d00000, 0x0000000709d00000| Untracked 
| 148|0x0000000709e00000, 0x0000000709e00000, 0x0000000709f00000|  0%| F|  |TAMS 0x0000000709e00000, 0x0000000709e00000| Untracked 
| 149|0x0000000709f00000, 0x0000000709f00000, 0x000000070a000000|  0%| F|  |TAMS 0x0000000709f00000, 0x0000000709f00000| Untracked 
| 150|0x000000070a000000, 0x000000070a000000, 0x000000070a100000|  0%| F|  |TAMS 0x000000070a000000, 0x000000070a000000| Untracked 
| 151|0x000000070a100000, 0x000000070a100000, 0x000000070a200000|  0%| F|  |TAMS 0x000000070a100000, 0x000000070a100000| Untracked 
| 152|0x000000070a200000, 0x000000070a200000, 0x000000070a300000|  0%| F|  |TAMS 0x000000070a200000, 0x000000070a200000| Untracked 
| 153|0x000000070a300000, 0x000000070a300000, 0x000000070a400000|  0%| F|  |TAMS 0x000000070a300000, 0x000000070a300000| Untracked 
| 154|0x000000070a400000, 0x000000070a400000, 0x000000070a500000|  0%| F|  |TAMS 0x000000070a400000, 0x000000070a400000| Untracked 
| 155|0x000000070a500000, 0x000000070a500000, 0x000000070a600000|  0%| F|  |TAMS 0x000000070a500000, 0x000000070a500000| Untracked 
| 156|0x000000070a600000, 0x000000070a600000, 0x000000070a700000|  0%| F|  |TAMS 0x000000070a600000, 0x000000070a600000| Untracked 
| 157|0x000000070a700000, 0x000000070a700000, 0x000000070a800000|  0%| F|  |TAMS 0x000000070a700000, 0x000000070a700000| Untracked 
| 158|0x000000070a800000, 0x000000070a800000, 0x000000070a900000|  0%| F|  |TAMS 0x000000070a800000, 0x000000070a800000| Untracked 
| 159|0x000000070a900000, 0x000000070a900000, 0x000000070aa00000|  0%| F|  |TAMS 0x000000070a900000, 0x000000070a900000| Untracked 
| 160|0x000000070aa00000, 0x000000070aa00000, 0x000000070ab00000|  0%| F|  |TAMS 0x000000070aa00000, 0x000000070aa00000| Untracked 
| 161|0x000000070ab00000, 0x000000070ab00000, 0x000000070ac00000|  0%| F|  |TAMS 0x000000070ab00000, 0x000000070ab00000| Untracked 
| 162|0x000000070ac00000, 0x000000070ac00000, 0x000000070ad00000|  0%| F|  |TAMS 0x000000070ac00000, 0x000000070ac00000| Untracked 
| 163|0x000000070ad00000, 0x000000070ad00000, 0x000000070ae00000|  0%| F|  |TAMS 0x000000070ad00000, 0x000000070ad00000| Untracked 
| 164|0x000000070ae00000, 0x000000070ae00000, 0x000000070af00000|  0%| F|  |TAMS 0x000000070ae00000, 0x000000070ae00000| Untracked 
| 165|0x000000070af00000, 0x000000070af00000, 0x000000070b000000|  0%| F|  |TAMS 0x000000070af00000, 0x000000070af00000| Untracked 
| 166|0x000000070b000000, 0x000000070b000000, 0x000000070b100000|  0%| F|  |TAMS 0x000000070b000000, 0x000000070b000000| Untracked 
| 167|0x000000070b100000, 0x000000070b100000, 0x000000070b200000|  0%| F|  |TAMS 0x000000070b100000, 0x000000070b100000| Untracked 
| 168|0x000000070b200000, 0x000000070b200000, 0x000000070b300000|  0%| F|  |TAMS 0x000000070b200000, 0x000000070b200000| Untracked 
| 169|0x000000070b300000, 0x000000070b300000, 0x000000070b400000|  0%| F|  |TAMS 0x000000070b300000, 0x000000070b300000| Untracked 
| 170|0x000000070b400000, 0x000000070b400000, 0x000000070b500000|  0%| F|  |TAMS 0x000000070b400000, 0x000000070b400000| Untracked 
| 171|0x000000070b500000, 0x000000070b500000, 0x000000070b600000|  0%| F|  |TAMS 0x000000070b500000, 0x000000070b500000| Untracked 
| 172|0x000000070b600000, 0x000000070b600000, 0x000000070b700000|  0%| F|  |TAMS 0x000000070b600000, 0x000000070b600000| Untracked 
| 173|0x000000070b700000, 0x000000070b700000, 0x000000070b800000|  0%| F|  |TAMS 0x000000070b700000, 0x000000070b700000| Untracked 
| 174|0x000000070b800000, 0x000000070b800000, 0x000000070b900000|  0%| F|  |TAMS 0x000000070b800000, 0x000000070b800000| Untracked 
| 175|0x000000070b900000, 0x000000070b900000, 0x000000070ba00000|  0%| F|  |TAMS 0x000000070b900000, 0x000000070b900000| Untracked 
| 176|0x000000070ba00000, 0x000000070ba00000, 0x000000070bb00000|  0%| F|  |TAMS 0x000000070ba00000, 0x000000070ba00000| Untracked 
| 177|0x000000070bb00000, 0x000000070bb00000, 0x000000070bc00000|  0%| F|  |TAMS 0x000000070bb00000, 0x000000070bb00000| Untracked 
| 178|0x000000070bc00000, 0x000000070bc00000, 0x000000070bd00000|  0%| F|  |TAMS 0x000000070bc00000, 0x000000070bc00000| Untracked 
| 179|0x000000070bd00000, 0x000000070bd00000, 0x000000070be00000|  0%| F|  |TAMS 0x000000070bd00000, 0x000000070bd00000| Untracked 
| 180|0x000000070be00000, 0x000000070be00000, 0x000000070bf00000|  0%| F|  |TAMS 0x000000070be00000, 0x000000070be00000| Untracked 
| 181|0x000000070bf00000, 0x000000070bf00000, 0x000000070c000000|  0%| F|  |TAMS 0x000000070bf00000, 0x000000070bf00000| Untracked 
| 182|0x000000070c000000, 0x000000070c000000, 0x000000070c100000|  0%| F|  |TAMS 0x000000070c000000, 0x000000070c000000| Untracked 
| 183|0x000000070c100000, 0x000000070c100000, 0x000000070c200000|  0%| F|  |TAMS 0x000000070c100000, 0x000000070c100000| Untracked 
| 184|0x000000070c200000, 0x000000070c200000, 0x000000070c300000|  0%| F|  |TAMS 0x000000070c200000, 0x000000070c200000| Untracked 
| 185|0x000000070c300000, 0x000000070c300000, 0x000000070c400000|  0%| F|  |TAMS 0x000000070c300000, 0x000000070c300000| Untracked 
| 186|0x000000070c400000, 0x000000070c400000, 0x000000070c500000|  0%| F|  |TAMS 0x000000070c400000, 0x000000070c400000| Untracked 
| 187|0x000000070c500000, 0x000000070c500000, 0x000000070c600000|  0%| F|  |TAMS 0x000000070c500000, 0x000000070c500000| Untracked 
| 188|0x000000070c600000, 0x000000070c600000, 0x000000070c700000|  0%| F|  |TAMS 0x000000070c600000, 0x000000070c600000| Untracked 
| 189|0x000000070c700000, 0x000000070c700000, 0x000000070c800000|  0%| F|  |TAMS 0x000000070c700000, 0x000000070c700000| Untracked 
| 190|0x000000070c800000, 0x000000070c800000, 0x000000070c900000|  0%| F|  |TAMS 0x000000070c800000, 0x000000070c800000| Untracked 
| 191|0x000000070c900000, 0x000000070c900000, 0x000000070ca00000|  0%| F|  |TAMS 0x000000070c900000, 0x000000070c900000| Untracked 
| 192|0x000000070ca00000, 0x000000070ca00000, 0x000000070cb00000|  0%| F|  |TAMS 0x000000070ca00000, 0x000000070ca00000| Untracked 
| 193|0x000000070cb00000, 0x000000070cb00000, 0x000000070cc00000|  0%| F|  |TAMS 0x000000070cb00000, 0x000000070cb00000| Untracked 
| 194|0x000000070cc00000, 0x000000070cc00000, 0x000000070cd00000|  0%| F|  |TAMS 0x000000070cc00000, 0x000000070cc00000| Untracked 
| 195|0x000000070cd00000, 0x000000070cd00000, 0x000000070ce00000|  0%| F|  |TAMS 0x000000070cd00000, 0x000000070cd00000| Untracked 
| 196|0x000000070ce00000, 0x000000070ce00000, 0x000000070cf00000|  0%| F|  |TAMS 0x000000070ce00000, 0x000000070ce00000| Untracked 
| 197|0x000000070cf00000, 0x000000070cf00000, 0x000000070d000000|  0%| F|  |TAMS 0x000000070cf00000, 0x000000070cf00000| Untracked 
| 198|0x000000070d000000, 0x000000070d000000, 0x000000070d100000|  0%| F|  |TAMS 0x000000070d000000, 0x000000070d000000| Untracked 
| 199|0x000000070d100000, 0x000000070d100000, 0x000000070d200000|  0%| F|  |TAMS 0x000000070d100000, 0x000000070d100000| Untracked 
| 200|0x000000070d200000, 0x000000070d200000, 0x000000070d300000|  0%| F|  |TAMS 0x000000070d200000, 0x000000070d200000| Untracked 
| 201|0x000000070d300000, 0x000000070d300000, 0x000000070d400000|  0%| F|  |TAMS 0x000000070d300000, 0x000000070d300000| Untracked 
| 202|0x000000070d400000, 0x000000070d400000, 0x000000070d500000|  0%| F|  |TAMS 0x000000070d400000, 0x000000070d400000| Untracked 
| 203|0x000000070d500000, 0x000000070d500000, 0x000000070d600000|  0%| F|  |TAMS 0x000000070d500000, 0x000000070d500000| Untracked 
| 204|0x000000070d600000, 0x000000070d600000, 0x000000070d700000|  0%| F|  |TAMS 0x000000070d600000, 0x000000070d600000| Untracked 
| 205|0x000000070d700000, 0x000000070d700000, 0x000000070d800000|  0%| F|  |TAMS 0x000000070d700000, 0x000000070d700000| Untracked 
| 206|0x000000070d800000, 0x000000070d800000, 0x000000070d900000|  0%| F|  |TAMS 0x000000070d800000, 0x000000070d800000| Untracked 
| 207|0x000000070d900000, 0x000000070d900000, 0x000000070da00000|  0%| F|  |TAMS 0x000000070d900000, 0x000000070d900000| Untracked 
| 208|0x000000070da00000, 0x000000070da00000, 0x000000070db00000|  0%| F|  |TAMS 0x000000070da00000, 0x000000070da00000| Untracked 
| 209|0x000000070db00000, 0x000000070db00000, 0x000000070dc00000|  0%| F|  |TAMS 0x000000070db00000, 0x000000070db00000| Untracked 
| 210|0x000000070dc00000, 0x000000070dc00000, 0x000000070dd00000|  0%| F|  |TAMS 0x000000070dc00000, 0x000000070dc00000| Untracked 
| 211|0x000000070dd00000, 0x000000070dd00000, 0x000000070de00000|  0%| F|  |TAMS 0x000000070dd00000, 0x000000070dd00000| Untracked 
| 212|0x000000070de00000, 0x000000070de00000, 0x000000070df00000|  0%| F|  |TAMS 0x000000070de00000, 0x000000070de00000| Untracked 
| 213|0x000000070df00000, 0x000000070df00000, 0x000000070e000000|  0%| F|  |TAMS 0x000000070df00000, 0x000000070df00000| Untracked 
| 214|0x000000070e000000, 0x000000070e000000, 0x000000070e100000|  0%| F|  |TAMS 0x000000070e000000, 0x000000070e000000| Untracked 
| 215|0x000000070e100000, 0x000000070e100000, 0x000000070e200000|  0%| F|  |TAMS 0x000000070e100000, 0x000000070e100000| Untracked 
| 216|0x000000070e200000, 0x000000070e200000, 0x000000070e300000|  0%| F|  |TAMS 0x000000070e200000, 0x000000070e200000| Untracked 
| 217|0x000000070e300000, 0x000000070e300000, 0x000000070e400000|  0%| F|  |TAMS 0x000000070e300000, 0x000000070e300000| Untracked 
| 218|0x000000070e400000, 0x000000070e400000, 0x000000070e500000|  0%| F|  |TAMS 0x000000070e400000, 0x000000070e400000| Untracked 
| 219|0x000000070e500000, 0x000000070e500000, 0x000000070e600000|  0%| F|  |TAMS 0x000000070e500000, 0x000000070e500000| Untracked 
| 220|0x000000070e600000, 0x000000070e600000, 0x000000070e700000|  0%| F|  |TAMS 0x000000070e600000, 0x000000070e600000| Untracked 
| 221|0x000000070e700000, 0x000000070e700000, 0x000000070e800000|  0%| F|  |TAMS 0x000000070e700000, 0x000000070e700000| Untracked 
| 222|0x000000070e800000, 0x000000070e800000, 0x000000070e900000|  0%| F|  |TAMS 0x000000070e800000, 0x000000070e800000| Untracked 
| 223|0x000000070e900000, 0x000000070e900000, 0x000000070ea00000|  0%| F|  |TAMS 0x000000070e900000, 0x000000070e900000| Untracked 
| 224|0x000000070ea00000, 0x000000070ea00000, 0x000000070eb00000|  0%| F|  |TAMS 0x000000070ea00000, 0x000000070ea00000| Untracked 
| 225|0x000000070eb00000, 0x000000070eb00000, 0x000000070ec00000|  0%| F|  |TAMS 0x000000070eb00000, 0x000000070eb00000| Untracked 
| 226|0x000000070ec00000, 0x000000070ec00000, 0x000000070ed00000|  0%| F|  |TAMS 0x000000070ec00000, 0x000000070ec00000| Untracked 
| 227|0x000000070ed00000, 0x000000070ed00000, 0x000000070ee00000|  0%| F|  |TAMS 0x000000070ed00000, 0x000000070ed00000| Untracked 
| 228|0x000000070ee00000, 0x000000070ee00000, 0x000000070ef00000|  0%| F|  |TAMS 0x000000070ee00000, 0x000000070ee00000| Untracked 
| 229|0x000000070ef00000, 0x000000070ef00000, 0x000000070f000000|  0%| F|  |TAMS 0x000000070ef00000, 0x000000070ef00000| Untracked 
| 230|0x000000070f000000, 0x000000070f000000, 0x000000070f100000|  0%| F|  |TAMS 0x000000070f000000, 0x000000070f000000| Untracked 
| 231|0x000000070f100000, 0x000000070f100000, 0x000000070f200000|  0%| F|  |TAMS 0x000000070f100000, 0x000000070f100000| Untracked 
| 232|0x000000070f200000, 0x000000070f200000, 0x000000070f300000|  0%| F|  |TAMS 0x000000070f200000, 0x000000070f200000| Untracked 
| 233|0x000000070f300000, 0x000000070f300000, 0x000000070f400000|  0%| F|  |TAMS 0x000000070f300000, 0x000000070f300000| Untracked 
| 234|0x000000070f400000, 0x000000070f400000, 0x000000070f500000|  0%| F|  |TAMS 0x000000070f400000, 0x000000070f400000| Untracked 
| 235|0x000000070f500000, 0x000000070f500000, 0x000000070f600000|  0%| F|  |TAMS 0x000000070f500000, 0x000000070f500000| Untracked 
| 236|0x000000070f600000, 0x000000070f600000, 0x000000070f700000|  0%| F|  |TAMS 0x000000070f600000, 0x000000070f600000| Untracked 
| 237|0x000000070f700000, 0x000000070f700000, 0x000000070f800000|  0%| F|  |TAMS 0x000000070f700000, 0x000000070f700000| Untracked 
| 238|0x000000070f800000, 0x000000070f800000, 0x000000070f900000|  0%| F|  |TAMS 0x000000070f800000, 0x000000070f800000| Untracked 
| 239|0x000000070f900000, 0x000000070f900000, 0x000000070fa00000|  0%| F|  |TAMS 0x000000070f900000, 0x000000070f900000| Untracked 
| 240|0x000000070fa00000, 0x000000070fa00000, 0x000000070fb00000|  0%| F|  |TAMS 0x000000070fa00000, 0x000000070fa00000| Untracked 
| 241|0x000000070fb00000, 0x000000070fb00000, 0x000000070fc00000|  0%| F|  |TAMS 0x000000070fb00000, 0x000000070fb00000| Untracked 
| 242|0x000000070fc00000, 0x000000070fc482f8, 0x000000070fd00000| 28%| E|  |TAMS 0x000000070fc00000, 0x000000070fc00000| Complete 
| 243|0x000000070fd00000, 0x000000070fe00000, 0x000000070fe00000|100%| E|CS|TAMS 0x000000070fd00000, 0x000000070fd00000| Complete 
| 244|0x000000070fe00000, 0x000000070ff00000, 0x000000070ff00000|100%| E|CS|TAMS 0x000000070fe00000, 0x000000070fe00000| Complete 
| 245|0x000000070ff00000, 0x0000000710000000, 0x0000000710000000|100%| E|CS|TAMS 0x000000070ff00000, 0x000000070ff00000| Complete 
| 246|0x0000000710000000, 0x0000000710100000, 0x0000000710100000|100%| E|CS|TAMS 0x0000000710000000, 0x0000000710000000| Complete 
| 247|0x0000000710100000, 0x0000000710200000, 0x0000000710200000|100%| E|CS|TAMS 0x0000000710100000, 0x0000000710100000| Complete 
| 248|0x0000000710200000, 0x0000000710300000, 0x0000000710300000|100%| E|CS|TAMS 0x0000000710200000, 0x0000000710200000| Complete 
| 249|0x0000000710300000, 0x0000000710400000, 0x0000000710400000|100%| E|CS|TAMS 0x0000000710300000, 0x0000000710300000| Complete 
| 250|0x0000000710400000, 0x0000000710500000, 0x0000000710500000|100%| E|CS|TAMS 0x0000000710400000, 0x0000000710400000| Complete 
| 251|0x0000000710500000, 0x0000000710600000, 0x0000000710600000|100%| E|CS|TAMS 0x0000000710500000, 0x0000000710500000| Complete 
| 252|0x0000000710600000, 0x0000000710700000, 0x0000000710700000|100%| E|CS|TAMS 0x0000000710600000, 0x0000000710600000| Complete 
| 253|0x0000000710700000, 0x0000000710800000, 0x0000000710800000|100%| E|CS|TAMS 0x0000000710700000, 0x0000000710700000| Complete 
| 254|0x0000000710800000, 0x0000000710900000, 0x0000000710900000|100%| E|CS|TAMS 0x0000000710800000, 0x0000000710800000| Complete 
| 255|0x0000000710900000, 0x0000000710a00000, 0x0000000710a00000|100%| E|CS|TAMS 0x0000000710900000, 0x0000000710900000| Complete 

Card table byte_map: [0x00000231fd730000,0x00000231fdf30000] _byte_map_base: 0x00000231f9f2b000

Marking Bits (Prev, Next): (CMBitMap*) 0x00000231e5a9b868, (CMBitMap*) 0x00000231e5a9b8a8
 Prev Bits: [0x0000023180000000, 0x0000023183fd8000)
 Next Bits: [0x0000023183fe0000, 0x0000023187fb8000)

Polling page: 0x00000231e39a0000

Metaspace:

Usage:
  Non-class:      6.22 MB capacity,     6.13 MB ( 99%) used,    75.02 KB (  1%) free+waste,    18.63 KB ( <1%) overhead. 
      Class:    902.00 KB capacity,   773.74 KB ( 86%) used,   115.51 KB ( 13%) free+waste,    12.75 KB (  1%) overhead. 
       Both:      7.10 MB capacity,     6.88 MB ( 97%) used,   190.52 KB (  3%) free+waste,    31.38 KB ( <1%) overhead. 

Virtual space:
  Non-class space:        8.00 MB reserved,       6.25 MB ( 78%) committed 
      Class space:        1.00 GB reserved,       1.00 MB ( <1%) committed 
             Both:        1.01 GB reserved,       7.25 MB ( <1%) committed 

Chunk freelists:
   Non-Class:  33.00 KB
       Class:  26.00 KB
        Both:  59.00 KB

MaxMetaspaceSize: 17179869184.00 GB
CompressedClassSpaceSize: 1.00 GB

CodeHeap 'non-profiled nmethods': size=120064Kb used=311Kb max_used=311Kb free=119752Kb
 bounds [0x00000231f59f0000, 0x00000231f5c60000, 0x00000231fcf30000]
CodeHeap 'profiled nmethods': size=120000Kb used=1875Kb max_used=1875Kb free=118124Kb
 bounds [0x00000231ee4c0000, 0x00000231ee730000, 0x00000231f59f0000]
CodeHeap 'non-nmethods': size=5696Kb used=1254Kb max_used=1270Kb free=4441Kb
 bounds [0x00000231edf30000, 0x00000231ee1a0000, 0x00000231ee4c0000]
 total_blobs=1953 nmethods=1025 adapters=441
 compilation: enabled
              stopped_count=0, restarted_count=0
 full_count=0

Compilation events (20 events):
Event: 3075.429 Thread 0x00000231fed66800 nmethod 1015 0x00000231ee68af10 code [0x00000231ee68b320, 0x00000231ee68db20]
Event: 3178.263 Thread 0x00000231ff5fa000 1016       4       sun.java2d.StateTrackableDelegate$1::isCurrent (17 bytes)
Event: 3178.264 Thread 0x00000231ff5fa000 nmethod 1016 0x00000231f5a3a190 code [0x00000231f5a3a320, 0x00000231f5a3a3d8]
Event: 3486.733 Thread 0x00000231fed66800 1017 % !   3       sun.java2d.d3d.D3DScreenUpdateManager::run @ 105 (267 bytes)
Event: 3486.737 Thread 0x00000231fed66800 nmethod 1017% 0x00000231ee68e990 code [0x00000231ee68eda0, 0x00000231ee691660]
Event: 5080.432 Thread 0x00000231ff5fa000 1018 % !   4       sun.java2d.d3d.D3DScreenUpdateManager::run @ 0 (267 bytes)
Event: 5080.456 Thread 0x00000231ff5fa000 nmethod 1018% 0x00000231f5a3a490 code [0x00000231f5a3a680, 0x00000231f5a3b558]
Event: 5131.853 Thread 0x00000231ff5fa000 1019 % !   4       sun.java2d.d3d.D3DScreenUpdateManager::run @ 105 (267 bytes)
Event: 5131.881 Thread 0x00000231ff5fa000 nmethod 1019% 0x00000231f5a3bc90 code [0x00000231f5a3be80, 0x00000231f5a3cfb8]
Event: 7380.139 Thread 0x00000231fed66800 1021       3       java.lang.ref.ReferenceQueue::reallyPoll (65 bytes)
Event: 7380.140 Thread 0x00000231fed66800 nmethod 1021 0x00000231ee692590 code [0x00000231ee692760, 0x00000231ee692d18]
Event: 16224.926 Thread 0x00000231fed66800 1022   !   3       java.lang.ref.ReferenceQueue::remove (125 bytes)
Event: 16224.928 Thread 0x00000231fed66800 nmethod 1022 0x00000231ee692e10 code [0x00000231ee693040, 0x00000231ee693940]
Event: 16344.927 Thread 0x00000231fed66800 1023   !   3       jdk.internal.ref.PhantomCleanable::isListEmpty (34 bytes)
Event: 16344.927 Thread 0x00000231fed66800 nmethod 1023 0x00000231ee693c90 code [0x00000231ee693e40, 0x00000231ee6941f8]
Event: 16344.928 Thread 0x00000231fed66800 1024       3       jdk.internal.misc.InnocuousThread::eraseThreadLocals (23 bytes)
Event: 16344.928 Thread 0x00000231fed66800 nmethod 1024 0x00000231ee694310 code [0x00000231ee6944c0, 0x00000231ee694738]
Event: 82785.428 Thread 0x00000231fed66800 1025       3       java.security.AccessController::doPrivileged (9 bytes)
Event: 82785.428 Thread 0x00000231fed66800 nmethod 1025 0x00000231ee694810 code [0x00000231ee6949e0, 0x00000231ee694d80]
Event: 82785.535 Thread 0x00000231fed66800 1027       3       java.lang.invoke.LambdaForm::normalize (322 bytes)

GC Heap History (0 events):
No events

Deoptimization events (20 events):
Event: 419.503 Thread 0x00000231ff734800 Uncommon trap: trap_request=0xffffffcc fr.pc=0x00000231f5a384c4 relative=0x0000000000000204
Event: 419.503 Thread 0x00000231ff734800 Uncommon trap: reason=intrinsic_or_type_checked_inlining action=make_not_entrant pc=0x00000231f5a384c4 method=java.util.Arrays.copyOf([Ljava/lang/Object;ILjava/lang/Class;)[Ljava/lang/Object; @ 35 c2
Event: 419.503 Thread 0x00000231ff734800 DEOPT PACKING pc=0x00000231f5a384c4 sp=0x000000abff32ef40
Event: 419.503 Thread 0x00000231ff734800 DEOPT UNPACKING pc=0x00000231edf7912f sp=0x000000abff32eed0 mode 2
Event: 523.947 Thread 0x00000231ff734800 Uncommon trap: trap_request=0xffffffdc fr.pc=0x00000231f5a39444 relative=0x00000000000001a4
Event: 523.947 Thread 0x00000231ff734800 Uncommon trap: reason=class_check action=make_not_entrant pc=0x00000231f5a39444 method=java.util.ArrayList.toArray([Ljava/lang/Object;)[Ljava/lang/Object; @ 21 c2
Event: 523.947 Thread 0x00000231ff734800 DEOPT PACKING pc=0x00000231f5a39444 sp=0x000000abff32efa0
Event: 523.947 Thread 0x00000231ff734800 DEOPT UNPACKING pc=0x00000231edf7912f sp=0x000000abff32ef60 mode 2
Event: 3435.320 Thread 0x00000231ff734800 DEOPT PACKING pc=0x00000231ee689d8d sp=0x000000abff32ef80
Event: 3435.320 Thread 0x00000231ff734800 DEOPT UNPACKING pc=0x00000231edf7964e sp=0x000000abff32e4f0 mode 0
Event: 3846.663 Thread 0x00000231ff734800 DEOPT PACKING pc=0x00000231ee691371 sp=0x000000abff32ef70
Event: 3846.663 Thread 0x00000231ff734800 DEOPT UNPACKING pc=0x00000231edf7964e sp=0x000000abff32e4f0 mode 0
Event: 4257.866 Thread 0x00000231ff734800 DEOPT PACKING pc=0x00000231ee689d8d sp=0x000000abff32ef80
Event: 4257.866 Thread 0x00000231ff734800 DEOPT UNPACKING pc=0x00000231edf7964e sp=0x000000abff32e4f0 mode 0
Event: 4669.212 Thread 0x00000231ff734800 DEOPT PACKING pc=0x00000231ee691371 sp=0x000000abff32ef70
Event: 4669.212 Thread 0x00000231ff734800 DEOPT UNPACKING pc=0x00000231edf7964e sp=0x000000abff32e4f0 mode 0
Event: 5080.432 Thread 0x00000231ff734800 DEOPT PACKING pc=0x00000231ee689d8d sp=0x000000abff32ef80
Event: 5080.432 Thread 0x00000231ff734800 DEOPT UNPACKING pc=0x00000231edf7964e sp=0x000000abff32e4f0 mode 0
Event: 5491.811 Thread 0x00000231ff734800 DEOPT PACKING pc=0x00000231ee691371 sp=0x000000abff32ef70
Event: 5491.811 Thread 0x00000231ff734800 DEOPT UNPACKING pc=0x00000231edf7964e sp=0x000000abff32e4f0 mode 0

Classes unloaded (0 events):
No events

Classes redefined (0 events):
No events

Internal exceptions (14 events):
Event: 0.091 Thread 0x00000231e5a2e000 Exception <a 'java/lang/ClassNotFoundException'{0x0000000710811460}: sun/awt/resources/spi/awtProvider> (0x0000000710811460) 
thrown [t:/workspace/open/src/hotspot/share/classfile/systemDictionary.cpp, line 232]
Event: 0.120 Thread 0x00000231e5a2e000 Exception <a 'java/io/FileNotFoundException'{0x0000000710866888}> (0x0000000710866888) 
thrown [t:/workspace/open/src/hotspot/share/prims/jni.cpp, line 598]
Event: 0.128 Thread 0x00000231e5a2e000 Exception <a 'java/io/FileNotFoundException'{0x000000071088cf00}> (0x000000071088cf00) 
thrown [t:/workspace/open/src/hotspot/share/prims/jni.cpp, line 598]
Event: 0.139 Thread 0x00000231e5a2e000 Exception <a 'java/lang/NoSuchMethodError'{0x00000007108a5480}: 'int java.lang.invoke.DirectMethodHandle$Holder.invokeSpecialIFC(java.lang.Object, java.lang.Object, int)'> (0x00000007108a5480) 
thrown [t:/workspace/open/src/hotspot/share/interpreter/linkResolver.cpp, line 767]
Event: 2.641 Thread 0x00000231ff730800 Exception <a 'java/lang/NoSuchMethodError'{0x0000000710794b00}: 'void java.lang.invoke.DirectMethodHandle$Holder.invokeSpecial(java.lang.Object, java.lang.Object)'> (0x0000000710794b00) 
thrown [t:/workspace/open/src/hotspot/share/interpreter/linkResolver.cpp, line 767]
Event: 2.793 Thread 0x00000231e5a2e000 Exception <a 'java/lang/NoSuchMethodError'{0x000000071060a238}: 'java.lang.Object java.lang.invoke.DirectMethodHandle$Holder.invokeStatic(java.lang.Object, int, java.lang.Object, java.lang.Object, java.lang.Object, java.lang.Object)'> (0x000000071060a238) 
thrown [t:/workspace/open/src/hotspot/share/interpreter/linkResolver.cpp, line 767]
Event: 2.794 Thread 0x00000231e5a2e000 Exception <a 'java/lang/NoSuchMethodError'{0x0000000710610b98}: 'java.lang.Object java.lang.invoke.DirectMethodHandle$Holder.invokeStatic(java.lang.Object, int, java.lang.Object, java.lang.Object, java.lang.Object)'> (0x0000000710610b98) 
thrown [t:/workspace/open/src/hotspot/share/interpreter/linkResolver.cpp, line 767]
Event: 2.794 Thread 0x00000231e5a2e000 Exception <a 'java/lang/NoSuchMethodError'{0x0000000710614400}: 'java.lang.Object java.lang.invoke.DirectMethodHandle$Holder.invokeSpecial(java.lang.Object, java.lang.Object, int, java.lang.Object, java.lang.Object, java.lang.Object)'> (0x0000000710614400) 
thrown [t:/workspace/open/src/hotspot/share/interpreter/linkResolver.cpp, line 767]
Event: 2.797 Thread 0x00000231e5a2e000 Exception <a 'java/lang/NoSuchMethodError'{0x000000071062a728}: 'java.lang.Object java.lang.invoke.DirectMethodHandle$Holder.invokeStatic(java.lang.Object, int, java.lang.Object)'> (0x000000071062a728) 
thrown [t:/workspace/open/src/hotspot/share/interpreter/linkResolver.cpp, line 767]
Event: 2.818 Thread 0x00000231e5a2e000 Exception <a 'java/lang/ClassNotFoundException'{0x00000007106cdb10}: com/sun/swing/internal/plaf/metal/resources/spi/metalProvider> (0x00000007106cdb10) 
thrown [t:/workspace/open/src/hotspot/share/classfile/systemDictionary.cpp, line 232]
Event: 2.819 Thread 0x00000231e5a2e000 Exception <a 'java/lang/ClassNotFoundException'{0x00000007106d1d18}: com/sun/swing/internal/plaf/basic/resources/spi/basicProvider> (0x00000007106d1d18) 
thrown [t:/workspace/open/src/hotspot/share/classfile/systemDictionary.cpp, line 232]
Event: 2.850 Thread 0x00000231e5a2e000 Exception <a 'java/lang/NoSuchMethodError'{0x0000000710510158}: 'void java.lang.invoke.DirectMethodHandle$Holder.invokeStaticInit(java.lang.Object)'> (0x0000000710510158) 
thrown [t:/workspace/open/src/hotspot/share/interpreter/linkResolver.cpp, line 767]
Event: 2.876 Thread 0x00000231e5a2e000 Exception <a 'java/lang/NoSuchMethodError'{0x00000007105ad1e8}: 'java.lang.Object java.lang.invoke.Invokers$Holder.linkToTargetMethod(java.lang.Object, int, java.lang.Object)'> (0x00000007105ad1e8) 
thrown [t:/workspace/open/src/hotspot/share/interpreter/linkResolver.cpp, line 767]
Event: 82785.535 Thread 0x00000231ff734000 Exception <a 'java/lang/NoSuchMethodError'{0x000000071047ada0}: 'void java.lang.invoke.DirectMethodHandle$Holder.invokeVirtual(java.lang.Object, java.lang.Object)'> (0x000000071047ada0) 
thrown [t:/workspace/open/src/hotspot/share/interpreter/linkResolver.cpp, line 767]

Events (20 events):
Event: 10.703 Executing VM operation: RevokeBias
Event: 10.704 Executing VM operation: RevokeBias done
Event: 10.704 loading class java/awt/KeyboardFocusManager$2
Event: 10.704 loading class java/awt/KeyboardFocusManager$2 done
Event: 10.704 loading class sun/awt/SunToolkit$1
Event: 10.704 loading class sun/awt/SunToolkit$1 done
Event: 7200.130 Loaded shared library C:\Program Files\Java\jdk-13.0.1\bin\java.dll
Event: 7200.131 Loaded shared library C:\Program Files\Java\jdk-13.0.1\bin\java.dll
Event: 7200.132 Loaded shared library C:\Program Files\Java\jdk-13.0.1\bin\java.dll
Event: 7200.134 Loaded shared library C:\Program Files\Java\jdk-13.0.1\bin\java.dll
Event: 14547.446 loading class java/awt/desktop/SystemSleepListener
Event: 14547.446 loading class java/awt/desktop/SystemEventListener
Event: 14547.447 loading class java/awt/desktop/SystemEventListener done
Event: 14547.447 loading class java/awt/desktop/SystemSleepListener done
Event: 82785.469 Executing VM operation: RevokeBias
Event: 82785.469 Executing VM operation: RevokeBias done
Event: 82785.531 loading class java/util/WeakHashMap$KeyIterator
Event: 82785.532 loading class java/util/WeakHashMap$HashIterator
Event: 82785.532 loading class java/util/WeakHashMap$HashIterator done
Event: 82785.532 loading class java/util/WeakHashMap$KeyIterator done


Dynamic libraries:
0x00007ff6b4390000 - 0x00007ff6b439f000 	C:\Program Files\Java\jdk-13.0.1\bin\javaw.exe
0x00007ffaf2f60000 - 0x00007ffaf314d000 	C:\Windows\SYSTEM32\ntdll.dll
0x00007ffaf1be0000 - 0x00007ffaf1c93000 	C:\Windows\System32\KERNEL32.DLL
0x00007ffaef0d0000 - 0x00007ffaef363000 	C:\Windows\System32\KERNELBASE.dll
0x00007ffaefac0000 - 0x00007ffaefbba000 	C:\Windows\System32\ucrtbase.dll
0x00007ffadff10000 - 0x00007ffadff25000 	C:\Program Files\Java\jdk-13.0.1\bin\VCRUNTIME140.dll
0x00007ffadfef0000 - 0x00007ffadff08000 	C:\Program Files\Java\jdk-13.0.1\bin\jli.dll
0x00007ffaf2740000 - 0x00007ffaf27e3000 	C:\Windows\System32\ADVAPI32.dll
0x00007ffaf1b40000 - 0x00007ffaf1bde000 	C:\Windows\System32\msvcrt.dll
0x00007ffaf2690000 - 0x00007ffaf272e000 	C:\Windows\System32\sechost.dll
0x00007ffaf2da0000 - 0x00007ffaf2ec2000 	C:\Windows\System32\RPCRT4.dll
0x00007ffaf2130000 - 0x00007ffaf22c7000 	C:\Windows\System32\USER32.dll
0x00007ffaefd60000 - 0x00007ffaefd80000 	C:\Windows\System32\win32u.dll
0x00007ffaf03a0000 - 0x00007ffaf03c9000 	C:\Windows\System32\GDI32.dll
0x00007ffae40f0000 - 0x00007ffae4369000 	C:\Windows\WinSxS\amd64_microsoft.windows.common-controls_6595b64144ccf1df_6.0.17763.973_none_05b245900721eb81\COMCTL32.dll
0x00007ffaf1e00000 - 0x00007ffaf212c000 	C:\Windows\System32\combase.dll
0x00007ffaefbc0000 - 0x00007ffaefd59000 	C:\Windows\System32\gdi32full.dll
0x00007ffaf0100000 - 0x00007ffaf017e000 	C:\Windows\System32\bcryptPrimitives.dll
0x00007ffaf0010000 - 0x00007ffaf00b0000 	C:\Windows\System32\msvcp_win.dll
0x00007ffaea070000 - 0x00007ffaea07a000 	C:\Windows\SYSTEM32\VERSION.dll
0x00007ffaf1a30000 - 0x00007ffaf1a5e000 	C:\Windows\System32\IMM32.DLL
0x00007ffadc250000 - 0x00007ffadc2eb000 	C:\Program Files\Java\jdk-13.0.1\bin\msvcp140.dll
0x00007ffac82c0000 - 0x00007ffac8e26000 	C:\Program Files\Java\jdk-13.0.1\bin\server\jvm.dll
0x00007ffaf2730000 - 0x00007ffaf2738000 	C:\Windows\System32\PSAPI.DLL
0x00007ffaed1b0000 - 0x00007ffaed1d4000 	C:\Windows\SYSTEM32\WINMM.dll
0x00007ffaeb940000 - 0x00007ffaeb949000 	C:\Windows\SYSTEM32\WSOCK32.dll
0x00007ffaed180000 - 0x00007ffaed1ad000 	C:\Windows\SYSTEM32\WINMMBASE.dll
0x00007ffaf22e0000 - 0x00007ffaf234d000 	C:\Windows\System32\WS2_32.dll
0x00007ffaf00b0000 - 0x00007ffaf00fa000 	C:\Windows\System32\cfgmgr32.dll
0x00007ffaeefb0000 - 0x00007ffaeefc1000 	C:\Windows\System32\kernel.appcore.dll
0x00007ffaeb930000 - 0x00007ffaeb940000 	C:\Program Files\Java\jdk-13.0.1\bin\verify.dll
0x00007ffadd040000 - 0x00007ffadd22d000 	C:\Windows\SYSTEM32\DBGHELP.DLL
0x00007ffadc1f0000 - 0x00007ffadc21a000 	C:\Windows\SYSTEM32\dbgcore.DLL
0x00007ffae3370000 - 0x00007ffae3396000 	C:\Program Files\Java\jdk-13.0.1\bin\java.dll
0x00007ffaeaca0000 - 0x00007ffaeacb7000 	C:\Program Files\Java\jdk-13.0.1\bin\zip.dll
0x00007ffaeb900000 - 0x00007ffaeb90a000 	C:\Program Files\Java\jdk-13.0.1\bin\jimage.dll
0x00007ffaf0530000 - 0x00007ffaf1a24000 	C:\Windows\System32\SHELL32.dll
0x00007ffaf0180000 - 0x00007ffaf0228000 	C:\Windows\System32\shcore.dll
0x00007ffaef370000 - 0x00007ffaefabd000 	C:\Windows\System32\windows.storage.dll
0x00007ffaeeff0000 - 0x00007ffaef014000 	C:\Windows\System32\profapi.dll
0x00007ffaeef50000 - 0x00007ffaeefad000 	C:\Windows\System32\powrprof.dll
0x00007ffaf1cc0000 - 0x00007ffaf1d12000 	C:\Windows\System32\shlwapi.dll
0x00007ffaef080000 - 0x00007ffaef097000 	C:\Windows\System32\cryptsp.dll
0x00007ffad9530000 - 0x00007ffad96c9000 	C:\Program Files\Java\jdk-13.0.1\bin\awt.dll
0x00007ffaf1d20000 - 0x00007ffaf1de4000 	C:\Windows\System32\OLEAUT32.dll
0x00007ffaec0b0000 - 0x00007ffaec66e000 	C:\Windows\SYSTEM32\d2d1.dll
0x00007ffaed2b0000 - 0x00007ffaed33c000 	C:\Windows\SYSTEM32\apphelp.dll
0x00007ffaed870000 - 0x00007ffaed89e000 	C:\Windows\system32\DWMAPI.DLL
0x00007ffaefe30000 - 0x00007ffaf000c000 	C:\Windows\System32\CRYPT32.dll
0x00007ffaeefd0000 - 0x00007ffaeefe2000 	C:\Windows\System32\MSASN1.dll
0x00007ffaed540000 - 0x00007ffaed5dc000 	C:\Windows\system32\uxtheme.dll
0x00007ffad92e0000 - 0x00007ffad9407000 	C:\Windows\system32\opengl32.dll
0x00007ffadfda0000 - 0x00007ffadfdcc000 	C:\Windows\SYSTEM32\GLU32.dll
0x00007ffaf0230000 - 0x00007ffaf039c000 	C:\Windows\System32\MSCTF.dll
0x00007ffaf03d0000 - 0x00007ffaf0525000 	C:\Windows\System32\ole32.dll
0x00007ffae5530000 - 0x00007ffae56ce000 	C:\Windows\system32\d3d9.dll
0x00007ffaea0f0000 - 0x00007ffaea1df000 	C:\Windows\System32\DriverStore\FileRepository\nv_dispi.inf_amd64_d223212c0a2275b5\nvldumdx.dll
0x00007ffaef020000 - 0x00007ffaef079000 	C:\Windows\System32\WINTRUST.DLL
0x00007ffaf1ca0000 - 0x00007ffaf1cbd000 	C:\Windows\System32\imagehlp.dll
0x00007ffaee2e0000 - 0x00007ffaee313000 	C:\Windows\system32\rsaenh.dll
0x00007ffaef0a0000 - 0x00007ffaef0c6000 	C:\Windows\System32\bcrypt.dll
0x00007ffaee930000 - 0x00007ffaee93c000 	C:\Windows\SYSTEM32\CRYPTBASE.dll
0x00007ffab7520000 - 0x00007ffab8a25000 	C:\Windows\System32\DriverStore\FileRepository\nv_dispi.inf_amd64_d223212c0a2275b5\nvd3dumx.dll
0x00007ffaa9360000 - 0x00007ffaa9624000 	C:\Windows\system32\nvspcap64.dll
0x00007ffaedfc0000 - 0x00007ffaedff1000 	C:\Windows\SYSTEM32\ntmarta.dll
0x00007ffaeaa10000 - 0x00007ffaeaa3f000 	C:\Windows\SYSTEM32\cryptnet.dll
0x00007ffaedc00000 - 0x00007ffaedc22000 	C:\Windows\SYSTEM32\gpapi.dll
0x00007ffada010000 - 0x00007ffada092000 	C:\Program Files\Java\jdk-13.0.1\bin\freetype.dll
0x00007ffad8db0000 - 0x00007ffad8e56000 	C:\Program Files\Java\jdk-13.0.1\bin\fontmanager.dll
0x00007ffae2700000 - 0x00007ffae2719000 	C:\Program Files\Java\jdk-13.0.1\bin\net.dll
0x00007ffaea420000 - 0x00007ffaea512000 	C:\Windows\SYSTEM32\WINHTTP.dll
0x00007ffaee760000 - 0x00007ffaee7c7000 	C:\Windows\system32\mswsock.dll
0x00007ffae23c0000 - 0x00007ffae23d3000 	C:\Program Files\Java\jdk-13.0.1\bin\nio.dll
0x00007ffae1be0000 - 0x00007ffae1c75000 	C:\Windows\System32\TextInputFramework.dll
0x00007ffaecf70000 - 0x00007ffaed052000 	C:\Windows\System32\CoreMessaging.dll
0x00007ffaeafa0000 - 0x00007ffaeb2c2000 	C:\Windows\System32\CoreUIComponents.dll
0x00007ffaeae40000 - 0x00007ffaeaf93000 	C:\Windows\SYSTEM32\wintypes.dll

dbghelp: loaded successfully - version: 4.0.5 - missing functions: none
symbol engine: initialized successfully - sym options: 0x614 - pdb path: .;C:\Program Files\Java\jdk-13.0.1\bin;C:\Windows\SYSTEM32;C:\Windows\WinSxS\amd64_microsoft.windows.common-controls_6595b64144ccf1df_6.0.17763.973_none_05b245900721eb81;C:\Program Files\Java\jdk-13.0.1\bin\server;C:\Windows\System32\DriverStore\FileRepository\nv_dispi.inf_amd64_d223212c0a2275b5

VM Arguments:
jvm_args: -Dfile.encoding=Cp1252 
java_command: yuckyChocky
java_class_path (initial): D:\Comp 2005\Yucky Chocky\Yucky Chocky\bin
Launcher Type: SUN_STANDARD

[Global flags]
     intx CICompilerCount                          = 3                                         {product} {ergonomic}
     uint ConcGCThreads                            = 1                                         {product} {ergonomic}
     uint G1ConcRefinementThreads                  = 4                                         {product} {ergonomic}
   size_t G1HeapRegionSize                         = 1048576                                   {product} {ergonomic}
    uintx GCDrainStackTargetSize                   = 64                                        {product} {ergonomic}
   size_t InitialHeapSize                          = 268435456                                 {product} {ergonomic}
   size_t MarkStackSize                            = 4194304                                   {product} {ergonomic}
   size_t MaxHeapSize                              = 4284481536                                {product} {ergonomic}
   size_t MaxNewSize                               = 2570059776                                {product} {ergonomic}
   size_t MinHeapDeltaBytes                        = 1048576                                   {product} {ergonomic}
   size_t MinHeapSize                              = 8388608                                   {product} {ergonomic}
    uintx NonNMethodCodeHeapSize                   = 5830732                                {pd product} {ergonomic}
    uintx NonProfiledCodeHeapSize                  = 122913754                              {pd product} {ergonomic}
    uintx ProfiledCodeHeapSize                     = 122913754                              {pd product} {ergonomic}
    uintx ReservedCodeCacheSize                    = 251658240                              {pd product} {ergonomic}
     bool SegmentedCodeCache                       = true                                      {product} {ergonomic}
   size_t SoftMaxHeapSize                          = 4284481536                             {manageable} {ergonomic}
     bool UseCompressedClassPointers               = true                                 {lp64_product} {ergonomic}
     bool UseCompressedOops                        = true                                 {lp64_product} {ergonomic}
     bool UseG1GC                                  = true                                      {product} {ergonomic}
     bool UseLargePagesIndividualAllocation        = false                                  {pd product} {ergonomic}

Logging:
Log output configuration:
 #0: stdout all=warning uptime,level,tags
 #1: stderr all=off uptime,level,tags

Environment Variables:
PATH=C:/Program Files/Java/jdk-13.0.1/bin/server;C:/Program Files/Java/jdk-13.0.1/bin;C:\Program Files\Java\jdk-13.0.1\bin;C:\Windows;C:\Windows\System32\Wbem;C:\Windows\System32\WindowsPowerShell\v1.0\;C:\Windows\System32\OpenSSH\;C:\Program Files\NVIDIA Corporation\NVIDIA NvDLISR;C:\Program Files (x86)\NVIDIA Corporation\PhysX\Common;C:\Program Files\Java\jdk-13.0.1\bin;;D:\Microsoft VS Code\bin;C:\Users\Junaid\Desktop;
USERNAME=Junaid
OS=Windows_NT
PROCESSOR_IDENTIFIER=Intel64 Family 6 Model 58 Stepping 9, GenuineIntel



---------------  S Y S T E M  ---------------

OS: Windows 10 , 64 bit Build 17763 (10.0.17763.475)

CPU:total 4 (initial active 4) (4 cores per cpu, 1 threads per core) family 6 model 58 stepping 9, cmov, cx8, fxsr, mmx, sse, sse2, sse3, ssse3, sse4.1, sse4.2, popcnt, avx, aes, clmul, erms, tsc, tscinvbit, tscinv

Memory: 4k page, system-wide physical 16339M (8858M free)
TotalPageFile size 30646M (AvailPageFile size 251M)
current process WorkingSet (physical memory assigned to process): 52M, peak: 73M
current process commit charge ("private bytes"): 361M, peak: 367M

vm_info: Java HotSpot(TM) 64-Bit Server VM (13.0.1+9) for windows-amd64 JRE (13.0.1+9), built on Oct  6 2019 12:37:49 by "mach5one" with unknown MS VC++:1916

END.
