#
# There is insufficient memory for the Java Runtime Environment to continue.
# Native memory allocation (malloc) failed to allocate 32744 bytes for ChunkPool::allocate
# Possible reasons:
#   The system is out of physical RAM or swap space
#   The process is running with CompressedOops enabled, and the Java Heap may be blocking the growth of the native heap
# Possible solutions:
#   Reduce memory load on the system
#   Increase physical memory or swap space
#   Check if swap backing store is full
#   Decrease Java heap size (-Xmx/-Xms)
#   Decrease number of Java threads
#   Decrease Java thread stack sizes (-Xss)
#   Set larger code cache with -XX:ReservedCodeCacheSize=
#   JVM is running with Zero Based Compressed Oops mode in which the Java heap is
#     placed in the first 32GB address space. The Java Heap base address is the
#     maximum limit for the native heap growth. Please use -XX:HeapBaseMinAddress
#     to set the Java Heap base and to place the Java Heap above 32GB virtual address.
# This output file may be truncated or incomplete.
#
#  Out of Memory Error (t:/workspace/open/src/hotspot/share/memory/arena.cpp:80), pid=4976, tid=15804
#
# JRE version: Java(TM) SE Runtime Environment (13.0.1+9) (build 13.0.1+9)
# Java VM: Java HotSpot(TM) 64-Bit Server VM (13.0.1+9, mixed mode, sharing, tiered, compressed oops, g1 gc, windows-amd64)
# No core dump will be written. Minidumps are not enabled by default on client versions of Windows
#

---------------  S U M M A R Y ------------

Command Line: -Dfile.encoding=Cp1252 yuckyChocky

Host: Intel(R) Core(TM) i5-3330 CPU @ 3.00GHz, 4 cores, 15G,  Windows 10 , 64 bit Build 17763 (10.0.17763.475)
Time: Thu Jan 23 19:35:37 2020 Newfoundland Standard Time elapsed time: 7985 seconds (0d 2h 13m 5s)

---------------  T H R E A D  ---------------

Current thread (0x0000019b46832000):  JavaThread "C1 CompilerThread0" daemon [_thread_in_native, id=15804, stack(0x0000000752200000,0x0000000752300000)]


Current CompileTask:
C1:7985428  842       3      
[error occurred during error reporting (printing current compile task), id 0xe0000001, Out of Memory Error (t:/workspace/open/src/hotspot/share/memory/arena.cpp:80)]

Stack: [0x0000000752200000,0x0000000752300000]
Native frames: (J=compiled Java code, j=interpreted, Vv=VM code, C=native code)
V  [jvm.dll+0x626eca]
V  [jvm.dll+0x772c6a]
V  [jvm.dll+0x77441f]
V  [jvm.dll+0x774a23]
V  [jvm.dll+0x24da58]
V  [jvm.dll+0xc3d16]
V  [jvm.dll+0xc406c]
V  [jvm.dll+0x6f117f]
V  [jvm.dll+0x6f1269]
V  [jvm.dll+0x50a952]
V  [jvm.dll+0x5e0979]
V  [jvm.dll+0x219c3f]
V  [jvm.dll+0x21a1b7]
V  [jvm.dll+0x772b00]
V  [jvm.dll+0x77441f]
V  [jvm.dll+0x774a23]
V  [jvm.dll+0x24da58]
V  [jvm.dll+0xc3d16]
V  [jvm.dll+0xc406c]
V  [jvm.dll+0x18a0c1]
V  [jvm.dll+0x1365cc]
V  [jvm.dll+0x130118]
V  [jvm.dll+0x1401d7]
V  [jvm.dll+0x12b2f9]
V  [jvm.dll+0x12b670]
V  [jvm.dll+0x12b92f]
V  [jvm.dll+0x12abc7]
V  [jvm.dll+0x12cae7]
V  [jvm.dll+0x2159bd]
V  [jvm.dll+0x213e6b]
V  [jvm.dll+0x738b16]
V  [jvm.dll+0x731c0a]
V  [jvm.dll+0x6260c6]
C  [ucrtbase.dll+0x21ffa]
C  [KERNEL32.DLL+0x17974]
C  [ntdll.dll+0x6a271]


---------------  P R O C E S S  ---------------

Threads class SMR info:
_java_thread_list=0x0000019b471c49e0, length=15, elements={
0x0000019b45f83800, 0x0000019b45f87000, 0x0000019b45fa0000, 0x0000019b45fa2800,
0x0000019b45fa4000, 0x0000019b46832000, 0x0000019b4683b000, 0x0000019b46961800,
0x0000019b46960000, 0x0000019b46961000, 0x0000019b46962800, 0x0000019b4695d800,
0x0000019b46963800, 0x0000019b46964000, 0x0000019b4695e800
}

Java Threads: ( => current thread )
  0x0000019b45f83800 JavaThread "Reference Handler" daemon [_thread_blocked, id=14860, stack(0x0000000751d00000,0x0000000751e00000)]
  0x0000019b45f87000 JavaThread "Finalizer" daemon [_thread_blocked, id=11604, stack(0x0000000751e00000,0x0000000751f00000)]
  0x0000019b45fa0000 JavaThread "Signal Dispatcher" daemon [_thread_blocked, id=15588, stack(0x0000000751f00000,0x0000000752000000)]
  0x0000019b45fa2800 JavaThread "Attach Listener" daemon [_thread_blocked, id=12948, stack(0x0000000752000000,0x0000000752100000)]
  0x0000019b45fa4000 JavaThread "C2 CompilerThread0" daemon [_thread_blocked, id=17836, stack(0x0000000752100000,0x0000000752200000)]
=>0x0000019b46832000 JavaThread "C1 CompilerThread0" daemon [_thread_in_native, id=15804, stack(0x0000000752200000,0x0000000752300000)]
  0x0000019b4683b000 JavaThread "Sweeper thread" daemon [_thread_blocked, id=11664, stack(0x0000000752300000,0x0000000752400000)]
  0x0000019b46961800 JavaThread "Service Thread" daemon [_thread_blocked, id=16960, stack(0x0000000752400000,0x0000000752500000)]
  0x0000019b46960000 JavaThread "Common-Cleaner" daemon [_thread_blocked, id=15716, stack(0x0000000752600000,0x0000000752700000)]
  0x0000019b46961000 JavaThread "Java2D Disposer" daemon [_thread_blocked, id=17132, stack(0x0000000752700000,0x0000000752800000)]
  0x0000019b46962800 JavaThread "AWT-Shutdown" [_thread_blocked, id=16336, stack(0x0000000752800000,0x0000000752900000)]
  0x0000019b4695d800 JavaThread "AWT-Windows" daemon [_thread_in_native, id=15968, stack(0x0000000752900000,0x0000000752a00000)]
  0x0000019b46963800 JavaThread "AWT-EventQueue-0" [_thread_blocked, id=18384, stack(0x0000000752c00000,0x0000000752d00000)]
  0x0000019b46964000 JavaThread "D3D Screen Updater" daemon [_thread_blocked, id=13928, stack(0x0000000752d00000,0x0000000752e00000)]
  0x0000019b4695e800 JavaThread "DestroyJavaVM" [_thread_blocked, id=18212, stack(0x0000000751600000,0x0000000751700000)]

Other Threads:
  0x0000019b45f7f800 VMThread "VM Thread" [stack: 0x0000000751c00000,0x0000000751d00000] [id=15080]
  0x0000019b46967000 WatcherThread [stack: 0x0000000752500000,0x0000000752600000] [id=17300]
  0x0000019b20d04800 GCTaskThread "GC Thread#0" [stack: 0x0000000751700000,0x0000000751800000] [id=16876]
  0x0000019b20d27000 ConcurrentGCThread "G1 Main Marker" [stack: 0x0000000751800000,0x0000000751900000] [id=17424]
  0x0000019b20d29000 ConcurrentGCThread "G1 Conc#0" [stack: 0x0000000751900000,0x0000000751a00000] [id=17440]
  0x0000019b45e7a000 ConcurrentGCThread "G1 Refine#0" [stack: 0x0000000751a00000,0x0000000751b00000] [id=15120]
  0x0000019b45e7e000 ConcurrentGCThread "G1 Young RemSet Sampling" [stack: 0x0000000751b00000,0x0000000751c00000] [id=16660]

Threads with active compile tasks:
C1 CompilerThread0  7985456  842       3       java.lang.invoke.LambdaForm::normalize (322 bytes)

VM state:not at safepoint (normal execution)

VM Mutex/Monitor currently owned by a thread: None

Heap address: 0x00000004d5c00000, size: 4086 MB, Compressed Oops mode: Zero based, Oop shift amount: 3
Narrow klass base: 0x0000000800000000, Narrow klass shift: 3
Compressed class space size: 1073741824 Address: 0x0000000800b40000

Heap:
 garbage-first heap   total 262144K, used 7168K [0x00000004d5c00000, 0x00000005d5200000)
  region size 1024K, 8 young (8192K), 0 survivors (0K)
 Metaspace       used 6810K, capacity 7006K, committed 7168K, reserved 1056768K
  class space    used 774K, capacity 900K, committed 1024K, reserved 1048576K
Heap Regions: E=young(eden), S=young(survivor), O=old, HS=humongous(starts), HC=humongous(continues), CS=collection set, F=free, A=archive, TAMS=top-at-mark-start (previous, next)
|   0|0x00000004d5c00000, 0x00000004d5c00000, 0x00000004d5d00000|  0%| F|  |TAMS 0x00000004d5c00000, 0x00000004d5c00000| Untracked 
|   1|0x00000004d5d00000, 0x00000004d5d00000, 0x00000004d5e00000|  0%| F|  |TAMS 0x00000004d5d00000, 0x00000004d5d00000| Untracked 
|   2|0x00000004d5e00000, 0x00000004d5e00000, 0x00000004d5f00000|  0%| F|  |TAMS 0x00000004d5e00000, 0x00000004d5e00000| Untracked 
|   3|0x00000004d5f00000, 0x00000004d5f00000, 0x00000004d6000000|  0%| F|  |TAMS 0x00000004d5f00000, 0x00000004d5f00000| Untracked 
|   4|0x00000004d6000000, 0x00000004d6000000, 0x00000004d6100000|  0%| F|  |TAMS 0x00000004d6000000, 0x00000004d6000000| Untracked 
|   5|0x00000004d6100000, 0x00000004d6100000, 0x00000004d6200000|  0%| F|  |TAMS 0x00000004d6100000, 0x00000004d6100000| Untracked 
|   6|0x00000004d6200000, 0x00000004d6200000, 0x00000004d6300000|  0%| F|  |TAMS 0x00000004d6200000, 0x00000004d6200000| Untracked 
|   7|0x00000004d6300000, 0x00000004d6300000, 0x00000004d6400000|  0%| F|  |TAMS 0x00000004d6300000, 0x00000004d6300000| Untracked 
|   8|0x00000004d6400000, 0x00000004d6400000, 0x00000004d6500000|  0%| F|  |TAMS 0x00000004d6400000, 0x00000004d6400000| Untracked 
|   9|0x00000004d6500000, 0x00000004d6500000, 0x00000004d6600000|  0%| F|  |TAMS 0x00000004d6500000, 0x00000004d6500000| Untracked 
|  10|0x00000004d6600000, 0x00000004d6600000, 0x00000004d6700000|  0%| F|  |TAMS 0x00000004d6600000, 0x00000004d6600000| Untracked 
|  11|0x00000004d6700000, 0x00000004d6700000, 0x00000004d6800000|  0%| F|  |TAMS 0x00000004d6700000, 0x00000004d6700000| Untracked 
|  12|0x00000004d6800000, 0x00000004d6800000, 0x00000004d6900000|  0%| F|  |TAMS 0x00000004d6800000, 0x00000004d6800000| Untracked 
|  13|0x00000004d6900000, 0x00000004d6900000, 0x00000004d6a00000|  0%| F|  |TAMS 0x00000004d6900000, 0x00000004d6900000| Untracked 
|  14|0x00000004d6a00000, 0x00000004d6a00000, 0x00000004d6b00000|  0%| F|  |TAMS 0x00000004d6a00000, 0x00000004d6a00000| Untracked 
|  15|0x00000004d6b00000, 0x00000004d6b00000, 0x00000004d6c00000|  0%| F|  |TAMS 0x00000004d6b00000, 0x00000004d6b00000| Untracked 
|  16|0x00000004d6c00000, 0x00000004d6c00000, 0x00000004d6d00000|  0%| F|  |TAMS 0x00000004d6c00000, 0x00000004d6c00000| Untracked 
|  17|0x00000004d6d00000, 0x00000004d6d00000, 0x00000004d6e00000|  0%| F|  |TAMS 0x00000004d6d00000, 0x00000004d6d00000| Untracked 
|  18|0x00000004d6e00000, 0x00000004d6e00000, 0x00000004d6f00000|  0%| F|  |TAMS 0x00000004d6e00000, 0x00000004d6e00000| Untracked 
|  19|0x00000004d6f00000, 0x00000004d6f00000, 0x00000004d7000000|  0%| F|  |TAMS 0x00000004d6f00000, 0x00000004d6f00000| Untracked 
|  20|0x00000004d7000000, 0x00000004d7000000, 0x00000004d7100000|  0%| F|  |TAMS 0x00000004d7000000, 0x00000004d7000000| Untracked 
|  21|0x00000004d7100000, 0x00000004d7100000, 0x00000004d7200000|  0%| F|  |TAMS 0x00000004d7100000, 0x00000004d7100000| Untracked 
|  22|0x00000004d7200000, 0x00000004d7200000, 0x00000004d7300000|  0%| F|  |TAMS 0x00000004d7200000, 0x00000004d7200000| Untracked 
|  23|0x00000004d7300000, 0x00000004d7300000, 0x00000004d7400000|  0%| F|  |TAMS 0x00000004d7300000, 0x00000004d7300000| Untracked 
|  24|0x00000004d7400000, 0x00000004d7400000, 0x00000004d7500000|  0%| F|  |TAMS 0x00000004d7400000, 0x00000004d7400000| Untracked 
|  25|0x00000004d7500000, 0x00000004d7500000, 0x00000004d7600000|  0%| F|  |TAMS 0x00000004d7500000, 0x00000004d7500000| Untracked 
|  26|0x00000004d7600000, 0x00000004d7600000, 0x00000004d7700000|  0%| F|  |TAMS 0x00000004d7600000, 0x00000004d7600000| Untracked 
|  27|0x00000004d7700000, 0x00000004d7700000, 0x00000004d7800000|  0%| F|  |TAMS 0x00000004d7700000, 0x00000004d7700000| Untracked 
|  28|0x00000004d7800000, 0x00000004d7800000, 0x00000004d7900000|  0%| F|  |TAMS 0x00000004d7800000, 0x00000004d7800000| Untracked 
|  29|0x00000004d7900000, 0x00000004d7900000, 0x00000004d7a00000|  0%| F|  |TAMS 0x00000004d7900000, 0x00000004d7900000| Untracked 
|  30|0x00000004d7a00000, 0x00000004d7a00000, 0x00000004d7b00000|  0%| F|  |TAMS 0x00000004d7a00000, 0x00000004d7a00000| Untracked 
|  31|0x00000004d7b00000, 0x00000004d7b00000, 0x00000004d7c00000|  0%| F|  |TAMS 0x00000004d7b00000, 0x00000004d7b00000| Untracked 
|  32|0x00000004d7c00000, 0x00000004d7c00000, 0x00000004d7d00000|  0%| F|  |TAMS 0x00000004d7c00000, 0x00000004d7c00000| Untracked 
|  33|0x00000004d7d00000, 0x00000004d7d00000, 0x00000004d7e00000|  0%| F|  |TAMS 0x00000004d7d00000, 0x00000004d7d00000| Untracked 
|  34|0x00000004d7e00000, 0x00000004d7e00000, 0x00000004d7f00000|  0%| F|  |TAMS 0x00000004d7e00000, 0x00000004d7e00000| Untracked 
|  35|0x00000004d7f00000, 0x00000004d7f00000, 0x00000004d8000000|  0%| F|  |TAMS 0x00000004d7f00000, 0x00000004d7f00000| Untracked 
|  36|0x00000004d8000000, 0x00000004d8000000, 0x00000004d8100000|  0%| F|  |TAMS 0x00000004d8000000, 0x00000004d8000000| Untracked 
|  37|0x00000004d8100000, 0x00000004d8100000, 0x00000004d8200000|  0%| F|  |TAMS 0x00000004d8100000, 0x00000004d8100000| Untracked 
|  38|0x00000004d8200000, 0x00000004d8200000, 0x00000004d8300000|  0%| F|  |TAMS 0x00000004d8200000, 0x00000004d8200000| Untracked 
|  39|0x00000004d8300000, 0x00000004d8300000, 0x00000004d8400000|  0%| F|  |TAMS 0x00000004d8300000, 0x00000004d8300000| Untracked 
|  40|0x00000004d8400000, 0x00000004d8400000, 0x00000004d8500000|  0%| F|  |TAMS 0x00000004d8400000, 0x00000004d8400000| Untracked 
|  41|0x00000004d8500000, 0x00000004d8500000, 0x00000004d8600000|  0%| F|  |TAMS 0x00000004d8500000, 0x00000004d8500000| Untracked 
|  42|0x00000004d8600000, 0x00000004d8600000, 0x00000004d8700000|  0%| F|  |TAMS 0x00000004d8600000, 0x00000004d8600000| Untracked 
|  43|0x00000004d8700000, 0x00000004d8700000, 0x00000004d8800000|  0%| F|  |TAMS 0x00000004d8700000, 0x00000004d8700000| Untracked 
|  44|0x00000004d8800000, 0x00000004d8800000, 0x00000004d8900000|  0%| F|  |TAMS 0x00000004d8800000, 0x00000004d8800000| Untracked 
|  45|0x00000004d8900000, 0x00000004d8900000, 0x00000004d8a00000|  0%| F|  |TAMS 0x00000004d8900000, 0x00000004d8900000| Untracked 
|  46|0x00000004d8a00000, 0x00000004d8a00000, 0x00000004d8b00000|  0%| F|  |TAMS 0x00000004d8a00000, 0x00000004d8a00000| Untracked 
|  47|0x00000004d8b00000, 0x00000004d8b00000, 0x00000004d8c00000|  0%| F|  |TAMS 0x00000004d8b00000, 0x00000004d8b00000| Untracked 
|  48|0x00000004d8c00000, 0x00000004d8c00000, 0x00000004d8d00000|  0%| F|  |TAMS 0x00000004d8c00000, 0x00000004d8c00000| Untracked 
|  49|0x00000004d8d00000, 0x00000004d8d00000, 0x00000004d8e00000|  0%| F|  |TAMS 0x00000004d8d00000, 0x00000004d8d00000| Untracked 
|  50|0x00000004d8e00000, 0x00000004d8e00000, 0x00000004d8f00000|  0%| F|  |TAMS 0x00000004d8e00000, 0x00000004d8e00000| Untracked 
|  51|0x00000004d8f00000, 0x00000004d8f00000, 0x00000004d9000000|  0%| F|  |TAMS 0x00000004d8f00000, 0x00000004d8f00000| Untracked 
|  52|0x00000004d9000000, 0x00000004d9000000, 0x00000004d9100000|  0%| F|  |TAMS 0x00000004d9000000, 0x00000004d9000000| Untracked 
|  53|0x00000004d9100000, 0x00000004d9100000, 0x00000004d9200000|  0%| F|  |TAMS 0x00000004d9100000, 0x00000004d9100000| Untracked 
|  54|0x00000004d9200000, 0x00000004d9200000, 0x00000004d9300000|  0%| F|  |TAMS 0x00000004d9200000, 0x00000004d9200000| Untracked 
|  55|0x00000004d9300000, 0x00000004d9300000, 0x00000004d9400000|  0%| F|  |TAMS 0x00000004d9300000, 0x00000004d9300000| Untracked 
|  56|0x00000004d9400000, 0x00000004d9400000, 0x00000004d9500000|  0%| F|  |TAMS 0x00000004d9400000, 0x00000004d9400000| Untracked 
|  57|0x00000004d9500000, 0x00000004d9500000, 0x00000004d9600000|  0%| F|  |TAMS 0x00000004d9500000, 0x00000004d9500000| Untracked 
|  58|0x00000004d9600000, 0x00000004d9600000, 0x00000004d9700000|  0%| F|  |TAMS 0x00000004d9600000, 0x00000004d9600000| Untracked 
|  59|0x00000004d9700000, 0x00000004d9700000, 0x00000004d9800000|  0%| F|  |TAMS 0x00000004d9700000, 0x00000004d9700000| Untracked 
|  60|0x00000004d9800000, 0x00000004d9800000, 0x00000004d9900000|  0%| F|  |TAMS 0x00000004d9800000, 0x00000004d9800000| Untracked 
|  61|0x00000004d9900000, 0x00000004d9900000, 0x00000004d9a00000|  0%| F|  |TAMS 0x00000004d9900000, 0x00000004d9900000| Untracked 
|  62|0x00000004d9a00000, 0x00000004d9a00000, 0x00000004d9b00000|  0%| F|  |TAMS 0x00000004d9a00000, 0x00000004d9a00000| Untracked 
|  63|0x00000004d9b00000, 0x00000004d9b00000, 0x00000004d9c00000|  0%| F|  |TAMS 0x00000004d9b00000, 0x00000004d9b00000| Untracked 
|  64|0x00000004d9c00000, 0x00000004d9c00000, 0x00000004d9d00000|  0%| F|  |TAMS 0x00000004d9c00000, 0x00000004d9c00000| Untracked 
|  65|0x00000004d9d00000, 0x00000004d9d00000, 0x00000004d9e00000|  0%| F|  |TAMS 0x00000004d9d00000, 0x00000004d9d00000| Untracked 
|  66|0x00000004d9e00000, 0x00000004d9e00000, 0x00000004d9f00000|  0%| F|  |TAMS 0x00000004d9e00000, 0x00000004d9e00000| Untracked 
|  67|0x00000004d9f00000, 0x00000004d9f00000, 0x00000004da000000|  0%| F|  |TAMS 0x00000004d9f00000, 0x00000004d9f00000| Untracked 
|  68|0x00000004da000000, 0x00000004da000000, 0x00000004da100000|  0%| F|  |TAMS 0x00000004da000000, 0x00000004da000000| Untracked 
|  69|0x00000004da100000, 0x00000004da100000, 0x00000004da200000|  0%| F|  |TAMS 0x00000004da100000, 0x00000004da100000| Untracked 
|  70|0x00000004da200000, 0x00000004da200000, 0x00000004da300000|  0%| F|  |TAMS 0x00000004da200000, 0x00000004da200000| Untracked 
|  71|0x00000004da300000, 0x00000004da300000, 0x00000004da400000|  0%| F|  |TAMS 0x00000004da300000, 0x00000004da300000| Untracked 
|  72|0x00000004da400000, 0x00000004da400000, 0x00000004da500000|  0%| F|  |TAMS 0x00000004da400000, 0x00000004da400000| Untracked 
|  73|0x00000004da500000, 0x00000004da500000, 0x00000004da600000|  0%| F|  |TAMS 0x00000004da500000, 0x00000004da500000| Untracked 
|  74|0x00000004da600000, 0x00000004da600000, 0x00000004da700000|  0%| F|  |TAMS 0x00000004da600000, 0x00000004da600000| Untracked 
|  75|0x00000004da700000, 0x00000004da700000, 0x00000004da800000|  0%| F|  |TAMS 0x00000004da700000, 0x00000004da700000| Untracked 
|  76|0x00000004da800000, 0x00000004da800000, 0x00000004da900000|  0%| F|  |TAMS 0x00000004da800000, 0x00000004da800000| Untracked 
|  77|0x00000004da900000, 0x00000004da900000, 0x00000004daa00000|  0%| F|  |TAMS 0x00000004da900000, 0x00000004da900000| Untracked 
|  78|0x00000004daa00000, 0x00000004daa00000, 0x00000004dab00000|  0%| F|  |TAMS 0x00000004daa00000, 0x00000004daa00000| Untracked 
|  79|0x00000004dab00000, 0x00000004dab00000, 0x00000004dac00000|  0%| F|  |TAMS 0x00000004dab00000, 0x00000004dab00000| Untracked 
|  80|0x00000004dac00000, 0x00000004dac00000, 0x00000004dad00000|  0%| F|  |TAMS 0x00000004dac00000, 0x00000004dac00000| Untracked 
|  81|0x00000004dad00000, 0x00000004dad00000, 0x00000004dae00000|  0%| F|  |TAMS 0x00000004dad00000, 0x00000004dad00000| Untracked 
|  82|0x00000004dae00000, 0x00000004dae00000, 0x00000004daf00000|  0%| F|  |TAMS 0x00000004dae00000, 0x00000004dae00000| Untracked 
|  83|0x00000004daf00000, 0x00000004daf00000, 0x00000004db000000|  0%| F|  |TAMS 0x00000004daf00000, 0x00000004daf00000| Untracked 
|  84|0x00000004db000000, 0x00000004db000000, 0x00000004db100000|  0%| F|  |TAMS 0x00000004db000000, 0x00000004db000000| Untracked 
|  85|0x00000004db100000, 0x00000004db100000, 0x00000004db200000|  0%| F|  |TAMS 0x00000004db100000, 0x00000004db100000| Untracked 
|  86|0x00000004db200000, 0x00000004db200000, 0x00000004db300000|  0%| F|  |TAMS 0x00000004db200000, 0x00000004db200000| Untracked 
|  87|0x00000004db300000, 0x00000004db300000, 0x00000004db400000|  0%| F|  |TAMS 0x00000004db300000, 0x00000004db300000| Untracked 
|  88|0x00000004db400000, 0x00000004db400000, 0x00000004db500000|  0%| F|  |TAMS 0x00000004db400000, 0x00000004db400000| Untracked 
|  89|0x00000004db500000, 0x00000004db500000, 0x00000004db600000|  0%| F|  |TAMS 0x00000004db500000, 0x00000004db500000| Untracked 
|  90|0x00000004db600000, 0x00000004db600000, 0x00000004db700000|  0%| F|  |TAMS 0x00000004db600000, 0x00000004db600000| Untracked 
|  91|0x00000004db700000, 0x00000004db700000, 0x00000004db800000|  0%| F|  |TAMS 0x00000004db700000, 0x00000004db700000| Untracked 
|  92|0x00000004db800000, 0x00000004db800000, 0x00000004db900000|  0%| F|  |TAMS 0x00000004db800000, 0x00000004db800000| Untracked 
|  93|0x00000004db900000, 0x00000004db900000, 0x00000004dba00000|  0%| F|  |TAMS 0x00000004db900000, 0x00000004db900000| Untracked 
|  94|0x00000004dba00000, 0x00000004dba00000, 0x00000004dbb00000|  0%| F|  |TAMS 0x00000004dba00000, 0x00000004dba00000| Untracked 
|  95|0x00000004dbb00000, 0x00000004dbb00000, 0x00000004dbc00000|  0%| F|  |TAMS 0x00000004dbb00000, 0x00000004dbb00000| Untracked 
|  96|0x00000004dbc00000, 0x00000004dbc00000, 0x00000004dbd00000|  0%| F|  |TAMS 0x00000004dbc00000, 0x00000004dbc00000| Untracked 
|  97|0x00000004dbd00000, 0x00000004dbd00000, 0x00000004dbe00000|  0%| F|  |TAMS 0x00000004dbd00000, 0x00000004dbd00000| Untracked 
|  98|0x00000004dbe00000, 0x00000004dbe00000, 0x00000004dbf00000|  0%| F|  |TAMS 0x00000004dbe00000, 0x00000004dbe00000| Untracked 
|  99|0x00000004dbf00000, 0x00000004dbf00000, 0x00000004dc000000|  0%| F|  |TAMS 0x00000004dbf00000, 0x00000004dbf00000| Untracked 
| 100|0x00000004dc000000, 0x00000004dc000000, 0x00000004dc100000|  0%| F|  |TAMS 0x00000004dc000000, 0x00000004dc000000| Untracked 
| 101|0x00000004dc100000, 0x00000004dc100000, 0x00000004dc200000|  0%| F|  |TAMS 0x00000004dc100000, 0x00000004dc100000| Untracked 
| 102|0x00000004dc200000, 0x00000004dc200000, 0x00000004dc300000|  0%| F|  |TAMS 0x00000004dc200000, 0x00000004dc200000| Untracked 
| 103|0x00000004dc300000, 0x00000004dc300000, 0x00000004dc400000|  0%| F|  |TAMS 0x00000004dc300000, 0x00000004dc300000| Untracked 
| 104|0x00000004dc400000, 0x00000004dc400000, 0x00000004dc500000|  0%| F|  |TAMS 0x00000004dc400000, 0x00000004dc400000| Untracked 
| 105|0x00000004dc500000, 0x00000004dc500000, 0x00000004dc600000|  0%| F|  |TAMS 0x00000004dc500000, 0x00000004dc500000| Untracked 
| 106|0x00000004dc600000, 0x00000004dc600000, 0x00000004dc700000|  0%| F|  |TAMS 0x00000004dc600000, 0x00000004dc600000| Untracked 
| 107|0x00000004dc700000, 0x00000004dc700000, 0x00000004dc800000|  0%| F|  |TAMS 0x00000004dc700000, 0x00000004dc700000| Untracked 
| 108|0x00000004dc800000, 0x00000004dc800000, 0x00000004dc900000|  0%| F|  |TAMS 0x00000004dc800000, 0x00000004dc800000| Untracked 
| 109|0x00000004dc900000, 0x00000004dc900000, 0x00000004dca00000|  0%| F|  |TAMS 0x00000004dc900000, 0x00000004dc900000| Untracked 
| 110|0x00000004dca00000, 0x00000004dca00000, 0x00000004dcb00000|  0%| F|  |TAMS 0x00000004dca00000, 0x00000004dca00000| Untracked 
| 111|0x00000004dcb00000, 0x00000004dcb00000, 0x00000004dcc00000|  0%| F|  |TAMS 0x00000004dcb00000, 0x00000004dcb00000| Untracked 
| 112|0x00000004dcc00000, 0x00000004dcc00000, 0x00000004dcd00000|  0%| F|  |TAMS 0x00000004dcc00000, 0x00000004dcc00000| Untracked 
| 113|0x00000004dcd00000, 0x00000004dcd00000, 0x00000004dce00000|  0%| F|  |TAMS 0x00000004dcd00000, 0x00000004dcd00000| Untracked 
| 114|0x00000004dce00000, 0x00000004dce00000, 0x00000004dcf00000|  0%| F|  |TAMS 0x00000004dce00000, 0x00000004dce00000| Untracked 
| 115|0x00000004dcf00000, 0x00000004dcf00000, 0x00000004dd000000|  0%| F|  |TAMS 0x00000004dcf00000, 0x00000004dcf00000| Untracked 
| 116|0x00000004dd000000, 0x00000004dd000000, 0x00000004dd100000|  0%| F|  |TAMS 0x00000004dd000000, 0x00000004dd000000| Untracked 
| 117|0x00000004dd100000, 0x00000004dd100000, 0x00000004dd200000|  0%| F|  |TAMS 0x00000004dd100000, 0x00000004dd100000| Untracked 
| 118|0x00000004dd200000, 0x00000004dd200000, 0x00000004dd300000|  0%| F|  |TAMS 0x00000004dd200000, 0x00000004dd200000| Untracked 
| 119|0x00000004dd300000, 0x00000004dd300000, 0x00000004dd400000|  0%| F|  |TAMS 0x00000004dd300000, 0x00000004dd300000| Untracked 
| 120|0x00000004dd400000, 0x00000004dd400000, 0x00000004dd500000|  0%| F|  |TAMS 0x00000004dd400000, 0x00000004dd400000| Untracked 
| 121|0x00000004dd500000, 0x00000004dd500000, 0x00000004dd600000|  0%| F|  |TAMS 0x00000004dd500000, 0x00000004dd500000| Untracked 
| 122|0x00000004dd600000, 0x00000004dd600000, 0x00000004dd700000|  0%| F|  |TAMS 0x00000004dd600000, 0x00000004dd600000| Untracked 
| 123|0x00000004dd700000, 0x00000004dd700000, 0x00000004dd800000|  0%| F|  |TAMS 0x00000004dd700000, 0x00000004dd700000| Untracked 
| 124|0x00000004dd800000, 0x00000004dd800000, 0x00000004dd900000|  0%| F|  |TAMS 0x00000004dd800000, 0x00000004dd800000| Untracked 
| 125|0x00000004dd900000, 0x00000004dd900000, 0x00000004dda00000|  0%| F|  |TAMS 0x00000004dd900000, 0x00000004dd900000| Untracked 
| 126|0x00000004dda00000, 0x00000004dda00000, 0x00000004ddb00000|  0%| F|  |TAMS 0x00000004dda00000, 0x00000004dda00000| Untracked 
| 127|0x00000004ddb00000, 0x00000004ddb00000, 0x00000004ddc00000|  0%| F|  |TAMS 0x00000004ddb00000, 0x00000004ddb00000| Untracked 
| 128|0x00000004ddc00000, 0x00000004ddc00000, 0x00000004ddd00000|  0%| F|  |TAMS 0x00000004ddc00000, 0x00000004ddc00000| Untracked 
| 129|0x00000004ddd00000, 0x00000004ddd00000, 0x00000004dde00000|  0%| F|  |TAMS 0x00000004ddd00000, 0x00000004ddd00000| Untracked 
| 130|0x00000004dde00000, 0x00000004dde00000, 0x00000004ddf00000|  0%| F|  |TAMS 0x00000004dde00000, 0x00000004dde00000| Untracked 
| 131|0x00000004ddf00000, 0x00000004ddf00000, 0x00000004de000000|  0%| F|  |TAMS 0x00000004ddf00000, 0x00000004ddf00000| Untracked 
| 132|0x00000004de000000, 0x00000004de000000, 0x00000004de100000|  0%| F|  |TAMS 0x00000004de000000, 0x00000004de000000| Untracked 
| 133|0x00000004de100000, 0x00000004de100000, 0x00000004de200000|  0%| F|  |TAMS 0x00000004de100000, 0x00000004de100000| Untracked 
| 134|0x00000004de200000, 0x00000004de200000, 0x00000004de300000|  0%| F|  |TAMS 0x00000004de200000, 0x00000004de200000| Untracked 
| 135|0x00000004de300000, 0x00000004de300000, 0x00000004de400000|  0%| F|  |TAMS 0x00000004de300000, 0x00000004de300000| Untracked 
| 136|0x00000004de400000, 0x00000004de400000, 0x00000004de500000|  0%| F|  |TAMS 0x00000004de400000, 0x00000004de400000| Untracked 
| 137|0x00000004de500000, 0x00000004de500000, 0x00000004de600000|  0%| F|  |TAMS 0x00000004de500000, 0x00000004de500000| Untracked 
| 138|0x00000004de600000, 0x00000004de600000, 0x00000004de700000|  0%| F|  |TAMS 0x00000004de600000, 0x00000004de600000| Untracked 
| 139|0x00000004de700000, 0x00000004de700000, 0x00000004de800000|  0%| F|  |TAMS 0x00000004de700000, 0x00000004de700000| Untracked 
| 140|0x00000004de800000, 0x00000004de800000, 0x00000004de900000|  0%| F|  |TAMS 0x00000004de800000, 0x00000004de800000| Untracked 
| 141|0x00000004de900000, 0x00000004de900000, 0x00000004dea00000|  0%| F|  |TAMS 0x00000004de900000, 0x00000004de900000| Untracked 
| 142|0x00000004dea00000, 0x00000004dea00000, 0x00000004deb00000|  0%| F|  |TAMS 0x00000004dea00000, 0x00000004dea00000| Untracked 
| 143|0x00000004deb00000, 0x00000004deb00000, 0x00000004dec00000|  0%| F|  |TAMS 0x00000004deb00000, 0x00000004deb00000| Untracked 
| 144|0x00000004dec00000, 0x00000004dec00000, 0x00000004ded00000|  0%| F|  |TAMS 0x00000004dec00000, 0x00000004dec00000| Untracked 
| 145|0x00000004ded00000, 0x00000004ded00000, 0x00000004dee00000|  0%| F|  |TAMS 0x00000004ded00000, 0x00000004ded00000| Untracked 
| 146|0x00000004dee00000, 0x00000004dee00000, 0x00000004def00000|  0%| F|  |TAMS 0x00000004dee00000, 0x00000004dee00000| Untracked 
| 147|0x00000004def00000, 0x00000004def00000, 0x00000004df000000|  0%| F|  |TAMS 0x00000004def00000, 0x00000004def00000| Untracked 
| 148|0x00000004df000000, 0x00000004df000000, 0x00000004df100000|  0%| F|  |TAMS 0x00000004df000000, 0x00000004df000000| Untracked 
| 149|0x00000004df100000, 0x00000004df100000, 0x00000004df200000|  0%| F|  |TAMS 0x00000004df100000, 0x00000004df100000| Untracked 
| 150|0x00000004df200000, 0x00000004df200000, 0x00000004df300000|  0%| F|  |TAMS 0x00000004df200000, 0x00000004df200000| Untracked 
| 151|0x00000004df300000, 0x00000004df300000, 0x00000004df400000|  0%| F|  |TAMS 0x00000004df300000, 0x00000004df300000| Untracked 
| 152|0x00000004df400000, 0x00000004df400000, 0x00000004df500000|  0%| F|  |TAMS 0x00000004df400000, 0x00000004df400000| Untracked 
| 153|0x00000004df500000, 0x00000004df500000, 0x00000004df600000|  0%| F|  |TAMS 0x00000004df500000, 0x00000004df500000| Untracked 
| 154|0x00000004df600000, 0x00000004df600000, 0x00000004df700000|  0%| F|  |TAMS 0x00000004df600000, 0x00000004df600000| Untracked 
| 155|0x00000004df700000, 0x00000004df700000, 0x00000004df800000|  0%| F|  |TAMS 0x00000004df700000, 0x00000004df700000| Untracked 
| 156|0x00000004df800000, 0x00000004df800000, 0x00000004df900000|  0%| F|  |TAMS 0x00000004df800000, 0x00000004df800000| Untracked 
| 157|0x00000004df900000, 0x00000004df900000, 0x00000004dfa00000|  0%| F|  |TAMS 0x00000004df900000, 0x00000004df900000| Untracked 
| 158|0x00000004dfa00000, 0x00000004dfa00000, 0x00000004dfb00000|  0%| F|  |TAMS 0x00000004dfa00000, 0x00000004dfa00000| Untracked 
| 159|0x00000004dfb00000, 0x00000004dfb00000, 0x00000004dfc00000|  0%| F|  |TAMS 0x00000004dfb00000, 0x00000004dfb00000| Untracked 
| 160|0x00000004dfc00000, 0x00000004dfc00000, 0x00000004dfd00000|  0%| F|  |TAMS 0x00000004dfc00000, 0x00000004dfc00000| Untracked 
| 161|0x00000004dfd00000, 0x00000004dfd00000, 0x00000004dfe00000|  0%| F|  |TAMS 0x00000004dfd00000, 0x00000004dfd00000| Untracked 
| 162|0x00000004dfe00000, 0x00000004dfe00000, 0x00000004dff00000|  0%| F|  |TAMS 0x00000004dfe00000, 0x00000004dfe00000| Untracked 
| 163|0x00000004dff00000, 0x00000004dff00000, 0x00000004e0000000|  0%| F|  |TAMS 0x00000004dff00000, 0x00000004dff00000| Untracked 
| 164|0x00000004e0000000, 0x00000004e0000000, 0x00000004e0100000|  0%| F|  |TAMS 0x00000004e0000000, 0x00000004e0000000| Untracked 
| 165|0x00000004e0100000, 0x00000004e0100000, 0x00000004e0200000|  0%| F|  |TAMS 0x00000004e0100000, 0x00000004e0100000| Untracked 
| 166|0x00000004e0200000, 0x00000004e0200000, 0x00000004e0300000|  0%| F|  |TAMS 0x00000004e0200000, 0x00000004e0200000| Untracked 
| 167|0x00000004e0300000, 0x00000004e0300000, 0x00000004e0400000|  0%| F|  |TAMS 0x00000004e0300000, 0x00000004e0300000| Untracked 
| 168|0x00000004e0400000, 0x00000004e0400000, 0x00000004e0500000|  0%| F|  |TAMS 0x00000004e0400000, 0x00000004e0400000| Untracked 
| 169|0x00000004e0500000, 0x00000004e0500000, 0x00000004e0600000|  0%| F|  |TAMS 0x00000004e0500000, 0x00000004e0500000| Untracked 
| 170|0x00000004e0600000, 0x00000004e0600000, 0x00000004e0700000|  0%| F|  |TAMS 0x00000004e0600000, 0x00000004e0600000| Untracked 
| 171|0x00000004e0700000, 0x00000004e0700000, 0x00000004e0800000|  0%| F|  |TAMS 0x00000004e0700000, 0x00000004e0700000| Untracked 
| 172|0x00000004e0800000, 0x00000004e0800000, 0x00000004e0900000|  0%| F|  |TAMS 0x00000004e0800000, 0x00000004e0800000| Untracked 
| 173|0x00000004e0900000, 0x00000004e0900000, 0x00000004e0a00000|  0%| F|  |TAMS 0x00000004e0900000, 0x00000004e0900000| Untracked 
| 174|0x00000004e0a00000, 0x00000004e0a00000, 0x00000004e0b00000|  0%| F|  |TAMS 0x00000004e0a00000, 0x00000004e0a00000| Untracked 
| 175|0x00000004e0b00000, 0x00000004e0b00000, 0x00000004e0c00000|  0%| F|  |TAMS 0x00000004e0b00000, 0x00000004e0b00000| Untracked 
| 176|0x00000004e0c00000, 0x00000004e0c00000, 0x00000004e0d00000|  0%| F|  |TAMS 0x00000004e0c00000, 0x00000004e0c00000| Untracked 
| 177|0x00000004e0d00000, 0x00000004e0d00000, 0x00000004e0e00000|  0%| F|  |TAMS 0x00000004e0d00000, 0x00000004e0d00000| Untracked 
| 178|0x00000004e0e00000, 0x00000004e0e00000, 0x00000004e0f00000|  0%| F|  |TAMS 0x00000004e0e00000, 0x00000004e0e00000| Untracked 
| 179|0x00000004e0f00000, 0x00000004e0f00000, 0x00000004e1000000|  0%| F|  |TAMS 0x00000004e0f00000, 0x00000004e0f00000| Untracked 
| 180|0x00000004e1000000, 0x00000004e1000000, 0x00000004e1100000|  0%| F|  |TAMS 0x00000004e1000000, 0x00000004e1000000| Untracked 
| 181|0x00000004e1100000, 0x00000004e1100000, 0x00000004e1200000|  0%| F|  |TAMS 0x00000004e1100000, 0x00000004e1100000| Untracked 
| 182|0x00000004e1200000, 0x00000004e1200000, 0x00000004e1300000|  0%| F|  |TAMS 0x00000004e1200000, 0x00000004e1200000| Untracked 
| 183|0x00000004e1300000, 0x00000004e1300000, 0x00000004e1400000|  0%| F|  |TAMS 0x00000004e1300000, 0x00000004e1300000| Untracked 
| 184|0x00000004e1400000, 0x00000004e1400000, 0x00000004e1500000|  0%| F|  |TAMS 0x00000004e1400000, 0x00000004e1400000| Untracked 
| 185|0x00000004e1500000, 0x00000004e1500000, 0x00000004e1600000|  0%| F|  |TAMS 0x00000004e1500000, 0x00000004e1500000| Untracked 
| 186|0x00000004e1600000, 0x00000004e1600000, 0x00000004e1700000|  0%| F|  |TAMS 0x00000004e1600000, 0x00000004e1600000| Untracked 
| 187|0x00000004e1700000, 0x00000004e1700000, 0x00000004e1800000|  0%| F|  |TAMS 0x00000004e1700000, 0x00000004e1700000| Untracked 
| 188|0x00000004e1800000, 0x00000004e1800000, 0x00000004e1900000|  0%| F|  |TAMS 0x00000004e1800000, 0x00000004e1800000| Untracked 
| 189|0x00000004e1900000, 0x00000004e1900000, 0x00000004e1a00000|  0%| F|  |TAMS 0x00000004e1900000, 0x00000004e1900000| Untracked 
| 190|0x00000004e1a00000, 0x00000004e1a00000, 0x00000004e1b00000|  0%| F|  |TAMS 0x00000004e1a00000, 0x00000004e1a00000| Untracked 
| 191|0x00000004e1b00000, 0x00000004e1b00000, 0x00000004e1c00000|  0%| F|  |TAMS 0x00000004e1b00000, 0x00000004e1b00000| Untracked 
| 192|0x00000004e1c00000, 0x00000004e1c00000, 0x00000004e1d00000|  0%| F|  |TAMS 0x00000004e1c00000, 0x00000004e1c00000| Untracked 
| 193|0x00000004e1d00000, 0x00000004e1d00000, 0x00000004e1e00000|  0%| F|  |TAMS 0x00000004e1d00000, 0x00000004e1d00000| Untracked 
| 194|0x00000004e1e00000, 0x00000004e1e00000, 0x00000004e1f00000|  0%| F|  |TAMS 0x00000004e1e00000, 0x00000004e1e00000| Untracked 
| 195|0x00000004e1f00000, 0x00000004e1f00000, 0x00000004e2000000|  0%| F|  |TAMS 0x00000004e1f00000, 0x00000004e1f00000| Untracked 
| 196|0x00000004e2000000, 0x00000004e2000000, 0x00000004e2100000|  0%| F|  |TAMS 0x00000004e2000000, 0x00000004e2000000| Untracked 
| 197|0x00000004e2100000, 0x00000004e2100000, 0x00000004e2200000|  0%| F|  |TAMS 0x00000004e2100000, 0x00000004e2100000| Untracked 
| 198|0x00000004e2200000, 0x00000004e2200000, 0x00000004e2300000|  0%| F|  |TAMS 0x00000004e2200000, 0x00000004e2200000| Untracked 
| 199|0x00000004e2300000, 0x00000004e2300000, 0x00000004e2400000|  0%| F|  |TAMS 0x00000004e2300000, 0x00000004e2300000| Untracked 
| 200|0x00000004e2400000, 0x00000004e2400000, 0x00000004e2500000|  0%| F|  |TAMS 0x00000004e2400000, 0x00000004e2400000| Untracked 
| 201|0x00000004e2500000, 0x00000004e2500000, 0x00000004e2600000|  0%| F|  |TAMS 0x00000004e2500000, 0x00000004e2500000| Untracked 
| 202|0x00000004e2600000, 0x00000004e2600000, 0x00000004e2700000|  0%| F|  |TAMS 0x00000004e2600000, 0x00000004e2600000| Untracked 
| 203|0x00000004e2700000, 0x00000004e2700000, 0x00000004e2800000|  0%| F|  |TAMS 0x00000004e2700000, 0x00000004e2700000| Untracked 
| 204|0x00000004e2800000, 0x00000004e2800000, 0x00000004e2900000|  0%| F|  |TAMS 0x00000004e2800000, 0x00000004e2800000| Untracked 
| 205|0x00000004e2900000, 0x00000004e2900000, 0x00000004e2a00000|  0%| F|  |TAMS 0x00000004e2900000, 0x00000004e2900000| Untracked 
| 206|0x00000004e2a00000, 0x00000004e2a00000, 0x00000004e2b00000|  0%| F|  |TAMS 0x00000004e2a00000, 0x00000004e2a00000| Untracked 
| 207|0x00000004e2b00000, 0x00000004e2b00000, 0x00000004e2c00000|  0%| F|  |TAMS 0x00000004e2b00000, 0x00000004e2b00000| Untracked 
| 208|0x00000004e2c00000, 0x00000004e2c00000, 0x00000004e2d00000|  0%| F|  |TAMS 0x00000004e2c00000, 0x00000004e2c00000| Untracked 
| 209|0x00000004e2d00000, 0x00000004e2d00000, 0x00000004e2e00000|  0%| F|  |TAMS 0x00000004e2d00000, 0x00000004e2d00000| Untracked 
| 210|0x00000004e2e00000, 0x00000004e2e00000, 0x00000004e2f00000|  0%| F|  |TAMS 0x00000004e2e00000, 0x00000004e2e00000| Untracked 
| 211|0x00000004e2f00000, 0x00000004e2f00000, 0x00000004e3000000|  0%| F|  |TAMS 0x00000004e2f00000, 0x00000004e2f00000| Untracked 
| 212|0x00000004e3000000, 0x00000004e3000000, 0x00000004e3100000|  0%| F|  |TAMS 0x00000004e3000000, 0x00000004e3000000| Untracked 
| 213|0x00000004e3100000, 0x00000004e3100000, 0x00000004e3200000|  0%| F|  |TAMS 0x00000004e3100000, 0x00000004e3100000| Untracked 
| 214|0x00000004e3200000, 0x00000004e3200000, 0x00000004e3300000|  0%| F|  |TAMS 0x00000004e3200000, 0x00000004e3200000| Untracked 
| 215|0x00000004e3300000, 0x00000004e3300000, 0x00000004e3400000|  0%| F|  |TAMS 0x00000004e3300000, 0x00000004e3300000| Untracked 
| 216|0x00000004e3400000, 0x00000004e3400000, 0x00000004e3500000|  0%| F|  |TAMS 0x00000004e3400000, 0x00000004e3400000| Untracked 
| 217|0x00000004e3500000, 0x00000004e3500000, 0x00000004e3600000|  0%| F|  |TAMS 0x00000004e3500000, 0x00000004e3500000| Untracked 
| 218|0x00000004e3600000, 0x00000004e3600000, 0x00000004e3700000|  0%| F|  |TAMS 0x00000004e3600000, 0x00000004e3600000| Untracked 
| 219|0x00000004e3700000, 0x00000004e3700000, 0x00000004e3800000|  0%| F|  |TAMS 0x00000004e3700000, 0x00000004e3700000| Untracked 
| 220|0x00000004e3800000, 0x00000004e3800000, 0x00000004e3900000|  0%| F|  |TAMS 0x00000004e3800000, 0x00000004e3800000| Untracked 
| 221|0x00000004e3900000, 0x00000004e3900000, 0x00000004e3a00000|  0%| F|  |TAMS 0x00000004e3900000, 0x00000004e3900000| Untracked 
| 222|0x00000004e3a00000, 0x00000004e3a00000, 0x00000004e3b00000|  0%| F|  |TAMS 0x00000004e3a00000, 0x00000004e3a00000| Untracked 
| 223|0x00000004e3b00000, 0x00000004e3b00000, 0x00000004e3c00000|  0%| F|  |TAMS 0x00000004e3b00000, 0x00000004e3b00000| Untracked 
| 224|0x00000004e3c00000, 0x00000004e3c00000, 0x00000004e3d00000|  0%| F|  |TAMS 0x00000004e3c00000, 0x00000004e3c00000| Untracked 
| 225|0x00000004e3d00000, 0x00000004e3d00000, 0x00000004e3e00000|  0%| F|  |TAMS 0x00000004e3d00000, 0x00000004e3d00000| Untracked 
| 226|0x00000004e3e00000, 0x00000004e3e00000, 0x00000004e3f00000|  0%| F|  |TAMS 0x00000004e3e00000, 0x00000004e3e00000| Untracked 
| 227|0x00000004e3f00000, 0x00000004e3f00000, 0x00000004e4000000|  0%| F|  |TAMS 0x00000004e3f00000, 0x00000004e3f00000| Untracked 
| 228|0x00000004e4000000, 0x00000004e4000000, 0x00000004e4100000|  0%| F|  |TAMS 0x00000004e4000000, 0x00000004e4000000| Untracked 
| 229|0x00000004e4100000, 0x00000004e4100000, 0x00000004e4200000|  0%| F|  |TAMS 0x00000004e4100000, 0x00000004e4100000| Untracked 
| 230|0x00000004e4200000, 0x00000004e4200000, 0x00000004e4300000|  0%| F|  |TAMS 0x00000004e4200000, 0x00000004e4200000| Untracked 
| 231|0x00000004e4300000, 0x00000004e4300000, 0x00000004e4400000|  0%| F|  |TAMS 0x00000004e4300000, 0x00000004e4300000| Untracked 
| 232|0x00000004e4400000, 0x00000004e4400000, 0x00000004e4500000|  0%| F|  |TAMS 0x00000004e4400000, 0x00000004e4400000| Untracked 
| 233|0x00000004e4500000, 0x00000004e4500000, 0x00000004e4600000|  0%| F|  |TAMS 0x00000004e4500000, 0x00000004e4500000| Untracked 
| 234|0x00000004e4600000, 0x00000004e4600000, 0x00000004e4700000|  0%| F|  |TAMS 0x00000004e4600000, 0x00000004e4600000| Untracked 
| 235|0x00000004e4700000, 0x00000004e4700000, 0x00000004e4800000|  0%| F|  |TAMS 0x00000004e4700000, 0x00000004e4700000| Untracked 
| 236|0x00000004e4800000, 0x00000004e4800000, 0x00000004e4900000|  0%| F|  |TAMS 0x00000004e4800000, 0x00000004e4800000| Untracked 
| 237|0x00000004e4900000, 0x00000004e4900000, 0x00000004e4a00000|  0%| F|  |TAMS 0x00000004e4900000, 0x00000004e4900000| Untracked 
| 238|0x00000004e4a00000, 0x00000004e4a00000, 0x00000004e4b00000|  0%| F|  |TAMS 0x00000004e4a00000, 0x00000004e4a00000| Untracked 
| 239|0x00000004e4b00000, 0x00000004e4b00000, 0x00000004e4c00000|  0%| F|  |TAMS 0x00000004e4b00000, 0x00000004e4b00000| Untracked 
| 240|0x00000004e4c00000, 0x00000004e4c00000, 0x00000004e4d00000|  0%| F|  |TAMS 0x00000004e4c00000, 0x00000004e4c00000| Untracked 
| 241|0x00000004e4d00000, 0x00000004e4d00000, 0x00000004e4e00000|  0%| F|  |TAMS 0x00000004e4d00000, 0x00000004e4d00000| Untracked 
| 242|0x00000004e4e00000, 0x00000004e4e00000, 0x00000004e4f00000|  0%| F|  |TAMS 0x00000004e4e00000, 0x00000004e4e00000| Untracked 
| 243|0x00000004e4f00000, 0x00000004e4f00000, 0x00000004e5000000|  0%| F|  |TAMS 0x00000004e4f00000, 0x00000004e4f00000| Untracked 
| 244|0x00000004e5000000, 0x00000004e5000000, 0x00000004e5100000|  0%| F|  |TAMS 0x00000004e5000000, 0x00000004e5000000| Untracked 
| 245|0x00000004e5100000, 0x00000004e5100000, 0x00000004e5200000|  0%| F|  |TAMS 0x00000004e5100000, 0x00000004e5100000| Untracked 
| 246|0x00000004e5200000, 0x00000004e5200000, 0x00000004e5300000|  0%| F|  |TAMS 0x00000004e5200000, 0x00000004e5200000| Untracked 
| 247|0x00000004e5300000, 0x00000004e5300000, 0x00000004e5400000|  0%| F|  |TAMS 0x00000004e5300000, 0x00000004e5300000| Untracked 
| 248|0x00000004e5400000, 0x00000004e54482f0, 0x00000004e5500000| 28%| E|  |TAMS 0x00000004e5400000, 0x00000004e5400000| Complete 
| 249|0x00000004e5500000, 0x00000004e5600000, 0x00000004e5600000|100%| E|CS|TAMS 0x00000004e5500000, 0x00000004e5500000| Complete 
| 250|0x00000004e5600000, 0x00000004e5700000, 0x00000004e5700000|100%| E|CS|TAMS 0x00000004e5600000, 0x00000004e5600000| Complete 
| 251|0x00000004e5700000, 0x00000004e5800000, 0x00000004e5800000|100%| E|CS|TAMS 0x00000004e5700000, 0x00000004e5700000| Complete 
| 252|0x00000004e5800000, 0x00000004e5900000, 0x00000004e5900000|100%| E|CS|TAMS 0x00000004e5800000, 0x00000004e5800000| Complete 
| 253|0x00000004e5900000, 0x00000004e5a00000, 0x00000004e5a00000|100%| E|CS|TAMS 0x00000004e5900000, 0x00000004e5900000| Complete 
| 254|0x00000004e5a00000, 0x00000004e5b00000, 0x00000004e5b00000|100%| E|CS|TAMS 0x00000004e5a00000, 0x00000004e5a00000| Complete 
| 255|0x00000004e5b00000, 0x00000004e5c00000, 0x00000004e5c00000|100%| E|CS|TAMS 0x00000004e5b00000, 0x00000004e5b00000| Complete 

Card table byte_map: [0x0000019b3a920000,0x0000019b3b120000] _byte_map_base: 0x0000019b38272000

Marking Bits (Prev, Next): (CMBitMap*) 0x0000019b20d063d8, (CMBitMap*) 0x0000019b20d06418
 Prev Bits: [0x0000019b3b920000, 0x0000019b3f8f8000)
 Next Bits: [0x0000019b3f900000, 0x0000019b438d8000)

Polling page: 0x0000019b20d70000

Metaspace:

Usage:
  Non-class:      5.96 MB capacity,     5.89 MB ( 99%) used,    51.95 KB ( <1%) free+waste,    18.06 KB ( <1%) overhead. 
      Class:    900.00 KB capacity,   774.14 KB ( 86%) used,   113.23 KB ( 13%) free+waste,    12.63 KB (  1%) overhead. 
       Both:      6.84 MB capacity,     6.65 MB ( 97%) used,   165.18 KB (  2%) free+waste,    30.69 KB ( <1%) overhead. 

Virtual space:
  Non-class space:        8.00 MB reserved,       6.00 MB ( 75%) committed 
      Class space:        1.00 GB reserved,       1.00 MB ( <1%) committed 
             Both:        1.01 GB reserved,       7.00 MB ( <1%) committed 

Chunk freelists:
   Non-Class:  38.00 KB
       Class:  28.00 KB
        Both:  66.00 KB

MaxMetaspaceSize: 17179869184.00 GB
CompressedClassSpaceSize: 1.00 GB

CodeHeap 'non-profiled nmethods': size=120064Kb used=256Kb max_used=256Kb free=119807Kb
 bounds [0x0000019b32480000, 0x0000019b326f0000, 0x0000019b399c0000]
CodeHeap 'profiled nmethods': size=120000Kb used=1256Kb max_used=1287Kb free=118743Kb
 bounds [0x0000019b2af50000, 0x0000019b2b1c0000, 0x0000019b32480000]
CodeHeap 'non-nmethods': size=5696Kb used=1252Kb max_used=1268Kb free=4443Kb
 bounds [0x0000019b2a9c0000, 0x0000019b2ac30000, 0x0000019b2af50000]
 total_blobs=1749 nmethods=797 adapters=438
 compilation: enabled
              stopped_count=0, restarted_count=0
 full_count=0

Compilation events (20 events):
Event: 437.785 Thread 0x0000019b45fa4000 nmethod 831 0x0000019b324bc010 code [0x0000019b324bc1a0, 0x0000019b324bc5b8]
Event: 524.188 Thread 0x0000019b45fa4000  832       4       java.util.ArrayList::toArray (57 bytes)
Event: 524.192 Thread 0x0000019b45fa4000 nmethod 832 0x0000019b324bc810 code [0x0000019b324bc9a0, 0x0000019b324bcc78]
Event: 537.139 Thread 0x0000019b45fa4000  833       4       java.util.ArrayList::toArray (57 bytes)
Event: 537.145 Thread 0x0000019b45fa4000 nmethod 833 0x0000019b324bce10 code [0x0000019b324bcfa0, 0x0000019b324bd358]
Event: 537.339 Thread 0x0000019b45fa4000  834       4       sun.java2d.d3d.D3DSurfaceData$D3DWindowSurfaceData::isDirty (18 bytes)
Event: 537.341 Thread 0x0000019b45fa4000 nmethod 834 0x0000019b32484b10 code [0x0000019b32484ca0, 0x0000019b32484d78]
Event: 537.341 Thread 0x0000019b45fa4000  835       4       sun.java2d.StateTrackableDelegate$1::isCurrent (17 bytes)
Event: 537.341 Thread 0x0000019b45fa4000 nmethod 835 0x0000019b32480410 code [0x0000019b324805a0, 0x0000019b32480658]
Event: 5698.828 Thread 0x0000019b46832000  836 % !   3       sun.java2d.d3d.D3DScreenUpdateManager::run @ 0 (267 bytes)
Event: 5698.833 Thread 0x0000019b46832000 nmethod 836% 0x0000019b2b091d90 code [0x0000019b2b0921a0, 0x0000019b2b094a20]
Event: 5750.232 Thread 0x0000019b46832000  837   !   3       sun.java2d.d3d.D3DScreenUpdateManager::run (267 bytes)
Event: 5750.236 Thread 0x0000019b46832000 nmethod 837 0x0000019b2b095910 code [0x0000019b2b095d20, 0x0000019b2b098520]
Event: 6161.454 Thread 0x0000019b46832000  838 % !   3       sun.java2d.d3d.D3DScreenUpdateManager::run @ 105 (267 bytes)
Event: 6161.458 Thread 0x0000019b46832000 nmethod 838% 0x0000019b2b099390 code [0x0000019b2b0997a0, 0x0000019b2b09c060]
Event: 7756.929 Thread 0x0000019b45fa4000  839 % !   4       sun.java2d.d3d.D3DScreenUpdateManager::run @ 0 (267 bytes)
Event: 7756.953 Thread 0x0000019b45fa4000 nmethod 839% 0x0000019b324bd510 code [0x0000019b324bd700, 0x0000019b324be5d8]
Event: 7808.355 Thread 0x0000019b45fa4000  840 % !   4       sun.java2d.d3d.D3DScreenUpdateManager::run @ 105 (267 bytes)
Event: 7808.372 Thread 0x0000019b45fa4000 nmethod 840% 0x0000019b324bec90 code [0x0000019b324bee80, 0x0000019b324bff98]
Event: 7985.419 Thread 0x0000019b46832000  842       3       java.lang.invoke.LambdaForm::normalize (322 bytes)

GC Heap History (0 events):
No events

Deoptimization events (20 events):
Event: 0.061 Thread 0x0000019b20c9a800 DEOPT PACKING pc=0x0000019b32484e4c sp=0x00000007516fe300
Event: 0.061 Thread 0x0000019b20c9a800 DEOPT UNPACKING pc=0x0000019b2aa0912f sp=0x00000007516fe298 mode 2
Event: 424.926 Thread 0x0000019b46964000 Uncommon trap: trap_request=0xffffffcc fr.pc=0x0000019b324bbbc4 relative=0x0000000000000204
Event: 424.926 Thread 0x0000019b46964000 Uncommon trap: reason=intrinsic_or_type_checked_inlining action=make_not_entrant pc=0x0000019b324bbbc4 method=java.util.Arrays.copyOf([Ljava/lang/Object;ILjava/lang/Class;)[Ljava/lang/Object; @ 35 c2
Event: 424.926 Thread 0x0000019b46964000 DEOPT PACKING pc=0x0000019b324bbbc4 sp=0x0000000752dff2f0
Event: 424.926 Thread 0x0000019b46964000 DEOPT UNPACKING pc=0x0000019b2aa0912f sp=0x0000000752dff280 mode 2
Event: 524.288 Thread 0x0000019b46964000 Uncommon trap: trap_request=0xffffffdc fr.pc=0x0000019b324bcb44 relative=0x00000000000001a4
Event: 524.288 Thread 0x0000019b46964000 Uncommon trap: reason=class_check action=make_not_entrant pc=0x0000019b324bcb44 method=java.util.ArrayList.toArray([Ljava/lang/Object;)[Ljava/lang/Object; @ 21 c2
Event: 524.288 Thread 0x0000019b46964000 DEOPT PACKING pc=0x0000019b324bcb44 sp=0x0000000752dff350
Event: 524.288 Thread 0x0000019b46964000 DEOPT UNPACKING pc=0x0000019b2aa0912f sp=0x0000000752dff310 mode 2
Event: 6110.070 Thread 0x0000019b46964000 DEOPT PACKING pc=0x0000019b2b09478d sp=0x0000000752dff330
Event: 6110.070 Thread 0x0000019b46964000 DEOPT UNPACKING pc=0x0000019b2aa0964e sp=0x0000000752dfe8a0 mode 0
Event: 6521.220 Thread 0x0000019b46964000 DEOPT PACKING pc=0x0000019b2b09bd71 sp=0x0000000752dff320
Event: 6521.220 Thread 0x0000019b46964000 DEOPT UNPACKING pc=0x0000019b2aa0964e sp=0x0000000752dfe8a0 mode 0
Event: 6933.362 Thread 0x0000019b46964000 DEOPT PACKING pc=0x0000019b2b09478d sp=0x0000000752dff330
Event: 6933.362 Thread 0x0000019b46964000 DEOPT UNPACKING pc=0x0000019b2aa0964e sp=0x0000000752dfe8a0 mode 0
Event: 7345.538 Thread 0x0000019b46964000 DEOPT PACKING pc=0x0000019b2b09bd71 sp=0x0000000752dff320
Event: 7345.538 Thread 0x0000019b46964000 DEOPT UNPACKING pc=0x0000019b2aa0964e sp=0x0000000752dfe8a0 mode 0
Event: 7756.929 Thread 0x0000019b46964000 DEOPT PACKING pc=0x0000019b2b09478d sp=0x0000000752dff330
Event: 7756.929 Thread 0x0000019b46964000 DEOPT UNPACKING pc=0x0000019b2aa0964e sp=0x0000000752dfe8a0 mode 0

Classes unloaded (0 events):
No events

Classes redefined (0 events):
No events

Internal exceptions (13 events):
Event: 0.091 Thread 0x0000019b20c9a800 Exception <a 'java/lang/ClassNotFoundException'{0x00000004e5a11530}: sun/awt/resources/spi/awtProvider> (0x00000004e5a11530) 
thrown [t:/workspace/open/src/hotspot/share/classfile/systemDictionary.cpp, line 232]
Event: 0.120 Thread 0x0000019b20c9a800 Exception <a 'java/io/FileNotFoundException'{0x00000004e5a66938}> (0x00000004e5a66938) 
thrown [t:/workspace/open/src/hotspot/share/prims/jni.cpp, line 598]
Event: 0.128 Thread 0x0000019b20c9a800 Exception <a 'java/io/FileNotFoundException'{0x00000004e5a8cfb0}> (0x00000004e5a8cfb0) 
thrown [t:/workspace/open/src/hotspot/share/prims/jni.cpp, line 598]
Event: 0.140 Thread 0x0000019b20c9a800 Exception <a 'java/lang/NoSuchMethodError'{0x00000004e5aa5588}: 'int java.lang.invoke.DirectMethodHandle$Holder.invokeSpecialIFC(java.lang.Object, java.lang.Object, int)'> (0x00000004e5aa5588) 
thrown [t:/workspace/open/src/hotspot/share/interpreter/linkResolver.cpp, line 767]
Event: 1.814 Thread 0x0000019b4695d800 Exception <a 'java/lang/NoSuchMethodError'{0x00000004e5994b00}: 'void java.lang.invoke.DirectMethodHandle$Holder.invokeSpecial(java.lang.Object, java.lang.Object)'> (0x00000004e5994b00) 
thrown [t:/workspace/open/src/hotspot/share/interpreter/linkResolver.cpp, line 767]
Event: 1.968 Thread 0x0000019b20c9a800 Exception <a 'java/lang/NoSuchMethodError'{0x00000004e580a238}: 'java.lang.Object java.lang.invoke.DirectMethodHandle$Holder.invokeStatic(java.lang.Object, int, java.lang.Object, java.lang.Object, java.lang.Object, java.lang.Object)'> (0x00000004e580a238) 
thrown [t:/workspace/open/src/hotspot/share/interpreter/linkResolver.cpp, line 767]
Event: 1.969 Thread 0x0000019b20c9a800 Exception <a 'java/lang/NoSuchMethodError'{0x00000004e5810b98}: 'java.lang.Object java.lang.invoke.DirectMethodHandle$Holder.invokeStatic(java.lang.Object, int, java.lang.Object, java.lang.Object, java.lang.Object)'> (0x00000004e5810b98) 
thrown [t:/workspace/open/src/hotspot/share/interpreter/linkResolver.cpp, line 767]
Event: 1.969 Thread 0x0000019b20c9a800 Exception <a 'java/lang/NoSuchMethodError'{0x00000004e5814400}: 'java.lang.Object java.lang.invoke.DirectMethodHandle$Holder.invokeSpecial(java.lang.Object, java.lang.Object, int, java.lang.Object, java.lang.Object, java.lang.Object)'> (0x00000004e5814400) 
thrown [t:/workspace/open/src/hotspot/share/interpreter/linkResolver.cpp, line 767]
Event: 1.972 Thread 0x0000019b20c9a800 Exception <a 'java/lang/NoSuchMethodError'{0x00000004e582a728}: 'java.lang.Object java.lang.invoke.DirectMethodHandle$Holder.invokeStatic(java.lang.Object, int, java.lang.Object)'> (0x00000004e582a728) 
thrown [t:/workspace/open/src/hotspot/share/interpreter/linkResolver.cpp, line 767]
Event: 1.993 Thread 0x0000019b20c9a800 Exception <a 'java/lang/ClassNotFoundException'{0x00000004e58cdb10}: com/sun/swing/internal/plaf/metal/resources/spi/metalProvider> (0x00000004e58cdb10) 
thrown [t:/workspace/open/src/hotspot/share/classfile/systemDictionary.cpp, line 232]
Event: 1.994 Thread 0x0000019b20c9a800 Exception <a 'java/lang/ClassNotFoundException'{0x00000004e58d1d18}: com/sun/swing/internal/plaf/basic/resources/spi/basicProvider> (0x00000004e58d1d18) 
thrown [t:/workspace/open/src/hotspot/share/classfile/systemDictionary.cpp, line 232]
Event: 2.024 Thread 0x0000019b20c9a800 Exception <a 'java/lang/NoSuchMethodError'{0x00000004e5710158}: 'void java.lang.invoke.DirectMethodHandle$Holder.invokeStaticInit(java.lang.Object)'> (0x00000004e5710158) 
thrown [t:/workspace/open/src/hotspot/share/interpreter/linkResolver.cpp, line 767]
Event: 2.050 Thread 0x0000019b20c9a800 Exception <a 'java/lang/NoSuchMethodError'{0x00000004e57ad1e8}: 'java.lang.Object java.lang.invoke.Invokers$Holder.linkToTargetMethod(java.lang.Object, int, java.lang.Object)'> (0x00000004e57ad1e8) 
thrown [t:/workspace/open/src/hotspot/share/interpreter/linkResolver.cpp, line 767]

Events (20 events):
Event: 1933.387 loading class java/awt/desktop/SystemEventListener done
Event: 1933.387 loading class java/awt/desktop/SystemSleepListener done
Event: 7756.951 Executing VM operation: HandshakeAllThreads
Event: 7756.951 Executing VM operation: HandshakeAllThreads done
Event: 7756.952 Thread 0x0000019b4683b000 flushing nmethod 0x0000019b2af70710
Event: 7756.953 Thread 0x0000019b4683b000 flushing nmethod 0x0000019b2b00ea10
Event: 7756.953 Thread 0x0000019b4683b000 flushing nmethod 0x0000019b2b03a190
Event: 7756.953 Thread 0x0000019b4683b000 flushing nmethod 0x0000019b2b05a810
Event: 7756.953 Thread 0x0000019b4683b000 flushing nmethod 0x0000019b2b05c890
Event: 7756.953 Thread 0x0000019b4683b000 flushing nmethod 0x0000019b2b060410
Event: 7808.371 Executing VM operation: HandshakeAllThreads
Event: 7808.371 Executing VM operation: HandshakeAllThreads done
Event: 7808.371 Thread 0x0000019b4683b000 flushing nmethod 0x0000019b324bb810
Event: 7808.372 Thread 0x0000019b4683b000 flushing nmethod 0x0000019b2af8d990
Event: 7985.368 Executing VM operation: RevokeBias
Event: 7985.368 Executing VM operation: RevokeBias done
Event: 7985.417 loading class java/util/WeakHashMap$KeyIterator
Event: 7985.418 loading class java/util/WeakHashMap$HashIterator
Event: 7985.418 loading class java/util/WeakHashMap$HashIterator done
Event: 7985.418 loading class java/util/WeakHashMap$KeyIterator done


Dynamic libraries:
0x00007ff6b4390000 - 0x00007ff6b439f000 	C:\Program Files\Java\jdk-13.0.1\bin\javaw.exe
0x00007ffaf2f60000 - 0x00007ffaf314d000 	C:\Windows\SYSTEM32\ntdll.dll
0x00007ffaf1be0000 - 0x00007ffaf1c93000 	C:\Windows\System32\KERNEL32.DLL
0x00007ffaef0d0000 - 0x00007ffaef363000 	C:\Windows\System32\KERNELBASE.dll
0x00007ffaefac0000 - 0x00007ffaefbba000 	C:\Windows\System32\ucrtbase.dll
0x00007ffadff10000 - 0x00007ffadff25000 	C:\Program Files\Java\jdk-13.0.1\bin\VCRUNTIME140.dll
0x00007ffadfef0000 - 0x00007ffadff08000 	C:\Program Files\Java\jdk-13.0.1\bin\jli.dll
0x00007ffaf2740000 - 0x00007ffaf27e3000 	C:\Windows\System32\ADVAPI32.dll
0x00007ffaf1b40000 - 0x00007ffaf1bde000 	C:\Windows\System32\msvcrt.dll
0x00007ffaf2690000 - 0x00007ffaf272e000 	C:\Windows\System32\sechost.dll
0x00007ffaf2da0000 - 0x00007ffaf2ec2000 	C:\Windows\System32\RPCRT4.dll
0x00007ffaf2130000 - 0x00007ffaf22c7000 	C:\Windows\System32\USER32.dll
0x00007ffae40f0000 - 0x00007ffae4369000 	C:\Windows\WinSxS\amd64_microsoft.windows.common-controls_6595b64144ccf1df_6.0.17763.973_none_05b245900721eb81\COMCTL32.dll
0x00007ffaf1e00000 - 0x00007ffaf212c000 	C:\Windows\System32\combase.dll
0x00007ffaf0100000 - 0x00007ffaf017e000 	C:\Windows\System32\bcryptPrimitives.dll
0x00007ffaf03a0000 - 0x00007ffaf03c9000 	C:\Windows\System32\GDI32.dll
0x00007ffaefbc0000 - 0x00007ffaefd59000 	C:\Windows\System32\gdi32full.dll
0x00007ffaf0010000 - 0x00007ffaf00b0000 	C:\Windows\System32\msvcp_win.dll
0x00007ffaefd60000 - 0x00007ffaefd80000 	C:\Windows\System32\win32u.dll
0x00007ffaea070000 - 0x00007ffaea07a000 	C:\Windows\SYSTEM32\VERSION.dll
0x00007ffaf1a30000 - 0x00007ffaf1a5e000 	C:\Windows\System32\IMM32.DLL
0x00007ffadc250000 - 0x00007ffadc2eb000 	C:\Program Files\Java\jdk-13.0.1\bin\msvcp140.dll
0x00007ffac82c0000 - 0x00007ffac8e26000 	C:\Program Files\Java\jdk-13.0.1\bin\server\jvm.dll
0x00007ffaf2730000 - 0x00007ffaf2738000 	C:\Windows\System32\PSAPI.DLL
0x00007ffaeb940000 - 0x00007ffaeb949000 	C:\Windows\SYSTEM32\WSOCK32.dll
0x00007ffaed1b0000 - 0x00007ffaed1d4000 	C:\Windows\SYSTEM32\WINMM.dll
0x00007ffaf22e0000 - 0x00007ffaf234d000 	C:\Windows\System32\ws2_32.DLL
0x00007ffaed180000 - 0x00007ffaed1ad000 	C:\Windows\SYSTEM32\WINMMBASE.dll
0x00007ffaf00b0000 - 0x00007ffaf00fa000 	C:\Windows\System32\cfgmgr32.dll
0x00007ffaeefb0000 - 0x00007ffaeefc1000 	C:\Windows\System32\kernel.appcore.dll
0x00007ffaeb930000 - 0x00007ffaeb940000 	C:\Program Files\Java\jdk-13.0.1\bin\verify.dll
0x00007ffadd040000 - 0x00007ffadd22d000 	C:\Windows\SYSTEM32\DBGHELP.DLL
0x00007ffadc1f0000 - 0x00007ffadc21a000 	C:\Windows\SYSTEM32\dbgcore.DLL
0x00007ffae3370000 - 0x00007ffae3396000 	C:\Program Files\Java\jdk-13.0.1\bin\java.dll
0x00007ffaeaca0000 - 0x00007ffaeacb7000 	C:\Program Files\Java\jdk-13.0.1\bin\zip.dll
0x00007ffaeb900000 - 0x00007ffaeb90a000 	C:\Program Files\Java\jdk-13.0.1\bin\jimage.dll
0x00007ffaf0530000 - 0x00007ffaf1a24000 	C:\Windows\System32\SHELL32.dll
0x00007ffaf0180000 - 0x00007ffaf0228000 	C:\Windows\System32\shcore.dll
0x00007ffaef370000 - 0x00007ffaefabd000 	C:\Windows\System32\windows.storage.dll
0x00007ffaeeff0000 - 0x00007ffaef014000 	C:\Windows\System32\profapi.dll
0x00007ffaeef50000 - 0x00007ffaeefad000 	C:\Windows\System32\powrprof.dll
0x00007ffaf1cc0000 - 0x00007ffaf1d12000 	C:\Windows\System32\shlwapi.dll
0x00007ffaef080000 - 0x00007ffaef097000 	C:\Windows\System32\cryptsp.dll
0x00007ffad9530000 - 0x00007ffad96c9000 	C:\Program Files\Java\jdk-13.0.1\bin\awt.dll
0x00007ffaf1d20000 - 0x00007ffaf1de4000 	C:\Windows\System32\OLEAUT32.dll
0x00007ffaec0b0000 - 0x00007ffaec66e000 	C:\Windows\SYSTEM32\d2d1.dll
0x00007ffaed2b0000 - 0x00007ffaed33c000 	C:\Windows\SYSTEM32\apphelp.dll
0x00007ffaed870000 - 0x00007ffaed89e000 	C:\Windows\system32\DWMAPI.DLL
0x00007ffaefe30000 - 0x00007ffaf000c000 	C:\Windows\System32\CRYPT32.dll
0x00007ffaeefd0000 - 0x00007ffaeefe2000 	C:\Windows\System32\MSASN1.dll
0x00007ffaed540000 - 0x00007ffaed5dc000 	C:\Windows\system32\uxtheme.dll
0x00007ffad92e0000 - 0x00007ffad9407000 	C:\Windows\system32\opengl32.dll
0x00007ffadfda0000 - 0x00007ffadfdcc000 	C:\Windows\SYSTEM32\GLU32.dll
0x00007ffaf0230000 - 0x00007ffaf039c000 	C:\Windows\System32\MSCTF.dll
0x00007ffaf03d0000 - 0x00007ffaf0525000 	C:\Windows\System32\ole32.dll
0x00007ffae5530000 - 0x00007ffae56ce000 	C:\Windows\system32\d3d9.dll
0x00007ffaea0f0000 - 0x00007ffaea1df000 	C:\Windows\System32\DriverStore\FileRepository\nv_dispi.inf_amd64_d223212c0a2275b5\nvldumdx.dll
0x00007ffaef020000 - 0x00007ffaef079000 	C:\Windows\System32\WINTRUST.DLL
0x00007ffaf1ca0000 - 0x00007ffaf1cbd000 	C:\Windows\System32\imagehlp.dll
0x00007ffaee2e0000 - 0x00007ffaee313000 	C:\Windows\system32\rsaenh.dll
0x00007ffaef0a0000 - 0x00007ffaef0c6000 	C:\Windows\System32\bcrypt.dll
0x00007ffaee930000 - 0x00007ffaee93c000 	C:\Windows\SYSTEM32\CRYPTBASE.dll
0x00007ffab7520000 - 0x00007ffab8a25000 	C:\Windows\System32\DriverStore\FileRepository\nv_dispi.inf_amd64_d223212c0a2275b5\nvd3dumx.dll
0x00007ffaa9360000 - 0x00007ffaa9624000 	C:\Windows\system32\nvspcap64.dll
0x00007ffaedfc0000 - 0x00007ffaedff1000 	C:\Windows\SYSTEM32\ntmarta.dll
0x00007ffaeaa10000 - 0x00007ffaeaa3f000 	C:\Windows\SYSTEM32\cryptnet.dll
0x00007ffaedc00000 - 0x00007ffaedc22000 	C:\Windows\SYSTEM32\gpapi.dll
0x00007ffada010000 - 0x00007ffada092000 	C:\Program Files\Java\jdk-13.0.1\bin\freetype.dll
0x00007ffad8db0000 - 0x00007ffad8e56000 	C:\Program Files\Java\jdk-13.0.1\bin\fontmanager.dll
0x00007ffae2700000 - 0x00007ffae2719000 	C:\Program Files\Java\jdk-13.0.1\bin\net.dll
0x00007ffaea420000 - 0x00007ffaea512000 	C:\Windows\SYSTEM32\WINHTTP.dll
0x00007ffaee760000 - 0x00007ffaee7c7000 	C:\Windows\system32\mswsock.dll
0x00007ffae23c0000 - 0x00007ffae23d3000 	C:\Program Files\Java\jdk-13.0.1\bin\nio.dll
0x00007ffae1be0000 - 0x00007ffae1c75000 	C:\Windows\System32\TextInputFramework.dll
0x00007ffaeafa0000 - 0x00007ffaeb2c2000 	C:\Windows\System32\CoreUIComponents.dll
0x00007ffaecf70000 - 0x00007ffaed052000 	C:\Windows\System32\CoreMessaging.dll
0x00007ffaeae40000 - 0x00007ffaeaf93000 	C:\Windows\SYSTEM32\wintypes.dll

dbghelp: loaded successfully - version: 4.0.5 - missing functions: none
symbol engine: initialized successfully - sym options: 0x614 - pdb path: .;C:\Program Files\Java\jdk-13.0.1\bin;C:\Windows\SYSTEM32;C:\Windows\WinSxS\amd64_microsoft.windows.common-controls_6595b64144ccf1df_6.0.17763.973_none_05b245900721eb81;C:\Program Files\Java\jdk-13.0.1\bin\server;C:\Windows\System32\DriverStore\FileRepository\nv_dispi.inf_amd64_d223212c0a2275b5

VM Arguments:
jvm_args: -Dfile.encoding=Cp1252 
java_command: yuckyChocky
java_class_path (initial): D:\Comp 2005\Yucky Chocky\Yucky Chocky\bin
Launcher Type: SUN_STANDARD

[Global flags]
     intx CICompilerCount                          = 3                                         {product} {ergonomic}
     uint ConcGCThreads                            = 1                                         {product} {ergonomic}
     uint G1ConcRefinementThreads                  = 4                                         {product} {ergonomic}
   size_t G1HeapRegionSize                         = 1048576                                   {product} {ergonomic}
    uintx GCDrainStackTargetSize                   = 64                                        {product} {ergonomic}
   size_t InitialHeapSize                          = 268435456                                 {product} {ergonomic}
   size_t MarkStackSize                            = 4194304                                   {product} {ergonomic}
   size_t MaxHeapSize                              = 4284481536                                {product} {ergonomic}
   size_t MaxNewSize                               = 2570059776                                {product} {ergonomic}
   size_t MinHeapDeltaBytes                        = 1048576                                   {product} {ergonomic}
   size_t MinHeapSize                              = 8388608                                   {product} {ergonomic}
    uintx NonNMethodCodeHeapSize                   = 5830732                                {pd product} {ergonomic}
    uintx NonProfiledCodeHeapSize                  = 122913754                              {pd product} {ergonomic}
    uintx ProfiledCodeHeapSize                     = 122913754                              {pd product} {ergonomic}
    uintx ReservedCodeCacheSize                    = 251658240                              {pd product} {ergonomic}
     bool SegmentedCodeCache                       = true                                      {product} {ergonomic}
   size_t SoftMaxHeapSize                          = 4284481536                             {manageable} {ergonomic}
     bool UseCompressedClassPointers               = true                                 {lp64_product} {ergonomic}
     bool UseCompressedOops                        = true                                 {lp64_product} {ergonomic}
     bool UseG1GC                                  = true                                      {product} {ergonomic}
     bool UseLargePagesIndividualAllocation        = false                                  {pd product} {ergonomic}

Logging:
Log output configuration:
 #0: stdout all=warning uptime,level,tags
 #1: stderr all=off uptime,level,tags

Environment Variables:
PATH=C:/Program Files/Java/jdk-13.0.1/bin/server;C:/Program Files/Java/jdk-13.0.1/bin;C:\Program Files\Java\jdk-13.0.1\bin;C:\Windows;C:\Windows\System32\Wbem;C:\Windows\System32\WindowsPowerShell\v1.0\;C:\Windows\System32\OpenSSH\;C:\Program Files\NVIDIA Corporation\NVIDIA NvDLISR;C:\Program Files (x86)\NVIDIA Corporation\PhysX\Common;C:\Program Files\Java\jdk-13.0.1\bin;;D:\Microsoft VS Code\bin;C:\Users\Junaid\Desktop;
USERNAME=Junaid
OS=Windows_NT
PROCESSOR_IDENTIFIER=Intel64 Family 6 Model 58 Stepping 9, GenuineIntel



---------------  S Y S T E M  ---------------

OS: Windows 10 , 64 bit Build 17763 (10.0.17763.475)

CPU:total 4 (initial active 4) (4 cores per cpu, 1 threads per core) family 6 model 58 stepping 9, cmov, cx8, fxsr, mmx, sse, sse2, sse3, ssse3, sse4.1, sse4.2, popcnt, avx, aes, clmul, erms, tsc, tscinvbit, tscinv

Memory: 4k page, system-wide physical 16339M (8858M free)
TotalPageFile size 30646M (AvailPageFile size 251M)
current process WorkingSet (physical memory assigned to process): 46M, peak: 67M
current process commit charge ("private bytes"): 360M, peak: 362M

vm_info: Java HotSpot(TM) 64-Bit Server VM (13.0.1+9) for windows-amd64 JRE (13.0.1+9), built on Oct  6 2019 12:37:49 by "mach5one" with unknown MS VC++:1916

END.
