#
# A fatal error has been detected by the Java Runtime Environment:
#
#  EXCEPTION_ACCESS_VIOLATION (0xc0000005) at pc=0x00007ffad9602fca, pid=2268, tid=1744
#
# JRE version: Java(TM) SE Runtime Environment (13.0.1+9) (build 13.0.1+9)
# Java VM: Java HotSpot(TM) 64-Bit Server VM (13.0.1+9, mixed mode, sharing, tiered, compressed oops, g1 gc, windows-amd64)
# Problematic frame:
# C  [awt.dll+0xd2fca]
#
# No core dump will be written. Minidumps are not enabled by default on client versions of Windows
#
# If you would like to submit a bug report, please visit:
#   http://bugreport.java.com/bugreport/crash.jsp
# The crash happened outside the Java Virtual Machine in native code.
# See problematic frame for where to report the bug.
#

---------------  S U M M A R Y ------------

Command Line: -Dfile.encoding=Cp1252 yuckyChocky

Host: Intel(R) Core(TM) i5-3330 CPU @ 3.00GHz, 4 cores, 15G,  Windows 10 , 64 bit Build 17763 (10.0.17763.475)
Time: Thu Jan 23 19:35:38 2020 Newfoundland Standard Time elapsed time: 87416 seconds (1d 0h 16m 56s)

---------------  T H R E A D  ---------------

Current thread (0x0000015446044000):  JavaThread "AWT-EventQueue-0" [_thread_in_native, id=1744, stack(0x0000004b0ef00000,0x0000004b0f000000)]

Stack: [0x0000004b0ef00000,0x0000004b0f000000],  sp=0x0000004b0effeaa0,  free space=1018k
Native frames: (J=compiled Java code, j=interpreted, Vv=VM code, C=native code)
C  [awt.dll+0xd2fca]

Java frames: (J=compiled Java code, j=interpreted, Vv=VM code)
j  sun.awt.Win32GraphicsDevice.initNativeScale(I)V+0 java.desktop@13.0.1
j  sun.awt.Win32GraphicsDevice.initScaleFactors()V+60 java.desktop@13.0.1
j  sun.awt.Win32GraphicsDevice.displayChanged()V+16 java.desktop@13.0.1
j  sun.java2d.d3d.D3DGraphicsDevice.displayChanged()V+1 java.desktop@13.0.1
j  sun.awt.Win32GraphicsEnvironment.displayChanged()V+271 java.desktop@13.0.1
j  sun.awt.windows.WToolkit.lambda$displayChanged$4()V+15 java.desktop@13.0.1
j  sun.awt.windows.WToolkit$$Lambda$132.run()V+0 java.desktop@13.0.1
J 1058 c1 java.awt.event.InvocationEvent.dispatch()V java.desktop@13.0.1 (69 bytes) @ 0x000001542a7a1e6c [0x000001542a7a1c20+0x000000000000024c]
J 930 c1 java.awt.EventQueue.dispatchEventImpl(Ljava/awt/AWTEvent;Ljava/lang/Object;)V java.desktop@13.0.1 (136 bytes) @ 0x000001542a72699c [0x000001542a724f20+0x0000000000001a7c]
J 938 c1 java.awt.EventQueue$4.run()Ljava/lang/Void; java.desktop@13.0.1 (60 bytes) @ 0x000001542a72da64 [0x000001542a72d900+0x0000000000000164]
J 855 c1 java.awt.EventQueue.dispatchEvent(Ljava/awt/AWTEvent;)V java.desktop@13.0.1 (80 bytes) @ 0x000001542a6fee34 [0x000001542a6fe500+0x0000000000000934]
J 933 c1 java.awt.EventDispatchThread.pumpOneEventForFilters(I)V java.desktop@13.0.1 (113 bytes) @ 0x000001542a72b044 [0x000001542a72a8a0+0x00000000000007a4]
j  java.awt.EventDispatchThread.pumpEventsForFilter(ILjava/awt/Conditional;Ljava/awt/EventFilter;)V+35 java.desktop@13.0.1
j  java.awt.EventDispatchThread.pumpEventsForHierarchy(ILjava/awt/Conditional;Ljava/awt/Component;)V+11 java.desktop@13.0.1
j  java.awt.EventDispatchThread.pumpEvents(ILjava/awt/Conditional;)V+4 java.desktop@13.0.1
j  java.awt.EventDispatchThread.pumpEvents(Ljava/awt/Conditional;)V+3 java.desktop@13.0.1
j  java.awt.EventDispatchThread.run()V+9 java.desktop@13.0.1
v  ~StubRoutines::call_stub

siginfo: EXCEPTION_ACCESS_VIOLATION (0xc0000005), reading address 0x00000000006e759a


Register to memory mapping:

RIP=0x00007ffad9602fca awt.dll
RAX=0x0000004b0effeac8 is pointing into the stack for thread: 0x0000015446044000
RBX=0x00000000006e7572 is an unknown value
RCX=0x00000000006e7572 is an unknown value
RDX=0x0 is NULL
RSP=0x0000004b0effeaa0 is pointing into the stack for thread: 0x0000015446044000
RBP=0x0000004b0effeb90 is pointing into the stack for thread: 0x0000015446044000
RSI=0x0 is NULL
RDI=0x0 is NULL
R8 =0x0000000000000001 is an unknown value
R9 =0x00000000000000dd is an unknown value
R10=0x000001542a02f448 is at code_begin+1000 in an Interpreter codelet
method entry point (kind = native)  [0x000001542a02f060, 0x000001542a02fbc0]  2912 bytes
R11=0x0000000000000100 is an unknown value
R12=0x0 is NULL
R13={method} {0x0000015445079a50} 'initNativeScale' '(I)V' in 'sun/awt/Win32GraphicsDevice'
R14=0x0000004b0effebb8 is pointing into the stack for thread: 0x0000015446044000
R15=0x0000015446044000 is a thread


Registers:
RAX=0x0000004b0effeac8, RBX=0x00000000006e7572, RCX=0x00000000006e7572, RDX=0x0000000000000000
RSP=0x0000004b0effeaa0, RBP=0x0000004b0effeb90, RSI=0x0000000000000000, RDI=0x0000000000000000
R8 =0x0000000000000001, R9 =0x00000000000000dd, R10=0x000001542a02f448, R11=0x0000000000000100
R12=0x0000000000000000, R13=0x0000015445079a48, R14=0x0000004b0effebb8, R15=0x0000015446044000
RIP=0x00007ffad9602fca, EFLAGS=0x0000000000010206

Top of Stack: (sp=0x0000004b0effeaa0)
0x0000004b0effeaa0:   0000015446044000 0000004b0effed68
0x0000004b0effeab0:   fffffffffffffffe 0000000000000000
0x0000004b0effeac0:   000001544d9901d0 00007ffad96043b4
0x0000004b0effead0:   00007ffabf800000 0000015445079a48
0x0000004b0effeae0:   0000015444fe2e58 00000000000000b6
0x0000004b0effeaf0:   fffffffffffffffe 00000000000003d8
0x0000004b0effeb00:   000001542a029fc0 000001542a02f477
0x0000004b0effeb10:   0000015445079a48 0000004b0effec78
0x0000004b0effeb20:   0000000000000000 0000000000000000
0x0000004b0effeb30:   0000004b0effeba0 00007ffac88a2ba9
0x0000004b0effeb40:   0000015445482dc8 0000004b0effeb48
0x0000004b0effeb50:   0000000000000000 0000004b0effebb8
0x0000004b0effeb60:   000001544507c5a0 0000000000000000
0x0000004b0effeb70:   000000070fa48380 0000015445079a48
0x0000004b0effeb80:   0000000000000000 0000004b0effebb0
0x0000004b0effeb90:   0000004b0effec08 000001542a02a273 

Instructions: (pc=0x00007ffad9602fca)
0x00007ffad9602eca:   08 33 ff 48 85 c9 74 07 48 8b b9 08 0c 00 00 48
0x00007ffad9602eda:   8b cb e8 7f 55 f5 ff 90 48 8b c7 48 8b 5c 24 40
0x00007ffad9602eea:   48 83 c4 30 5f c3 f3 0f 10 41 48 c3 cc cc f3 0f
0x00007ffad9602efa:   10 41 4c c3 cc cc 40 57 48 83 ec 30 48 c7 44 24
0x00007ffad9602f0a:   20 fe ff ff ff 48 89 5c 24 40 48 89 74 24 50 48
0x00007ffad9602f1a:   8b f1 ba 02 00 01 00 48 8b 0d f0 ce 07 00 e8 c6
0x00007ffad9602f2a:   eb 00 00 48 8b d8 e8 1b 54 f5 ff 48 85 c0 75 08
0x00007ffad9602f3a:   48 8b cb e8 fe 55 f5 ff e8 09 54 f5 ff 48 8b d8
0x00007ffad9602f4a:   48 89 44 24 48 33 ff 39 78 0c 7e 27 41 b8 01 00
0x00007ffad9602f5a:   00 00 8b d7 48 8b cb e8 4a 53 f5 ff 48 8b 50 28
0x00007ffad9602f6a:   48 8b ce e8 92 f6 ff ff 85 c0 75 0d ff c7 3b 7b
0x00007ffad9602f7a:   0c 7c d9 8b 3d ad d3 07 00 48 8b cb e8 d5 54 f5
0x00007ffad9602f8a:   ff 90 8b c7 48 8b 5c 24 40 48 8b 74 24 50 48 83
0x00007ffad9602f9a:   c4 30 5f c3 cc cc 48 8b 41 08 48 8b 80 18 0c 00
0x00007ffad9602faa:   00 c3 48 8b 41 08 48 05 00 04 00 00 c3 cc 48 8b
0x00007ffad9602fba:   c4 53 48 83 ec 20 48 8b d9 c7 40 08 00 00 80 bf
0x00007ffad9602fca:   48 8b 49 28 4c 8d 40 10 48 8d 50 08 c7 40 10 00
0x00007ffad9602fda:   00 80 bf e8 52 cc 00 00 f3 0f 10 54 24 30 0f 57
0x00007ffad9602fea:   c0 0f 2f d0 76 25 f3 0f 10 4c 24 38 0f 2f c8 76
0x00007ffad9602ffa:   1a f3 0f 5e 15 61 f5 02 00 f3 0f 5e 0d 59 f5 02
0x00007ffad960300a:   00 f3 0f 11 53 48 f3 0f 11 4b 4c 48 83 c4 20 5b
0x00007ffad960301a:   c3 cc 48 8b c4 57 41 54 41 56 48 83 ec 50 48 c7
0x00007ffad960302a:   40 d8 fe ff ff ff 48 89 58 10 48 89 70 18 48 8b
0x00007ffad960303a:   d9 48 8b 41 18 33 ff 48 85 c0 75 18 b9 28 04 00
0x00007ffad960304a:   00 e8 88 88 00 00 48 89 43 18 c7 00 28 00 00 00
0x00007ffad960305a:   48 8b 43 18 66 89 78 0e 48 8b 4b 28 e8 29 03 00
0x00007ffad960306a:   00 48 8b f0 41 bc 01 00 00 00 45 8b c4 41 8b d4
0x00007ffad960307a:   48 8b c8 ff 15 6d 94 07 00 4c 8b f0 89 7c 24 30
0x00007ffad960308a:   48 8b 4b 18 48 89 4c 24 28 48 89 7c 24 20 45 8b
0x00007ffad960309a:   cc 45 33 c0 48 8b d0 48 8b ce ff 15 2e 95 07 00
0x00007ffad96030aa:   48 8b 0b 41 8d 54 24 07 48 8b 43 30 39 51 04 0f
0x00007ffad96030ba:   8e ca 01 00 00 44 84 60 24 74 09 89 3d 69 d2 07 


Stack slot to memory mapping:
stack at sp + 0 slots: 0x0000015446044000 is a thread
stack at sp + 1 slots: 0x0000004b0effed68 is pointing into the stack for thread: 0x0000015446044000
stack at sp + 2 slots: 0xfffffffffffffffe is an unknown value
stack at sp + 3 slots: 0x0 is NULL
stack at sp + 4 slots: 0x000001544d9901d0 points into unknown readable memory: 20 a2 13 46 54 01 00 00
stack at sp + 5 slots: 0x00007ffad96043b4 awt.dll
stack at sp + 6 slots: 0x00007ffabf800000 is an unknown value
stack at sp + 7 slots: {method} {0x0000015445079a50} 'initNativeScale' '(I)V' in 'sun/awt/Win32GraphicsDevice'


---------------  P R O C E S S  ---------------

Threads class SMR info:
_java_thread_list=0x0000015446025d70, length=15, elements={
0x0000015444e02000, 0x0000015444e06000, 0x0000015444e1e000, 0x0000015444e20000,
0x0000015444e28000, 0x0000015444e2a800, 0x0000015444e2b800, 0x00000154457e5800,
0x00000154457f3800, 0x0000015445b6a000, 0x0000015445b33000, 0x0000015445b43000,
0x0000015446044000, 0x0000015446076800, 0x0000015421b1c800
}

Java Threads: ( => current thread )
  0x0000015444e02000 JavaThread "Reference Handler" daemon [_thread_blocked, id=7536, stack(0x0000004b0e000000,0x0000004b0e100000)]
  0x0000015444e06000 JavaThread "Finalizer" daemon [_thread_blocked, id=7032, stack(0x0000004b0e100000,0x0000004b0e200000)]
  0x0000015444e1e000 JavaThread "Signal Dispatcher" daemon [_thread_blocked, id=7884, stack(0x0000004b0e200000,0x0000004b0e300000)]
  0x0000015444e20000 JavaThread "Attach Listener" daemon [_thread_blocked, id=5472, stack(0x0000004b0e300000,0x0000004b0e400000)]
  0x0000015444e28000 JavaThread "C2 CompilerThread0" daemon [_thread_blocked, id=8008, stack(0x0000004b0e400000,0x0000004b0e500000)]
  0x0000015444e2a800 JavaThread "C1 CompilerThread0" daemon [_thread_blocked, id=10952, stack(0x0000004b0e500000,0x0000004b0e600000)]
  0x0000015444e2b800 JavaThread "Sweeper thread" daemon [_thread_blocked, id=4516, stack(0x0000004b0e600000,0x0000004b0e700000)]
  0x00000154457e5800 JavaThread "Service Thread" daemon [_thread_blocked, id=704, stack(0x0000004b0e700000,0x0000004b0e800000)]
  0x00000154457f3800 JavaThread "Common-Cleaner" daemon [_thread_blocked, id=5684, stack(0x0000004b0e900000,0x0000004b0ea00000)]
  0x0000015445b6a000 JavaThread "Java2D Disposer" daemon [_thread_blocked, id=7260, stack(0x0000004b0ea00000,0x0000004b0eb00000)]
  0x0000015445b33000 JavaThread "AWT-Shutdown" [_thread_blocked, id=3028, stack(0x0000004b0eb00000,0x0000004b0ec00000)]
  0x0000015445b43000 JavaThread "AWT-Windows" daemon [_thread_in_native, id=204, stack(0x0000004b0ec00000,0x0000004b0ed00000)]
=>0x0000015446044000 JavaThread "AWT-EventQueue-0" [_thread_in_native, id=1744, stack(0x0000004b0ef00000,0x0000004b0f000000)]
  0x0000015446076800 JavaThread "D3D Screen Updater" daemon [_thread_in_native, id=10776, stack(0x0000004b0f000000,0x0000004b0f100000)]
  0x0000015421b1c800 JavaThread "DestroyJavaVM" [_thread_blocked, id=3404, stack(0x0000004b0d900000,0x0000004b0da00000)]

Other Threads:
  0x0000015444e00000 VMThread "VM Thread" [stack: 0x0000004b0df00000,0x0000004b0e000000] [id=11088]
  0x00000154457f2000 WatcherThread [stack: 0x0000004b0e800000,0x0000004b0e900000] [id=4312]
  0x0000015421b88000 GCTaskThread "GC Thread#0" [stack: 0x0000004b0da00000,0x0000004b0db00000] [id=4772]
  0x0000015445e76800 GCTaskThread "GC Thread#1" [stack: 0x0000004b0d600000,0x0000004b0d700000] [id=19200]
  0x0000015445e62000 GCTaskThread "GC Thread#2" [stack: 0x0000004b0d700000,0x0000004b0d800000] [id=19212]
  0x0000015445e64000 GCTaskThread "GC Thread#3" [stack: 0x0000004b0d800000,0x0000004b0d900000] [id=11976]
  0x0000015421bac800 ConcurrentGCThread "G1 Main Marker" [stack: 0x0000004b0db00000,0x0000004b0dc00000] [id=2012]
  0x0000015421bad800 ConcurrentGCThread "G1 Conc#0" [stack: 0x0000004b0dc00000,0x0000004b0dd00000] [id=1320]
  0x0000015444cf9800 ConcurrentGCThread "G1 Refine#0" [stack: 0x0000004b0dd00000,0x0000004b0de00000] [id=2420]
  0x0000015444cfb800 ConcurrentGCThread "G1 Young RemSet Sampling" [stack: 0x0000004b0de00000,0x0000004b0df00000] [id=472]

Threads with active compile tasks:

VM state:not at safepoint (normal execution)

VM Mutex/Monitor currently owned by a thread: None

Heap address: 0x0000000700a00000, size: 4086 MB, Compressed Oops mode: Zero based, Oop shift amount: 3
Narrow klass base: 0x0000000800000000, Narrow klass shift: 3
Compressed class space size: 1073741824 Address: 0x0000000800b40000

Heap:
 garbage-first heap   total 262144K, used 3954K [0x0000000700a00000, 0x0000000800000000)
  region size 1024K, 5 young (5120K), 2 survivors (2048K)
 Metaspace       used 7131K, capacity 7383K, committed 7552K, reserved 1056768K
  class space    used 764K, capacity 893K, committed 896K, reserved 1048576K
Heap Regions: E=young(eden), S=young(survivor), O=old, HS=humongous(starts), HC=humongous(continues), CS=collection set, F=free, A=archive, TAMS=top-at-mark-start (previous, next)
|   0|0x0000000700a00000, 0x0000000700a00000, 0x0000000700b00000|  0%| F|  |TAMS 0x0000000700a00000, 0x0000000700a00000| Untracked 
|   1|0x0000000700b00000, 0x0000000700b00000, 0x0000000700c00000|  0%| F|  |TAMS 0x0000000700b00000, 0x0000000700b00000| Untracked 
|   2|0x0000000700c00000, 0x0000000700c00000, 0x0000000700d00000|  0%| F|  |TAMS 0x0000000700c00000, 0x0000000700c00000| Untracked 
|   3|0x0000000700d00000, 0x0000000700d00000, 0x0000000700e00000|  0%| F|  |TAMS 0x0000000700d00000, 0x0000000700d00000| Untracked 
|   4|0x0000000700e00000, 0x0000000700e00000, 0x0000000700f00000|  0%| F|  |TAMS 0x0000000700e00000, 0x0000000700e00000| Untracked 
|   5|0x0000000700f00000, 0x0000000700f00000, 0x0000000701000000|  0%| F|  |TAMS 0x0000000700f00000, 0x0000000700f00000| Untracked 
|   6|0x0000000701000000, 0x0000000701000000, 0x0000000701100000|  0%| F|  |TAMS 0x0000000701000000, 0x0000000701000000| Untracked 
|   7|0x0000000701100000, 0x0000000701100000, 0x0000000701200000|  0%| F|  |TAMS 0x0000000701100000, 0x0000000701100000| Untracked 
|   8|0x0000000701200000, 0x0000000701200000, 0x0000000701300000|  0%| F|  |TAMS 0x0000000701200000, 0x0000000701200000| Untracked 
|   9|0x0000000701300000, 0x0000000701300000, 0x0000000701400000|  0%| F|  |TAMS 0x0000000701300000, 0x0000000701300000| Untracked 
|  10|0x0000000701400000, 0x0000000701400000, 0x0000000701500000|  0%| F|  |TAMS 0x0000000701400000, 0x0000000701400000| Untracked 
|  11|0x0000000701500000, 0x0000000701500000, 0x0000000701600000|  0%| F|  |TAMS 0x0000000701500000, 0x0000000701500000| Untracked 
|  12|0x0000000701600000, 0x0000000701600000, 0x0000000701700000|  0%| F|  |TAMS 0x0000000701600000, 0x0000000701600000| Untracked 
|  13|0x0000000701700000, 0x0000000701700000, 0x0000000701800000|  0%| F|  |TAMS 0x0000000701700000, 0x0000000701700000| Untracked 
|  14|0x0000000701800000, 0x0000000701800000, 0x0000000701900000|  0%| F|  |TAMS 0x0000000701800000, 0x0000000701800000| Untracked 
|  15|0x0000000701900000, 0x0000000701900000, 0x0000000701a00000|  0%| F|  |TAMS 0x0000000701900000, 0x0000000701900000| Untracked 
|  16|0x0000000701a00000, 0x0000000701a00000, 0x0000000701b00000|  0%| F|  |TAMS 0x0000000701a00000, 0x0000000701a00000| Untracked 
|  17|0x0000000701b00000, 0x0000000701b00000, 0x0000000701c00000|  0%| F|  |TAMS 0x0000000701b00000, 0x0000000701b00000| Untracked 
|  18|0x0000000701c00000, 0x0000000701c00000, 0x0000000701d00000|  0%| F|  |TAMS 0x0000000701c00000, 0x0000000701c00000| Untracked 
|  19|0x0000000701d00000, 0x0000000701d00000, 0x0000000701e00000|  0%| F|  |TAMS 0x0000000701d00000, 0x0000000701d00000| Untracked 
|  20|0x0000000701e00000, 0x0000000701e00000, 0x0000000701f00000|  0%| F|  |TAMS 0x0000000701e00000, 0x0000000701e00000| Untracked 
|  21|0x0000000701f00000, 0x0000000701f00000, 0x0000000702000000|  0%| F|  |TAMS 0x0000000701f00000, 0x0000000701f00000| Untracked 
|  22|0x0000000702000000, 0x0000000702000000, 0x0000000702100000|  0%| F|  |TAMS 0x0000000702000000, 0x0000000702000000| Untracked 
|  23|0x0000000702100000, 0x0000000702100000, 0x0000000702200000|  0%| F|  |TAMS 0x0000000702100000, 0x0000000702100000| Untracked 
|  24|0x0000000702200000, 0x0000000702200000, 0x0000000702300000|  0%| F|  |TAMS 0x0000000702200000, 0x0000000702200000| Untracked 
|  25|0x0000000702300000, 0x0000000702300000, 0x0000000702400000|  0%| F|  |TAMS 0x0000000702300000, 0x0000000702300000| Untracked 
|  26|0x0000000702400000, 0x0000000702400000, 0x0000000702500000|  0%| F|  |TAMS 0x0000000702400000, 0x0000000702400000| Untracked 
|  27|0x0000000702500000, 0x0000000702500000, 0x0000000702600000|  0%| F|  |TAMS 0x0000000702500000, 0x0000000702500000| Untracked 
|  28|0x0000000702600000, 0x0000000702600000, 0x0000000702700000|  0%| F|  |TAMS 0x0000000702600000, 0x0000000702600000| Untracked 
|  29|0x0000000702700000, 0x0000000702700000, 0x0000000702800000|  0%| F|  |TAMS 0x0000000702700000, 0x0000000702700000| Untracked 
|  30|0x0000000702800000, 0x0000000702800000, 0x0000000702900000|  0%| F|  |TAMS 0x0000000702800000, 0x0000000702800000| Untracked 
|  31|0x0000000702900000, 0x0000000702900000, 0x0000000702a00000|  0%| F|  |TAMS 0x0000000702900000, 0x0000000702900000| Untracked 
|  32|0x0000000702a00000, 0x0000000702a00000, 0x0000000702b00000|  0%| F|  |TAMS 0x0000000702a00000, 0x0000000702a00000| Untracked 
|  33|0x0000000702b00000, 0x0000000702b00000, 0x0000000702c00000|  0%| F|  |TAMS 0x0000000702b00000, 0x0000000702b00000| Untracked 
|  34|0x0000000702c00000, 0x0000000702c00000, 0x0000000702d00000|  0%| F|  |TAMS 0x0000000702c00000, 0x0000000702c00000| Untracked 
|  35|0x0000000702d00000, 0x0000000702d00000, 0x0000000702e00000|  0%| F|  |TAMS 0x0000000702d00000, 0x0000000702d00000| Untracked 
|  36|0x0000000702e00000, 0x0000000702e00000, 0x0000000702f00000|  0%| F|  |TAMS 0x0000000702e00000, 0x0000000702e00000| Untracked 
|  37|0x0000000702f00000, 0x0000000702f00000, 0x0000000703000000|  0%| F|  |TAMS 0x0000000702f00000, 0x0000000702f00000| Untracked 
|  38|0x0000000703000000, 0x0000000703000000, 0x0000000703100000|  0%| F|  |TAMS 0x0000000703000000, 0x0000000703000000| Untracked 
|  39|0x0000000703100000, 0x0000000703100000, 0x0000000703200000|  0%| F|  |TAMS 0x0000000703100000, 0x0000000703100000| Untracked 
|  40|0x0000000703200000, 0x0000000703200000, 0x0000000703300000|  0%| F|  |TAMS 0x0000000703200000, 0x0000000703200000| Untracked 
|  41|0x0000000703300000, 0x0000000703300000, 0x0000000703400000|  0%| F|  |TAMS 0x0000000703300000, 0x0000000703300000| Untracked 
|  42|0x0000000703400000, 0x0000000703400000, 0x0000000703500000|  0%| F|  |TAMS 0x0000000703400000, 0x0000000703400000| Untracked 
|  43|0x0000000703500000, 0x0000000703500000, 0x0000000703600000|  0%| F|  |TAMS 0x0000000703500000, 0x0000000703500000| Untracked 
|  44|0x0000000703600000, 0x0000000703600000, 0x0000000703700000|  0%| F|  |TAMS 0x0000000703600000, 0x0000000703600000| Untracked 
|  45|0x0000000703700000, 0x0000000703700000, 0x0000000703800000|  0%| F|  |TAMS 0x0000000703700000, 0x0000000703700000| Untracked 
|  46|0x0000000703800000, 0x0000000703800000, 0x0000000703900000|  0%| F|  |TAMS 0x0000000703800000, 0x0000000703800000| Untracked 
|  47|0x0000000703900000, 0x0000000703900000, 0x0000000703a00000|  0%| F|  |TAMS 0x0000000703900000, 0x0000000703900000| Untracked 
|  48|0x0000000703a00000, 0x0000000703a00000, 0x0000000703b00000|  0%| F|  |TAMS 0x0000000703a00000, 0x0000000703a00000| Untracked 
|  49|0x0000000703b00000, 0x0000000703b00000, 0x0000000703c00000|  0%| F|  |TAMS 0x0000000703b00000, 0x0000000703b00000| Untracked 
|  50|0x0000000703c00000, 0x0000000703c00000, 0x0000000703d00000|  0%| F|  |TAMS 0x0000000703c00000, 0x0000000703c00000| Untracked 
|  51|0x0000000703d00000, 0x0000000703d00000, 0x0000000703e00000|  0%| F|  |TAMS 0x0000000703d00000, 0x0000000703d00000| Untracked 
|  52|0x0000000703e00000, 0x0000000703e00000, 0x0000000703f00000|  0%| F|  |TAMS 0x0000000703e00000, 0x0000000703e00000| Untracked 
|  53|0x0000000703f00000, 0x0000000703f00000, 0x0000000704000000|  0%| F|  |TAMS 0x0000000703f00000, 0x0000000703f00000| Untracked 
|  54|0x0000000704000000, 0x0000000704000000, 0x0000000704100000|  0%| F|  |TAMS 0x0000000704000000, 0x0000000704000000| Untracked 
|  55|0x0000000704100000, 0x0000000704100000, 0x0000000704200000|  0%| F|  |TAMS 0x0000000704100000, 0x0000000704100000| Untracked 
|  56|0x0000000704200000, 0x0000000704200000, 0x0000000704300000|  0%| F|  |TAMS 0x0000000704200000, 0x0000000704200000| Untracked 
|  57|0x0000000704300000, 0x0000000704300000, 0x0000000704400000|  0%| F|  |TAMS 0x0000000704300000, 0x0000000704300000| Untracked 
|  58|0x0000000704400000, 0x0000000704400000, 0x0000000704500000|  0%| F|  |TAMS 0x0000000704400000, 0x0000000704400000| Untracked 
|  59|0x0000000704500000, 0x0000000704500000, 0x0000000704600000|  0%| F|  |TAMS 0x0000000704500000, 0x0000000704500000| Untracked 
|  60|0x0000000704600000, 0x0000000704600000, 0x0000000704700000|  0%| F|  |TAMS 0x0000000704600000, 0x0000000704600000| Untracked 
|  61|0x0000000704700000, 0x0000000704700000, 0x0000000704800000|  0%| F|  |TAMS 0x0000000704700000, 0x0000000704700000| Untracked 
|  62|0x0000000704800000, 0x0000000704800000, 0x0000000704900000|  0%| F|  |TAMS 0x0000000704800000, 0x0000000704800000| Untracked 
|  63|0x0000000704900000, 0x0000000704900000, 0x0000000704a00000|  0%| F|  |TAMS 0x0000000704900000, 0x0000000704900000| Untracked 
|  64|0x0000000704a00000, 0x0000000704a00000, 0x0000000704b00000|  0%| F|  |TAMS 0x0000000704a00000, 0x0000000704a00000| Untracked 
|  65|0x0000000704b00000, 0x0000000704b00000, 0x0000000704c00000|  0%| F|  |TAMS 0x0000000704b00000, 0x0000000704b00000| Untracked 
|  66|0x0000000704c00000, 0x0000000704c00000, 0x0000000704d00000|  0%| F|  |TAMS 0x0000000704c00000, 0x0000000704c00000| Untracked 
|  67|0x0000000704d00000, 0x0000000704d00000, 0x0000000704e00000|  0%| F|  |TAMS 0x0000000704d00000, 0x0000000704d00000| Untracked 
|  68|0x0000000704e00000, 0x0000000704e00000, 0x0000000704f00000|  0%| F|  |TAMS 0x0000000704e00000, 0x0000000704e00000| Untracked 
|  69|0x0000000704f00000, 0x0000000704f00000, 0x0000000705000000|  0%| F|  |TAMS 0x0000000704f00000, 0x0000000704f00000| Untracked 
|  70|0x0000000705000000, 0x0000000705000000, 0x0000000705100000|  0%| F|  |TAMS 0x0000000705000000, 0x0000000705000000| Untracked 
|  71|0x0000000705100000, 0x0000000705100000, 0x0000000705200000|  0%| F|  |TAMS 0x0000000705100000, 0x0000000705100000| Untracked 
|  72|0x0000000705200000, 0x0000000705200000, 0x0000000705300000|  0%| F|  |TAMS 0x0000000705200000, 0x0000000705200000| Untracked 
|  73|0x0000000705300000, 0x0000000705300000, 0x0000000705400000|  0%| F|  |TAMS 0x0000000705300000, 0x0000000705300000| Untracked 
|  74|0x0000000705400000, 0x0000000705400000, 0x0000000705500000|  0%| F|  |TAMS 0x0000000705400000, 0x0000000705400000| Untracked 
|  75|0x0000000705500000, 0x0000000705500000, 0x0000000705600000|  0%| F|  |TAMS 0x0000000705500000, 0x0000000705500000| Untracked 
|  76|0x0000000705600000, 0x0000000705600000, 0x0000000705700000|  0%| F|  |TAMS 0x0000000705600000, 0x0000000705600000| Untracked 
|  77|0x0000000705700000, 0x0000000705700000, 0x0000000705800000|  0%| F|  |TAMS 0x0000000705700000, 0x0000000705700000| Untracked 
|  78|0x0000000705800000, 0x0000000705800000, 0x0000000705900000|  0%| F|  |TAMS 0x0000000705800000, 0x0000000705800000| Untracked 
|  79|0x0000000705900000, 0x0000000705900000, 0x0000000705a00000|  0%| F|  |TAMS 0x0000000705900000, 0x0000000705900000| Untracked 
|  80|0x0000000705a00000, 0x0000000705a00000, 0x0000000705b00000|  0%| F|  |TAMS 0x0000000705a00000, 0x0000000705a00000| Untracked 
|  81|0x0000000705b00000, 0x0000000705b00000, 0x0000000705c00000|  0%| F|  |TAMS 0x0000000705b00000, 0x0000000705b00000| Untracked 
|  82|0x0000000705c00000, 0x0000000705c00000, 0x0000000705d00000|  0%| F|  |TAMS 0x0000000705c00000, 0x0000000705c00000| Untracked 
|  83|0x0000000705d00000, 0x0000000705d00000, 0x0000000705e00000|  0%| F|  |TAMS 0x0000000705d00000, 0x0000000705d00000| Untracked 
|  84|0x0000000705e00000, 0x0000000705e00000, 0x0000000705f00000|  0%| F|  |TAMS 0x0000000705e00000, 0x0000000705e00000| Untracked 
|  85|0x0000000705f00000, 0x0000000705f00000, 0x0000000706000000|  0%| F|  |TAMS 0x0000000705f00000, 0x0000000705f00000| Untracked 
|  86|0x0000000706000000, 0x0000000706000000, 0x0000000706100000|  0%| F|  |TAMS 0x0000000706000000, 0x0000000706000000| Untracked 
|  87|0x0000000706100000, 0x0000000706100000, 0x0000000706200000|  0%| F|  |TAMS 0x0000000706100000, 0x0000000706100000| Untracked 
|  88|0x0000000706200000, 0x0000000706200000, 0x0000000706300000|  0%| F|  |TAMS 0x0000000706200000, 0x0000000706200000| Untracked 
|  89|0x0000000706300000, 0x0000000706300000, 0x0000000706400000|  0%| F|  |TAMS 0x0000000706300000, 0x0000000706300000| Untracked 
|  90|0x0000000706400000, 0x0000000706400000, 0x0000000706500000|  0%| F|  |TAMS 0x0000000706400000, 0x0000000706400000| Untracked 
|  91|0x0000000706500000, 0x0000000706500000, 0x0000000706600000|  0%| F|  |TAMS 0x0000000706500000, 0x0000000706500000| Untracked 
|  92|0x0000000706600000, 0x0000000706600000, 0x0000000706700000|  0%| F|  |TAMS 0x0000000706600000, 0x0000000706600000| Untracked 
|  93|0x0000000706700000, 0x0000000706700000, 0x0000000706800000|  0%| F|  |TAMS 0x0000000706700000, 0x0000000706700000| Untracked 
|  94|0x0000000706800000, 0x0000000706800000, 0x0000000706900000|  0%| F|  |TAMS 0x0000000706800000, 0x0000000706800000| Untracked 
|  95|0x0000000706900000, 0x0000000706900000, 0x0000000706a00000|  0%| F|  |TAMS 0x0000000706900000, 0x0000000706900000| Untracked 
|  96|0x0000000706a00000, 0x0000000706a00000, 0x0000000706b00000|  0%| F|  |TAMS 0x0000000706a00000, 0x0000000706a00000| Untracked 
|  97|0x0000000706b00000, 0x0000000706b00000, 0x0000000706c00000|  0%| F|  |TAMS 0x0000000706b00000, 0x0000000706b00000| Untracked 
|  98|0x0000000706c00000, 0x0000000706c00000, 0x0000000706d00000|  0%| F|  |TAMS 0x0000000706c00000, 0x0000000706c00000| Untracked 
|  99|0x0000000706d00000, 0x0000000706d00000, 0x0000000706e00000|  0%| F|  |TAMS 0x0000000706d00000, 0x0000000706d00000| Untracked 
| 100|0x0000000706e00000, 0x0000000706e00000, 0x0000000706f00000|  0%| F|  |TAMS 0x0000000706e00000, 0x0000000706e00000| Untracked 
| 101|0x0000000706f00000, 0x0000000706f00000, 0x0000000707000000|  0%| F|  |TAMS 0x0000000706f00000, 0x0000000706f00000| Untracked 
| 102|0x0000000707000000, 0x0000000707000000, 0x0000000707100000|  0%| F|  |TAMS 0x0000000707000000, 0x0000000707000000| Untracked 
| 103|0x0000000707100000, 0x0000000707100000, 0x0000000707200000|  0%| F|  |TAMS 0x0000000707100000, 0x0000000707100000| Untracked 
| 104|0x0000000707200000, 0x0000000707200000, 0x0000000707300000|  0%| F|  |TAMS 0x0000000707200000, 0x0000000707200000| Untracked 
| 105|0x0000000707300000, 0x0000000707300000, 0x0000000707400000|  0%| F|  |TAMS 0x0000000707300000, 0x0000000707300000| Untracked 
| 106|0x0000000707400000, 0x0000000707400000, 0x0000000707500000|  0%| F|  |TAMS 0x0000000707400000, 0x0000000707400000| Untracked 
| 107|0x0000000707500000, 0x0000000707500000, 0x0000000707600000|  0%| F|  |TAMS 0x0000000707500000, 0x0000000707500000| Untracked 
| 108|0x0000000707600000, 0x0000000707600000, 0x0000000707700000|  0%| F|  |TAMS 0x0000000707600000, 0x0000000707600000| Untracked 
| 109|0x0000000707700000, 0x0000000707700000, 0x0000000707800000|  0%| F|  |TAMS 0x0000000707700000, 0x0000000707700000| Untracked 
| 110|0x0000000707800000, 0x0000000707800000, 0x0000000707900000|  0%| F|  |TAMS 0x0000000707800000, 0x0000000707800000| Untracked 
| 111|0x0000000707900000, 0x0000000707900000, 0x0000000707a00000|  0%| F|  |TAMS 0x0000000707900000, 0x0000000707900000| Untracked 
| 112|0x0000000707a00000, 0x0000000707a00000, 0x0000000707b00000|  0%| F|  |TAMS 0x0000000707a00000, 0x0000000707a00000| Untracked 
| 113|0x0000000707b00000, 0x0000000707b00000, 0x0000000707c00000|  0%| F|  |TAMS 0x0000000707b00000, 0x0000000707b00000| Untracked 
| 114|0x0000000707c00000, 0x0000000707c00000, 0x0000000707d00000|  0%| F|  |TAMS 0x0000000707c00000, 0x0000000707c00000| Untracked 
| 115|0x0000000707d00000, 0x0000000707d00000, 0x0000000707e00000|  0%| F|  |TAMS 0x0000000707d00000, 0x0000000707d00000| Untracked 
| 116|0x0000000707e00000, 0x0000000707e00000, 0x0000000707f00000|  0%| F|  |TAMS 0x0000000707e00000, 0x0000000707e00000| Untracked 
| 117|0x0000000707f00000, 0x0000000707f00000, 0x0000000708000000|  0%| F|  |TAMS 0x0000000707f00000, 0x0000000707f00000| Untracked 
| 118|0x0000000708000000, 0x0000000708000000, 0x0000000708100000|  0%| F|  |TAMS 0x0000000708000000, 0x0000000708000000| Untracked 
| 119|0x0000000708100000, 0x0000000708100000, 0x0000000708200000|  0%| F|  |TAMS 0x0000000708100000, 0x0000000708100000| Untracked 
| 120|0x0000000708200000, 0x0000000708200000, 0x0000000708300000|  0%| F|  |TAMS 0x0000000708200000, 0x0000000708200000| Untracked 
| 121|0x0000000708300000, 0x0000000708300000, 0x0000000708400000|  0%| F|  |TAMS 0x0000000708300000, 0x0000000708300000| Untracked 
| 122|0x0000000708400000, 0x0000000708400000, 0x0000000708500000|  0%| F|  |TAMS 0x0000000708400000, 0x0000000708400000| Untracked 
| 123|0x0000000708500000, 0x0000000708500000, 0x0000000708600000|  0%| F|  |TAMS 0x0000000708500000, 0x0000000708500000| Untracked 
| 124|0x0000000708600000, 0x0000000708600000, 0x0000000708700000|  0%| F|  |TAMS 0x0000000708600000, 0x0000000708600000| Untracked 
| 125|0x0000000708700000, 0x0000000708700000, 0x0000000708800000|  0%| F|  |TAMS 0x0000000708700000, 0x0000000708700000| Untracked 
| 126|0x0000000708800000, 0x0000000708800000, 0x0000000708900000|  0%| F|  |TAMS 0x0000000708800000, 0x0000000708800000| Untracked 
| 127|0x0000000708900000, 0x0000000708900000, 0x0000000708a00000|  0%| F|  |TAMS 0x0000000708900000, 0x0000000708900000| Untracked 
| 128|0x0000000708a00000, 0x0000000708a00000, 0x0000000708b00000|  0%| F|  |TAMS 0x0000000708a00000, 0x0000000708a00000| Untracked 
| 129|0x0000000708b00000, 0x0000000708b00000, 0x0000000708c00000|  0%| F|  |TAMS 0x0000000708b00000, 0x0000000708b00000| Untracked 
| 130|0x0000000708c00000, 0x0000000708c00000, 0x0000000708d00000|  0%| F|  |TAMS 0x0000000708c00000, 0x0000000708c00000| Untracked 
| 131|0x0000000708d00000, 0x0000000708d00000, 0x0000000708e00000|  0%| F|  |TAMS 0x0000000708d00000, 0x0000000708d00000| Untracked 
| 132|0x0000000708e00000, 0x0000000708e00000, 0x0000000708f00000|  0%| F|  |TAMS 0x0000000708e00000, 0x0000000708e00000| Untracked 
| 133|0x0000000708f00000, 0x0000000708f00000, 0x0000000709000000|  0%| F|  |TAMS 0x0000000708f00000, 0x0000000708f00000| Untracked 
| 134|0x0000000709000000, 0x0000000709000000, 0x0000000709100000|  0%| F|  |TAMS 0x0000000709000000, 0x0000000709000000| Untracked 
| 135|0x0000000709100000, 0x0000000709100000, 0x0000000709200000|  0%| F|  |TAMS 0x0000000709100000, 0x0000000709100000| Untracked 
| 136|0x0000000709200000, 0x0000000709200000, 0x0000000709300000|  0%| F|  |TAMS 0x0000000709200000, 0x0000000709200000| Untracked 
| 137|0x0000000709300000, 0x0000000709300000, 0x0000000709400000|  0%| F|  |TAMS 0x0000000709300000, 0x0000000709300000| Untracked 
| 138|0x0000000709400000, 0x0000000709400000, 0x0000000709500000|  0%| F|  |TAMS 0x0000000709400000, 0x0000000709400000| Untracked 
| 139|0x0000000709500000, 0x0000000709500000, 0x0000000709600000|  0%| F|  |TAMS 0x0000000709500000, 0x0000000709500000| Untracked 
| 140|0x0000000709600000, 0x0000000709600000, 0x0000000709700000|  0%| F|  |TAMS 0x0000000709600000, 0x0000000709600000| Untracked 
| 141|0x0000000709700000, 0x0000000709700000, 0x0000000709800000|  0%| F|  |TAMS 0x0000000709700000, 0x0000000709700000| Untracked 
| 142|0x0000000709800000, 0x0000000709800000, 0x0000000709900000|  0%| F|  |TAMS 0x0000000709800000, 0x0000000709800000| Untracked 
| 143|0x0000000709900000, 0x0000000709900000, 0x0000000709a00000|  0%| F|  |TAMS 0x0000000709900000, 0x0000000709900000| Untracked 
| 144|0x0000000709a00000, 0x0000000709a00000, 0x0000000709b00000|  0%| F|  |TAMS 0x0000000709a00000, 0x0000000709a00000| Untracked 
| 145|0x0000000709b00000, 0x0000000709b00000, 0x0000000709c00000|  0%| F|  |TAMS 0x0000000709b00000, 0x0000000709b00000| Untracked 
| 146|0x0000000709c00000, 0x0000000709c00000, 0x0000000709d00000|  0%| F|  |TAMS 0x0000000709c00000, 0x0000000709c00000| Untracked 
| 147|0x0000000709d00000, 0x0000000709d00000, 0x0000000709e00000|  0%| F|  |TAMS 0x0000000709d00000, 0x0000000709d00000| Untracked 
| 148|0x0000000709e00000, 0x0000000709e00000, 0x0000000709f00000|  0%| F|  |TAMS 0x0000000709e00000, 0x0000000709e00000| Untracked 
| 149|0x0000000709f00000, 0x0000000709f00000, 0x000000070a000000|  0%| F|  |TAMS 0x0000000709f00000, 0x0000000709f00000| Untracked 
| 150|0x000000070a000000, 0x000000070a000000, 0x000000070a100000|  0%| F|  |TAMS 0x000000070a000000, 0x000000070a000000| Untracked 
| 151|0x000000070a100000, 0x000000070a100000, 0x000000070a200000|  0%| F|  |TAMS 0x000000070a100000, 0x000000070a100000| Untracked 
| 152|0x000000070a200000, 0x000000070a200000, 0x000000070a300000|  0%| F|  |TAMS 0x000000070a200000, 0x000000070a200000| Untracked 
| 153|0x000000070a300000, 0x000000070a300000, 0x000000070a400000|  0%| F|  |TAMS 0x000000070a300000, 0x000000070a300000| Untracked 
| 154|0x000000070a400000, 0x000000070a400000, 0x000000070a500000|  0%| F|  |TAMS 0x000000070a400000, 0x000000070a400000| Untracked 
| 155|0x000000070a500000, 0x000000070a500000, 0x000000070a600000|  0%| F|  |TAMS 0x000000070a500000, 0x000000070a500000| Untracked 
| 156|0x000000070a600000, 0x000000070a600000, 0x000000070a700000|  0%| F|  |TAMS 0x000000070a600000, 0x000000070a600000| Untracked 
| 157|0x000000070a700000, 0x000000070a700000, 0x000000070a800000|  0%| F|  |TAMS 0x000000070a700000, 0x000000070a700000| Untracked 
| 158|0x000000070a800000, 0x000000070a800000, 0x000000070a900000|  0%| F|  |TAMS 0x000000070a800000, 0x000000070a800000| Untracked 
| 159|0x000000070a900000, 0x000000070a900000, 0x000000070aa00000|  0%| F|  |TAMS 0x000000070a900000, 0x000000070a900000| Untracked 
| 160|0x000000070aa00000, 0x000000070aa00000, 0x000000070ab00000|  0%| F|  |TAMS 0x000000070aa00000, 0x000000070aa00000| Untracked 
| 161|0x000000070ab00000, 0x000000070ab00000, 0x000000070ac00000|  0%| F|  |TAMS 0x000000070ab00000, 0x000000070ab00000| Untracked 
| 162|0x000000070ac00000, 0x000000070ac00000, 0x000000070ad00000|  0%| F|  |TAMS 0x000000070ac00000, 0x000000070ac00000| Untracked 
| 163|0x000000070ad00000, 0x000000070ad00000, 0x000000070ae00000|  0%| F|  |TAMS 0x000000070ad00000, 0x000000070ad00000| Untracked 
| 164|0x000000070ae00000, 0x000000070ae00000, 0x000000070af00000|  0%| F|  |TAMS 0x000000070ae00000, 0x000000070ae00000| Untracked 
| 165|0x000000070af00000, 0x000000070af00000, 0x000000070b000000|  0%| F|  |TAMS 0x000000070af00000, 0x000000070af00000| Untracked 
| 166|0x000000070b000000, 0x000000070b000000, 0x000000070b100000|  0%| F|  |TAMS 0x000000070b000000, 0x000000070b000000| Untracked 
| 167|0x000000070b100000, 0x000000070b100000, 0x000000070b200000|  0%| F|  |TAMS 0x000000070b100000, 0x000000070b100000| Untracked 
| 168|0x000000070b200000, 0x000000070b200000, 0x000000070b300000|  0%| F|  |TAMS 0x000000070b200000, 0x000000070b200000| Untracked 
| 169|0x000000070b300000, 0x000000070b300000, 0x000000070b400000|  0%| F|  |TAMS 0x000000070b300000, 0x000000070b300000| Untracked 
| 170|0x000000070b400000, 0x000000070b400000, 0x000000070b500000|  0%| F|  |TAMS 0x000000070b400000, 0x000000070b400000| Untracked 
| 171|0x000000070b500000, 0x000000070b500000, 0x000000070b600000|  0%| F|  |TAMS 0x000000070b500000, 0x000000070b500000| Untracked 
| 172|0x000000070b600000, 0x000000070b600000, 0x000000070b700000|  0%| F|  |TAMS 0x000000070b600000, 0x000000070b600000| Untracked 
| 173|0x000000070b700000, 0x000000070b700000, 0x000000070b800000|  0%| F|  |TAMS 0x000000070b700000, 0x000000070b700000| Untracked 
| 174|0x000000070b800000, 0x000000070b800000, 0x000000070b900000|  0%| F|  |TAMS 0x000000070b800000, 0x000000070b800000| Untracked 
| 175|0x000000070b900000, 0x000000070b900000, 0x000000070ba00000|  0%| F|  |TAMS 0x000000070b900000, 0x000000070b900000| Untracked 
| 176|0x000000070ba00000, 0x000000070ba00000, 0x000000070bb00000|  0%| F|  |TAMS 0x000000070ba00000, 0x000000070ba00000| Untracked 
| 177|0x000000070bb00000, 0x000000070bb00000, 0x000000070bc00000|  0%| F|  |TAMS 0x000000070bb00000, 0x000000070bb00000| Untracked 
| 178|0x000000070bc00000, 0x000000070bc00000, 0x000000070bd00000|  0%| F|  |TAMS 0x000000070bc00000, 0x000000070bc00000| Untracked 
| 179|0x000000070bd00000, 0x000000070bd00000, 0x000000070be00000|  0%| F|  |TAMS 0x000000070bd00000, 0x000000070bd00000| Untracked 
| 180|0x000000070be00000, 0x000000070be00000, 0x000000070bf00000|  0%| F|  |TAMS 0x000000070be00000, 0x000000070be00000| Untracked 
| 181|0x000000070bf00000, 0x000000070bf00000, 0x000000070c000000|  0%| F|  |TAMS 0x000000070bf00000, 0x000000070bf00000| Untracked 
| 182|0x000000070c000000, 0x000000070c000000, 0x000000070c100000|  0%| F|  |TAMS 0x000000070c000000, 0x000000070c000000| Untracked 
| 183|0x000000070c100000, 0x000000070c100000, 0x000000070c200000|  0%| F|  |TAMS 0x000000070c100000, 0x000000070c100000| Untracked 
| 184|0x000000070c200000, 0x000000070c200000, 0x000000070c300000|  0%| F|  |TAMS 0x000000070c200000, 0x000000070c200000| Untracked 
| 185|0x000000070c300000, 0x000000070c300000, 0x000000070c400000|  0%| F|  |TAMS 0x000000070c300000, 0x000000070c300000| Untracked 
| 186|0x000000070c400000, 0x000000070c400000, 0x000000070c500000|  0%| F|  |TAMS 0x000000070c400000, 0x000000070c400000| Untracked 
| 187|0x000000070c500000, 0x000000070c500000, 0x000000070c600000|  0%| F|  |TAMS 0x000000070c500000, 0x000000070c500000| Untracked 
| 188|0x000000070c600000, 0x000000070c600000, 0x000000070c700000|  0%| F|  |TAMS 0x000000070c600000, 0x000000070c600000| Untracked 
| 189|0x000000070c700000, 0x000000070c700000, 0x000000070c800000|  0%| F|  |TAMS 0x000000070c700000, 0x000000070c700000| Untracked 
| 190|0x000000070c800000, 0x000000070c800000, 0x000000070c900000|  0%| F|  |TAMS 0x000000070c800000, 0x000000070c800000| Untracked 
| 191|0x000000070c900000, 0x000000070c900000, 0x000000070ca00000|  0%| F|  |TAMS 0x000000070c900000, 0x000000070c900000| Untracked 
| 192|0x000000070ca00000, 0x000000070ca00000, 0x000000070cb00000|  0%| F|  |TAMS 0x000000070ca00000, 0x000000070ca00000| Untracked 
| 193|0x000000070cb00000, 0x000000070cb00000, 0x000000070cc00000|  0%| F|  |TAMS 0x000000070cb00000, 0x000000070cb00000| Untracked 
| 194|0x000000070cc00000, 0x000000070cc00000, 0x000000070cd00000|  0%| F|  |TAMS 0x000000070cc00000, 0x000000070cc00000| Untracked 
| 195|0x000000070cd00000, 0x000000070cd00000, 0x000000070ce00000|  0%| F|  |TAMS 0x000000070cd00000, 0x000000070cd00000| Untracked 
| 196|0x000000070ce00000, 0x000000070ce00000, 0x000000070cf00000|  0%| F|  |TAMS 0x000000070ce00000, 0x000000070ce00000| Untracked 
| 197|0x000000070cf00000, 0x000000070cf00000, 0x000000070d000000|  0%| F|  |TAMS 0x000000070cf00000, 0x000000070cf00000| Untracked 
| 198|0x000000070d000000, 0x000000070d000000, 0x000000070d100000|  0%| F|  |TAMS 0x000000070d000000, 0x000000070d000000| Untracked 
| 199|0x000000070d100000, 0x000000070d100000, 0x000000070d200000|  0%| F|  |TAMS 0x000000070d100000, 0x000000070d100000| Untracked 
| 200|0x000000070d200000, 0x000000070d200000, 0x000000070d300000|  0%| F|  |TAMS 0x000000070d200000, 0x000000070d200000| Untracked 
| 201|0x000000070d300000, 0x000000070d300000, 0x000000070d400000|  0%| F|  |TAMS 0x000000070d300000, 0x000000070d300000| Untracked 
| 202|0x000000070d400000, 0x000000070d400000, 0x000000070d500000|  0%| F|  |TAMS 0x000000070d400000, 0x000000070d400000| Untracked 
| 203|0x000000070d500000, 0x000000070d500000, 0x000000070d600000|  0%| F|  |TAMS 0x000000070d500000, 0x000000070d500000| Untracked 
| 204|0x000000070d600000, 0x000000070d600000, 0x000000070d700000|  0%| F|  |TAMS 0x000000070d600000, 0x000000070d600000| Untracked 
| 205|0x000000070d700000, 0x000000070d700000, 0x000000070d800000|  0%| F|  |TAMS 0x000000070d700000, 0x000000070d700000| Untracked 
| 206|0x000000070d800000, 0x000000070d800000, 0x000000070d900000|  0%| F|  |TAMS 0x000000070d800000, 0x000000070d800000| Untracked 
| 207|0x000000070d900000, 0x000000070d900000, 0x000000070da00000|  0%| F|  |TAMS 0x000000070d900000, 0x000000070d900000| Untracked 
| 208|0x000000070da00000, 0x000000070da00000, 0x000000070db00000|  0%| F|  |TAMS 0x000000070da00000, 0x000000070da00000| Untracked 
| 209|0x000000070db00000, 0x000000070db00000, 0x000000070dc00000|  0%| F|  |TAMS 0x000000070db00000, 0x000000070db00000| Untracked 
| 210|0x000000070dc00000, 0x000000070dc00000, 0x000000070dd00000|  0%| F|  |TAMS 0x000000070dc00000, 0x000000070dc00000| Untracked 
| 211|0x000000070dd00000, 0x000000070dd00000, 0x000000070de00000|  0%| F|  |TAMS 0x000000070dd00000, 0x000000070dd00000| Untracked 
| 212|0x000000070de00000, 0x000000070de00000, 0x000000070df00000|  0%| F|  |TAMS 0x000000070de00000, 0x000000070de00000| Untracked 
| 213|0x000000070df00000, 0x000000070df00000, 0x000000070e000000|  0%| F|  |TAMS 0x000000070df00000, 0x000000070df00000| Untracked 
| 214|0x000000070e000000, 0x000000070e000000, 0x000000070e100000|  0%| F|  |TAMS 0x000000070e000000, 0x000000070e000000| Untracked 
| 215|0x000000070e100000, 0x000000070e100000, 0x000000070e200000|  0%| F|  |TAMS 0x000000070e100000, 0x000000070e100000| Untracked 
| 216|0x000000070e200000, 0x000000070e200000, 0x000000070e300000|  0%| F|  |TAMS 0x000000070e200000, 0x000000070e200000| Untracked 
| 217|0x000000070e300000, 0x000000070e300000, 0x000000070e400000|  0%| F|  |TAMS 0x000000070e300000, 0x000000070e300000| Untracked 
| 218|0x000000070e400000, 0x000000070e400000, 0x000000070e500000|  0%| F|  |TAMS 0x000000070e400000, 0x000000070e400000| Untracked 
| 219|0x000000070e500000, 0x000000070e500000, 0x000000070e600000|  0%| F|  |TAMS 0x000000070e500000, 0x000000070e500000| Untracked 
| 220|0x000000070e600000, 0x000000070e600000, 0x000000070e700000|  0%| F|  |TAMS 0x000000070e600000, 0x000000070e600000| Untracked 
| 221|0x000000070e700000, 0x000000070e700000, 0x000000070e800000|  0%| F|  |TAMS 0x000000070e700000, 0x000000070e700000| Untracked 
| 222|0x000000070e800000, 0x000000070e800000, 0x000000070e900000|  0%| F|  |TAMS 0x000000070e800000, 0x000000070e800000| Untracked 
| 223|0x000000070e900000, 0x000000070e900000, 0x000000070ea00000|  0%| F|  |TAMS 0x000000070e900000, 0x000000070e900000| Untracked 
| 224|0x000000070ea00000, 0x000000070ea00000, 0x000000070eb00000|  0%| F|  |TAMS 0x000000070ea00000, 0x000000070ea00000| Untracked 
| 225|0x000000070eb00000, 0x000000070eb00000, 0x000000070ec00000|  0%| F|  |TAMS 0x000000070eb00000, 0x000000070eb00000| Untracked 
| 226|0x000000070ec00000, 0x000000070ec00000, 0x000000070ed00000|  0%| F|  |TAMS 0x000000070ec00000, 0x000000070ec00000| Untracked 
| 227|0x000000070ed00000, 0x000000070ed00000, 0x000000070ee00000|  0%| F|  |TAMS 0x000000070ed00000, 0x000000070ed00000| Untracked 
| 228|0x000000070ee00000, 0x000000070ee00000, 0x000000070ef00000|  0%| F|  |TAMS 0x000000070ee00000, 0x000000070ee00000| Untracked 
| 229|0x000000070ef00000, 0x000000070ef00000, 0x000000070f000000|  0%| F|  |TAMS 0x000000070ef00000, 0x000000070ef00000| Untracked 
| 230|0x000000070f000000, 0x000000070f000000, 0x000000070f100000|  0%| F|  |TAMS 0x000000070f000000, 0x000000070f000000| Untracked 
| 231|0x000000070f100000, 0x000000070f100000, 0x000000070f200000|  0%| F|  |TAMS 0x000000070f100000, 0x000000070f100000| Untracked 
| 232|0x000000070f200000, 0x000000070f200000, 0x000000070f300000|  0%| F|  |TAMS 0x000000070f200000, 0x000000070f200000| Untracked 
| 233|0x000000070f300000, 0x000000070f300000, 0x000000070f400000|  0%| F|  |TAMS 0x000000070f300000, 0x000000070f300000| Untracked 
| 234|0x000000070f400000, 0x000000070f400000, 0x000000070f500000|  0%| F|  |TAMS 0x000000070f400000, 0x000000070f400000| Untracked 
| 235|0x000000070f500000, 0x000000070f500000, 0x000000070f600000|  0%| F|  |TAMS 0x000000070f500000, 0x000000070f500000| Untracked 
| 236|0x000000070f600000, 0x000000070f600000, 0x000000070f700000|  0%| F|  |TAMS 0x000000070f600000, 0x000000070f600000| Untracked 
| 237|0x000000070f700000, 0x000000070f700000, 0x000000070f800000|  0%| F|  |TAMS 0x000000070f700000, 0x000000070f700000| Untracked 
| 238|0x000000070f800000, 0x000000070f800000, 0x000000070f900000|  0%| F|  |TAMS 0x000000070f800000, 0x000000070f800000| Untracked 
| 239|0x000000070f900000, 0x000000070f900000, 0x000000070fa00000|  0%| F|  |TAMS 0x000000070f900000, 0x000000070f900000| Untracked 
| 240|0x000000070fa00000, 0x000000070fadc930, 0x000000070fb00000| 86%| S|CS|TAMS 0x000000070fa00000, 0x000000070fa00000| Complete 
| 241|0x000000070fb00000, 0x000000070fc00000, 0x000000070fc00000|100%| S|CS|TAMS 0x000000070fb00000, 0x000000070fb00000| Complete 
| 242|0x000000070fc00000, 0x000000070fc00000, 0x000000070fd00000|  0%| F|  |TAMS 0x000000070fc00000, 0x000000070fc00000| Untracked 
| 243|0x000000070fd00000, 0x000000070fd00000, 0x000000070fe00000|  0%| F|  |TAMS 0x000000070fd00000, 0x000000070fd00000| Untracked 
| 244|0x000000070fe00000, 0x000000070fe00000, 0x000000070ff00000|  0%| F|  |TAMS 0x000000070fe00000, 0x000000070fe00000| Untracked 
| 245|0x000000070ff00000, 0x000000070ff00000, 0x0000000710000000|  0%| F|  |TAMS 0x000000070ff00000, 0x000000070ff00000| Untracked 
| 246|0x0000000710000000, 0x0000000710000000, 0x0000000710100000|  0%| F|  |TAMS 0x0000000710000000, 0x0000000710000000| Untracked 
| 247|0x0000000710100000, 0x0000000710100000, 0x0000000710200000|  0%| F|  |TAMS 0x0000000710100000, 0x0000000710100000| Untracked 
| 248|0x0000000710200000, 0x0000000710200000, 0x0000000710300000|  0%| F|  |TAMS 0x0000000710200000, 0x0000000710200000| Untracked 
| 249|0x0000000710300000, 0x0000000710300000, 0x0000000710400000|  0%| F|  |TAMS 0x0000000710300000, 0x0000000710300000| Untracked 
| 250|0x0000000710400000, 0x0000000710400000, 0x0000000710500000|  0%| F|  |TAMS 0x0000000710400000, 0x0000000710400000| Untracked 
| 251|0x0000000710500000, 0x0000000710500000, 0x0000000710600000|  0%| F|  |TAMS 0x0000000710500000, 0x0000000710500000| Untracked 
| 252|0x0000000710600000, 0x0000000710600000, 0x0000000710700000|  0%| F|  |TAMS 0x0000000710600000, 0x0000000710600000| Untracked 
| 253|0x0000000710700000, 0x0000000710700800, 0x0000000710800000|  0%| E|  |TAMS 0x0000000710700000, 0x0000000710700000| Complete 
| 254|0x0000000710800000, 0x0000000710900000, 0x0000000710900000|100%| E|CS|TAMS 0x0000000710800000, 0x0000000710800000| Complete 
| 255|0x0000000710900000, 0x0000000710a00000, 0x0000000710a00000|100%| E|CS|TAMS 0x0000000710900000, 0x0000000710900000| Complete 

Card table byte_map: [0x0000015439820000,0x000001543a020000] _byte_map_base: 0x000001543601b000

Marking Bits (Prev, Next): (CMBitMap*) 0x0000015421b8ade8, (CMBitMap*) 0x0000015421b8ae28
 Prev Bits: [0x000001543a820000, 0x000001543e7f8000)
 Next Bits: [0x000001543e800000, 0x00000154427d8000)

Polling page: 0x000001541f930000

Metaspace:

Usage:
  Non-class:      6.34 MB capacity,     6.22 MB ( 98%) used,   104.74 KB (  2%) free+waste,    18.44 KB ( <1%) overhead. 
      Class:    893.00 KB capacity,   764.40 KB ( 86%) used,   116.23 KB ( 13%) free+waste,    12.38 KB (  1%) overhead. 
       Both:      7.21 MB capacity,     6.96 MB ( 97%) used,   220.97 KB (  3%) free+waste,    30.81 KB ( <1%) overhead. 

Virtual space:
  Non-class space:        8.00 MB reserved,       6.50 MB ( 81%) committed 
      Class space:        1.00 GB reserved,     896.00 KB ( <1%) committed 
             Both:        1.01 GB reserved,       7.38 MB ( <1%) committed 

Chunk freelists:
   Non-Class:  38.00 KB
       Class:  3.00 KB
        Both:  41.00 KB

MaxMetaspaceSize: 17179869184.00 GB
CompressedClassSpaceSize: 1.00 GB

CodeHeap 'non-profiled nmethods': size=120064Kb used=346Kb max_used=346Kb free=119717Kb
 bounds [0x0000015431ae0000, 0x0000015431d50000, 0x0000015439020000]
CodeHeap 'profiled nmethods': size=120000Kb used=2265Kb max_used=2265Kb free=117734Kb
 bounds [0x000001542a5b0000, 0x000001542a820000, 0x0000015431ae0000]
CodeHeap 'non-nmethods': size=5696Kb used=1253Kb max_used=1269Kb free=4442Kb
 bounds [0x000001542a020000, 0x000001542a290000, 0x000001542a5b0000]
 total_blobs=2114 nmethods=1175 adapters=438
 compilation: enabled
              stopped_count=0, restarted_count=0
 full_count=0

Compilation events (20 events):
Event: 3064.779 Thread 0x0000015444e2a800 1166   !   3       sun.java2d.d3d.D3DScreenUpdateManager::run (267 bytes)
Event: 3064.783 Thread 0x0000015444e2a800 nmethod 1166 0x000001542a7dc210 code [0x000001542a7dc620, 0x000001542a7dee20]
Event: 3167.647 Thread 0x0000015444e28000 1167       4       sun.java2d.StateTrackableDelegate$1::isCurrent (17 bytes)
Event: 3167.649 Thread 0x0000015444e28000 nmethod 1167 0x0000015431b33010 code [0x0000015431b331a0, 0x0000015431b33258]
Event: 3476.130 Thread 0x0000015444e2a800 1168 % !   3       sun.java2d.d3d.D3DScreenUpdateManager::run @ 105 (267 bytes)
Event: 3476.134 Thread 0x0000015444e2a800 nmethod 1168% 0x000001542a7dfc90 code [0x000001542a7e00a0, 0x000001542a7e2960]
Event: 5069.797 Thread 0x0000015444e28000 1169 % !   4       sun.java2d.d3d.D3DScreenUpdateManager::run @ 0 (267 bytes)
Event: 5069.820 Thread 0x0000015444e28000 nmethod 1169% 0x0000015431b33310 code [0x0000015431b33500, 0x0000015431b343d8]
Event: 5121.221 Thread 0x0000015444e28000 1170 % !   4       sun.java2d.d3d.D3DScreenUpdateManager::run @ 105 (267 bytes)
Event: 5121.252 Thread 0x0000015444e28000 nmethod 1170% 0x0000015431b34b10 code [0x0000015431b34d00, 0x0000015431b35e38]
Event: 7440.135 Thread 0x0000015444e2a800 1172       3       java.lang.ref.ReferenceQueue::reallyPoll (65 bytes)
Event: 7440.135 Thread 0x0000015444e2a800 nmethod 1172 0x000001542a7e3890 code [0x000001542a7e3a60, 0x000001542a7e4018]
Event: 15180.208 Thread 0x0000015444e2a800 1173   !   3       java.lang.ref.ReferenceQueue::remove (125 bytes)
Event: 15180.210 Thread 0x0000015444e2a800 nmethod 1173 0x000001542a7e4110 code [0x000001542a7e4340, 0x000001542a7e4c40]
Event: 15300.209 Thread 0x0000015444e2a800 1174   !   3       jdk.internal.ref.PhantomCleanable::isListEmpty (34 bytes)
Event: 15300.209 Thread 0x0000015444e2a800 nmethod 1174 0x000001542a7e4f90 code [0x000001542a7e5140, 0x000001542a7e54f8]
Event: 15300.209 Thread 0x0000015444e2a800 1175       3       jdk.internal.misc.InnocuousThread::eraseThreadLocals (23 bytes)
Event: 15300.210 Thread 0x0000015444e2a800 nmethod 1175 0x000001542a7e5610 code [0x000001542a7e57c0, 0x000001542a7e5a38]
Event: 84427.423 Thread 0x0000015444e2a800 1176   !   3       java.lang.ref.ReferenceQueue::enqueue (119 bytes)
Event: 84427.425 Thread 0x0000015444e2a800 nmethod 1176 0x000001542a7e5b10 code [0x000001542a7e5d00, 0x000001542a7e6570]

GC Heap History (2 events):
Event: 84427.416 GC heap before
{Heap before GC invocations=0 (full 0):
 garbage-first heap   total 262144K, used 14336K [0x0000000700a00000, 0x0000000800000000)
  region size 1024K, 14 young (14336K), 0 survivors (0K)
 Metaspace       used 7127K, capacity 7381K, committed 7552K, reserved 1056768K
  class space    used 763K, capacity 892K, committed 896K, reserved 1048576K
}
Event: 84427.423 GC heap after
{Heap after GC invocations=1 (full 0):
 garbage-first heap   total 262144K, used 1906K [0x0000000700a00000, 0x0000000800000000)
  region size 1024K, 2 young (2048K), 2 survivors (2048K)
 Metaspace       used 7127K, capacity 7381K, committed 7552K, reserved 1056768K
  class space    used 763K, capacity 892K, committed 896K, reserved 1048576K
}

Deoptimization events (20 events):
Event: 512.882 Thread 0x0000015446076800 Uncommon trap: trap_request=0xffffffdc fr.pc=0x0000015431b322c4 relative=0x00000000000001a4
Event: 512.882 Thread 0x0000015446076800 Uncommon trap: reason=class_check action=make_not_entrant pc=0x0000015431b322c4 method=java.util.ArrayList.toArray([Ljava/lang/Object;)[Ljava/lang/Object; @ 21 c2
Event: 512.882 Thread 0x0000015446076800 DEOPT PACKING pc=0x0000015431b322c4 sp=0x0000004b0f0ff340
Event: 512.882 Thread 0x0000015446076800 DEOPT UNPACKING pc=0x000001542a06912f sp=0x0000004b0f0ff300 mode 2
Event: 3424.695 Thread 0x0000015446076800 DEOPT PACKING pc=0x000001542a7db08d sp=0x0000004b0f0ff320
Event: 3424.695 Thread 0x0000015446076800 DEOPT UNPACKING pc=0x000001542a06964e sp=0x0000004b0f0fe890 mode 0
Event: 3836.031 Thread 0x0000015446076800 DEOPT PACKING pc=0x000001542a7e2671 sp=0x0000004b0f0ff310
Event: 3836.031 Thread 0x0000015446076800 DEOPT UNPACKING pc=0x000001542a06964e sp=0x0000004b0f0fe890 mode 0
Event: 4247.269 Thread 0x0000015446076800 DEOPT PACKING pc=0x000001542a7db08d sp=0x0000004b0f0ff320
Event: 4247.269 Thread 0x0000015446076800 DEOPT UNPACKING pc=0x000001542a06964e sp=0x0000004b0f0fe890 mode 0
Event: 4658.528 Thread 0x0000015446076800 DEOPT PACKING pc=0x000001542a7e2671 sp=0x0000004b0f0ff310
Event: 4658.528 Thread 0x0000015446076800 DEOPT UNPACKING pc=0x000001542a06964e sp=0x0000004b0f0fe890 mode 0
Event: 5069.797 Thread 0x0000015446076800 DEOPT PACKING pc=0x000001542a7db08d sp=0x0000004b0f0ff320
Event: 5069.797 Thread 0x0000015446076800 DEOPT UNPACKING pc=0x000001542a06964e sp=0x0000004b0f0fe890 mode 0
Event: 5481.126 Thread 0x0000015446076800 DEOPT PACKING pc=0x000001542a7e2671 sp=0x0000004b0f0ff310
Event: 5481.127 Thread 0x0000015446076800 DEOPT UNPACKING pc=0x000001542a06964e sp=0x0000004b0f0fe890 mode 0
Event: 87415.615 Thread 0x0000015446076800 Uncommon trap: trap_request=0xffffff45 fr.pc=0x0000015431b33e64 relative=0x0000000000000964
Event: 87415.615 Thread 0x0000015446076800 Uncommon trap: reason=unstable_if action=reinterpret pc=0x0000015431b33e64 method=sun.java2d.StateTrackableDelegate$1.isCurrent()Z @ 8 c2
Event: 87415.615 Thread 0x0000015446076800 DEOPT PACKING pc=0x0000015431b33e64 sp=0x0000004b0f0ff3e0
Event: 87415.615 Thread 0x0000015446076800 DEOPT UNPACKING pc=0x000001542a06912f sp=0x0000004b0f0ff2d0 mode 2

Classes unloaded (0 events):
No events

Classes redefined (0 events):
No events

Internal exceptions (13 events):
Event: 0.093 Thread 0x0000015421b1c800 Exception <a 'java/lang/ClassNotFoundException'{0x00000007108115b8}: sun/awt/resources/spi/awtProvider> (0x00000007108115b8) 
thrown [t:/workspace/open/src/hotspot/share/classfile/systemDictionary.cpp, line 232]
Event: 0.122 Thread 0x0000015421b1c800 Exception <a 'java/io/FileNotFoundException'{0x00000007108669c8}> (0x00000007108669c8) 
thrown [t:/workspace/open/src/hotspot/share/prims/jni.cpp, line 598]
Event: 0.129 Thread 0x0000015421b1c800 Exception <a 'java/io/FileNotFoundException'{0x000000071088d040}> (0x000000071088d040) 
thrown [t:/workspace/open/src/hotspot/share/prims/jni.cpp, line 598]
Event: 0.141 Thread 0x0000015421b1c800 Exception <a 'java/lang/NoSuchMethodError'{0x00000007108a4c20}: 'int java.lang.invoke.DirectMethodHandle$Holder.invokeSpecialIFC(java.lang.Object, java.lang.Object, int)'> (0x00000007108a4c20) 
thrown [t:/workspace/open/src/hotspot/share/interpreter/linkResolver.cpp, line 767]
Event: 2.230 Thread 0x0000015445b43000 Exception <a 'java/lang/NoSuchMethodError'{0x0000000710795a18}: 'void java.lang.invoke.DirectMethodHandle$Holder.invokeSpecial(java.lang.Object, java.lang.Object)'> (0x0000000710795a18) 
thrown [t:/workspace/open/src/hotspot/share/interpreter/linkResolver.cpp, line 767]
Event: 2.378 Thread 0x0000015421b1c800 Exception <a 'java/lang/NoSuchMethodError'{0x0000000710609c90}: 'java.lang.Object java.lang.invoke.DirectMethodHandle$Holder.invokeStatic(java.lang.Object, int, java.lang.Object, java.lang.Object, java.lang.Object, java.lang.Object)'> (0x0000000710609c90) 
thrown [t:/workspace/open/src/hotspot/share/interpreter/linkResolver.cpp, line 767]
Event: 2.379 Thread 0x0000015421b1c800 Exception <a 'java/lang/NoSuchMethodError'{0x00000007106105f0}: 'java.lang.Object java.lang.invoke.DirectMethodHandle$Holder.invokeStatic(java.lang.Object, int, java.lang.Object, java.lang.Object, java.lang.Object)'> (0x00000007106105f0) 
thrown [t:/workspace/open/src/hotspot/share/interpreter/linkResolver.cpp, line 767]
Event: 2.379 Thread 0x0000015421b1c800 Exception <a 'java/lang/NoSuchMethodError'{0x0000000710613e58}: 'java.lang.Object java.lang.invoke.DirectMethodHandle$Holder.invokeSpecial(java.lang.Object, java.lang.Object, int, java.lang.Object, java.lang.Object, java.lang.Object)'> (0x0000000710613e58) 
thrown [t:/workspace/open/src/hotspot/share/interpreter/linkResolver.cpp, line 767]
Event: 2.382 Thread 0x0000015421b1c800 Exception <a 'java/lang/NoSuchMethodError'{0x000000071062a180}: 'java.lang.Object java.lang.invoke.DirectMethodHandle$Holder.invokeStatic(java.lang.Object, int, java.lang.Object)'> (0x000000071062a180) 
thrown [t:/workspace/open/src/hotspot/share/interpreter/linkResolver.cpp, line 767]
Event: 2.403 Thread 0x0000015421b1c800 Exception <a 'java/lang/ClassNotFoundException'{0x00000007106cd540}: com/sun/swing/internal/plaf/metal/resources/spi/metalProvider> (0x00000007106cd540) 
thrown [t:/workspace/open/src/hotspot/share/classfile/systemDictionary.cpp, line 232]
Event: 2.404 Thread 0x0000015421b1c800 Exception <a 'java/lang/ClassNotFoundException'{0x00000007106d1748}: com/sun/swing/internal/plaf/basic/resources/spi/basicProvider> (0x00000007106d1748) 
thrown [t:/workspace/open/src/hotspot/share/classfile/systemDictionary.cpp, line 232]
Event: 2.435 Thread 0x0000015421b1c800 Exception <a 'java/lang/NoSuchMethodError'{0x000000071050ff00}: 'void java.lang.invoke.DirectMethodHandle$Holder.invokeStaticInit(java.lang.Object)'> (0x000000071050ff00) 
thrown [t:/workspace/open/src/hotspot/share/interpreter/linkResolver.cpp, line 767]
Event: 2.460 Thread 0x0000015421b1c800 Exception <a 'java/lang/NoSuchMethodError'{0x00000007105ad988}: 'java.lang.Object java.lang.invoke.Invokers$Holder.linkToTargetMethod(java.lang.Object, int, java.lang.Object)'> (0x00000007105ad988) 
thrown [t:/workspace/open/src/hotspot/share/interpreter/linkResolver.cpp, line 767]

Events (20 events):
Event: 87416.684 Executing VM operation: RevokeBias
Event: 87416.684 Executing VM operation: RevokeBias done
Event: 87416.684 Executing VM operation: RevokeBias
Event: 87416.684 Executing VM operation: RevokeBias done
Event: 87416.684 Executing VM operation: RevokeBias
Event: 87416.684 Executing VM operation: RevokeBias done
Event: 87416.684 Executing VM operation: RevokeBias
Event: 87416.684 Executing VM operation: RevokeBias done
Event: 87416.684 Executing VM operation: RevokeBias
Event: 87416.684 Executing VM operation: RevokeBias done
Event: 87416.684 Executing VM operation: RevokeBias
Event: 87416.684 Executing VM operation: RevokeBias done
Event: 87416.684 Executing VM operation: RevokeBias
Event: 87416.684 Executing VM operation: RevokeBias done
Event: 87416.684 Executing VM operation: RevokeBias
Event: 87416.684 Executing VM operation: RevokeBias done
Event: 87416.685 Executing VM operation: RevokeBias
Event: 87416.685 Executing VM operation: RevokeBias done
Event: 87416.685 Executing VM operation: BulkRevokeBias
Event: 87416.685 Executing VM operation: BulkRevokeBias done


Dynamic libraries:
0x00007ff6b4390000 - 0x00007ff6b439f000 	C:\Program Files\Java\jdk-13.0.1\bin\javaw.exe
0x00007ffaf2f60000 - 0x00007ffaf314d000 	C:\Windows\SYSTEM32\ntdll.dll
0x00007ffaf1be0000 - 0x00007ffaf1c93000 	C:\Windows\System32\KERNEL32.DLL
0x00007ffaef0d0000 - 0x00007ffaef363000 	C:\Windows\System32\KERNELBASE.dll
0x00007ffaefac0000 - 0x00007ffaefbba000 	C:\Windows\System32\ucrtbase.dll
0x00007ffadff10000 - 0x00007ffadff25000 	C:\Program Files\Java\jdk-13.0.1\bin\VCRUNTIME140.dll
0x00007ffadfef0000 - 0x00007ffadff08000 	C:\Program Files\Java\jdk-13.0.1\bin\jli.dll
0x00007ffaf2740000 - 0x00007ffaf27e3000 	C:\Windows\System32\ADVAPI32.dll
0x00007ffaf1b40000 - 0x00007ffaf1bde000 	C:\Windows\System32\msvcrt.dll
0x00007ffaf2690000 - 0x00007ffaf272e000 	C:\Windows\System32\sechost.dll
0x00007ffaf2da0000 - 0x00007ffaf2ec2000 	C:\Windows\System32\RPCRT4.dll
0x00007ffaf2130000 - 0x00007ffaf22c7000 	C:\Windows\System32\USER32.dll
0x00007ffaefd60000 - 0x00007ffaefd80000 	C:\Windows\System32\win32u.dll
0x00007ffaf03a0000 - 0x00007ffaf03c9000 	C:\Windows\System32\GDI32.dll
0x00007ffaefbc0000 - 0x00007ffaefd59000 	C:\Windows\System32\gdi32full.dll
0x00007ffaf0010000 - 0x00007ffaf00b0000 	C:\Windows\System32\msvcp_win.dll
0x00007ffae40f0000 - 0x00007ffae4369000 	C:\Windows\WinSxS\amd64_microsoft.windows.common-controls_6595b64144ccf1df_6.0.17763.973_none_05b245900721eb81\COMCTL32.dll
0x00007ffaf1e00000 - 0x00007ffaf212c000 	C:\Windows\System32\combase.dll
0x00007ffaf0100000 - 0x00007ffaf017e000 	C:\Windows\System32\bcryptPrimitives.dll
0x00007ffaea070000 - 0x00007ffaea07a000 	C:\Windows\SYSTEM32\VERSION.dll
0x00007ffaf1a30000 - 0x00007ffaf1a5e000 	C:\Windows\System32\IMM32.DLL
0x00007ffadc250000 - 0x00007ffadc2eb000 	C:\Program Files\Java\jdk-13.0.1\bin\msvcp140.dll
0x00007ffac82c0000 - 0x00007ffac8e26000 	C:\Program Files\Java\jdk-13.0.1\bin\server\jvm.dll
0x00007ffaf2730000 - 0x00007ffaf2738000 	C:\Windows\System32\PSAPI.DLL
0x00007ffaeb940000 - 0x00007ffaeb949000 	C:\Windows\SYSTEM32\WSOCK32.dll
0x00007ffaed1b0000 - 0x00007ffaed1d4000 	C:\Windows\SYSTEM32\WINMM.dll
0x00007ffaf22e0000 - 0x00007ffaf234d000 	C:\Windows\System32\WS2_32.dll
0x00007ffaed180000 - 0x00007ffaed1ad000 	C:\Windows\SYSTEM32\winmmbase.dll
0x00007ffaf00b0000 - 0x00007ffaf00fa000 	C:\Windows\System32\cfgmgr32.dll
0x00007ffaeefb0000 - 0x00007ffaeefc1000 	C:\Windows\System32\kernel.appcore.dll
0x00007ffaeb930000 - 0x00007ffaeb940000 	C:\Program Files\Java\jdk-13.0.1\bin\verify.dll
0x00007ffadd040000 - 0x00007ffadd22d000 	C:\Windows\SYSTEM32\DBGHELP.DLL
0x00007ffadc1f0000 - 0x00007ffadc21a000 	C:\Windows\SYSTEM32\dbgcore.DLL
0x00007ffae3370000 - 0x00007ffae3396000 	C:\Program Files\Java\jdk-13.0.1\bin\java.dll
0x00007ffaeaca0000 - 0x00007ffaeacb7000 	C:\Program Files\Java\jdk-13.0.1\bin\zip.dll
0x00007ffaeb900000 - 0x00007ffaeb90a000 	C:\Program Files\Java\jdk-13.0.1\bin\jimage.dll
0x00007ffaf0530000 - 0x00007ffaf1a24000 	C:\Windows\System32\SHELL32.dll
0x00007ffaf0180000 - 0x00007ffaf0228000 	C:\Windows\System32\shcore.dll
0x00007ffaef370000 - 0x00007ffaefabd000 	C:\Windows\System32\windows.storage.dll
0x00007ffaeeff0000 - 0x00007ffaef014000 	C:\Windows\System32\profapi.dll
0x00007ffaeef50000 - 0x00007ffaeefad000 	C:\Windows\System32\powrprof.dll
0x00007ffaf1cc0000 - 0x00007ffaf1d12000 	C:\Windows\System32\shlwapi.dll
0x00007ffaef080000 - 0x00007ffaef097000 	C:\Windows\System32\cryptsp.dll
0x00007ffad9530000 - 0x00007ffad96c9000 	C:\Program Files\Java\jdk-13.0.1\bin\awt.dll
0x00007ffaf1d20000 - 0x00007ffaf1de4000 	C:\Windows\System32\OLEAUT32.dll
0x00007ffaec0b0000 - 0x00007ffaec66e000 	C:\Windows\SYSTEM32\d2d1.dll
0x00007ffaed2b0000 - 0x00007ffaed33c000 	C:\Windows\SYSTEM32\apphelp.dll
0x00007ffaed870000 - 0x00007ffaed89e000 	C:\Windows\system32\DWMAPI.DLL
0x00007ffaefe30000 - 0x00007ffaf000c000 	C:\Windows\System32\CRYPT32.dll
0x00007ffaeefd0000 - 0x00007ffaeefe2000 	C:\Windows\System32\MSASN1.dll
0x00007ffaed540000 - 0x00007ffaed5dc000 	C:\Windows\system32\uxtheme.dll
0x00007ffad92e0000 - 0x00007ffad9407000 	C:\Windows\system32\opengl32.dll
0x00007ffadfda0000 - 0x00007ffadfdcc000 	C:\Windows\SYSTEM32\GLU32.dll
0x00007ffaf0230000 - 0x00007ffaf039c000 	C:\Windows\System32\MSCTF.dll
0x00007ffaf03d0000 - 0x00007ffaf0525000 	C:\Windows\System32\ole32.dll
0x00007ffaef020000 - 0x00007ffaef079000 	C:\Windows\System32\WINTRUST.DLL
0x00007ffaf1ca0000 - 0x00007ffaf1cbd000 	C:\Windows\System32\imagehlp.dll
0x00007ffaee2e0000 - 0x00007ffaee313000 	C:\Windows\system32\rsaenh.dll
0x00007ffaef0a0000 - 0x00007ffaef0c6000 	C:\Windows\System32\bcrypt.dll
0x00007ffaee930000 - 0x00007ffaee93c000 	C:\Windows\SYSTEM32\CRYPTBASE.dll
0x00007ffaa9360000 - 0x00007ffaa9624000 	C:\Windows\system32\nvspcap64.dll
0x00007ffaedfc0000 - 0x00007ffaedff1000 	C:\Windows\SYSTEM32\ntmarta.dll
0x00007ffaeaa10000 - 0x00007ffaeaa3f000 	C:\Windows\SYSTEM32\cryptnet.dll
0x00007ffaedc00000 - 0x00007ffaedc22000 	C:\Windows\SYSTEM32\gpapi.dll
0x00007ffada010000 - 0x00007ffada092000 	C:\Program Files\Java\jdk-13.0.1\bin\freetype.dll
0x00007ffad8db0000 - 0x00007ffad8e56000 	C:\Program Files\Java\jdk-13.0.1\bin\fontmanager.dll
0x00007ffae2700000 - 0x00007ffae2719000 	C:\Program Files\Java\jdk-13.0.1\bin\net.dll
0x00007ffaea420000 - 0x00007ffaea512000 	C:\Windows\SYSTEM32\WINHTTP.dll
0x00007ffaee760000 - 0x00007ffaee7c7000 	C:\Windows\system32\mswsock.dll
0x00007ffae23c0000 - 0x00007ffae23d3000 	C:\Program Files\Java\jdk-13.0.1\bin\nio.dll
0x00007ffae1be0000 - 0x00007ffae1c75000 	C:\Windows\System32\TextInputFramework.dll
0x00007ffaeafa0000 - 0x00007ffaeb2c2000 	C:\Windows\System32\CoreUIComponents.dll
0x00007ffaecf70000 - 0x00007ffaed052000 	C:\Windows\System32\CoreMessaging.dll
0x00007ffaeae40000 - 0x00007ffaeaf93000 	C:\Windows\SYSTEM32\wintypes.dll
0x00007ffae5530000 - 0x00007ffae56ce000 	C:\Windows\system32\d3d9.dll
0x00007ffaea0f0000 - 0x00007ffaea1df000 	C:\Windows\System32\DriverStore\FileRepository\nv_dispi.inf_amd64_d223212c0a2275b5\nvldumdx.dll
0x00007ffab7520000 - 0x00007ffab8a25000 	C:\Windows\System32\DriverStore\FileRepository\nv_dispi.inf_amd64_d223212c0a2275b5\nvd3dumx.dll

dbghelp: loaded successfully - version: 4.0.5 - missing functions: none
symbol engine: initialized successfully - sym options: 0x614 - pdb path: .;C:\Program Files\Java\jdk-13.0.1\bin;C:\Windows\SYSTEM32;C:\Windows\WinSxS\amd64_microsoft.windows.common-controls_6595b64144ccf1df_6.0.17763.973_none_05b245900721eb81;C:\Program Files\Java\jdk-13.0.1\bin\server;C:\Windows\System32\DriverStore\FileRepository\nv_dispi.inf_amd64_d223212c0a2275b5

VM Arguments:
jvm_args: -Dfile.encoding=Cp1252 
java_command: yuckyChocky
java_class_path (initial): D:\Comp 2005\Yucky Chocky\Yucky Chocky\bin
Launcher Type: SUN_STANDARD

[Global flags]
     intx CICompilerCount                          = 3                                         {product} {ergonomic}
     uint ConcGCThreads                            = 1                                         {product} {ergonomic}
     uint G1ConcRefinementThreads                  = 4                                         {product} {ergonomic}
   size_t G1HeapRegionSize                         = 1048576                                   {product} {ergonomic}
    uintx GCDrainStackTargetSize                   = 64                                        {product} {ergonomic}
   size_t InitialHeapSize                          = 268435456                                 {product} {ergonomic}
   size_t MarkStackSize                            = 4194304                                   {product} {ergonomic}
   size_t MaxHeapSize                              = 4284481536                                {product} {ergonomic}
   size_t MaxNewSize                               = 2570059776                                {product} {ergonomic}
   size_t MinHeapDeltaBytes                        = 1048576                                   {product} {ergonomic}
   size_t MinHeapSize                              = 8388608                                   {product} {ergonomic}
    uintx NonNMethodCodeHeapSize                   = 5830732                                {pd product} {ergonomic}
    uintx NonProfiledCodeHeapSize                  = 122913754                              {pd product} {ergonomic}
    uintx ProfiledCodeHeapSize                     = 122913754                              {pd product} {ergonomic}
    uintx ReservedCodeCacheSize                    = 251658240                              {pd product} {ergonomic}
     bool SegmentedCodeCache                       = true                                      {product} {ergonomic}
   size_t SoftMaxHeapSize                          = 4284481536                             {manageable} {ergonomic}
     bool UseCompressedClassPointers               = true                                 {lp64_product} {ergonomic}
     bool UseCompressedOops                        = true                                 {lp64_product} {ergonomic}
     bool UseG1GC                                  = true                                      {product} {ergonomic}
     bool UseLargePagesIndividualAllocation        = false                                  {pd product} {ergonomic}

Logging:
Log output configuration:
 #0: stdout all=warning uptime,level,tags
 #1: stderr all=off uptime,level,tags

Environment Variables:
PATH=C:/Program Files/Java/jdk-13.0.1/bin/server;C:/Program Files/Java/jdk-13.0.1/bin;C:\Program Files\Java\jdk-13.0.1\bin;C:\Windows;C:\Windows\System32\Wbem;C:\Windows\System32\WindowsPowerShell\v1.0\;C:\Windows\System32\OpenSSH\;C:\Program Files\NVIDIA Corporation\NVIDIA NvDLISR;C:\Program Files (x86)\NVIDIA Corporation\PhysX\Common;C:\Program Files\Java\jdk-13.0.1\bin;;D:\Microsoft VS Code\bin;C:\Users\Junaid\Desktop;
USERNAME=Junaid
OS=Windows_NT
PROCESSOR_IDENTIFIER=Intel64 Family 6 Model 58 Stepping 9, GenuineIntel



---------------  S Y S T E M  ---------------

OS: Windows 10 , 64 bit Build 17763 (10.0.17763.475)

CPU:total 4 (initial active 4) (4 cores per cpu, 1 threads per core) family 6 model 58 stepping 9, cmov, cx8, fxsr, mmx, sse, sse2, sse3, ssse3, sse4.1, sse4.2, popcnt, avx, aes, clmul, erms, tsc, tscinvbit, tscinv

Memory: 4k page, system-wide physical 16339M (8692M free)
TotalPageFile size 30646M (AvailPageFile size 155M)
current process WorkingSet (physical memory assigned to process): 77M, peak: 77M
current process commit charge ("private bytes"): 383M, peak: 392M

vm_info: Java HotSpot(TM) 64-Bit Server VM (13.0.1+9) for windows-amd64 JRE (13.0.1+9), built on Oct  6 2019 12:37:49 by "mach5one" with unknown MS VC++:1916

END.
