#
# A fatal error has been detected by the Java Runtime Environment:
#
#  EXCEPTION_ACCESS_VIOLATION (0xc0000005) at pc=0x00007ffad9602fca, pid=13460, tid=13260
#
# JRE version: Java(TM) SE Runtime Environment (13.0.1+9) (build 13.0.1+9)
# Java VM: Java HotSpot(TM) 64-Bit Server VM (13.0.1+9, mixed mode, sharing, tiered, compressed oops, g1 gc, windows-amd64)
# Problematic frame:
# C  [awt.dll+0xd2fca]
#
# No core dump will be written. Minidumps are not enabled by default on client versions of Windows
#
# If you would like to submit a bug report, please visit:
#   http://bugreport.java.com/bugreport/crash.jsp
# The crash happened outside the Java Virtual Machine in native code.
# See problematic frame for where to report the bug.
#

---------------  S U M M A R Y ------------

Command Line: -Dfile.encoding=Cp1252 yuckyChocky

Host: Intel(R) Core(TM) i5-3330 CPU @ 3.00GHz, 4 cores, 15G,  Windows 10 , 64 bit Build 17763 (10.0.17763.475)
Time: Thu Jan 23 19:35:38 2020 Newfoundland Standard Time elapsed time: 82559 seconds (0d 22h 55m 59s)

---------------  T H R E A D  ---------------

Current thread (0x000001fd603c6800):  JavaThread "AWT-EventQueue-0" [_thread_in_native, id=13260, stack(0x00000093b4d00000,0x00000093b4e00000)]

Stack: [0x00000093b4d00000,0x00000093b4e00000],  sp=0x00000093b4dfea20,  free space=1018k
Native frames: (J=compiled Java code, j=interpreted, Vv=VM code, C=native code)
C  [awt.dll+0xd2fca]

Java frames: (J=compiled Java code, j=interpreted, Vv=VM code)
j  sun.awt.Win32GraphicsDevice.initNativeScale(I)V+0 java.desktop@13.0.1
j  sun.awt.Win32GraphicsDevice.initScaleFactors()V+60 java.desktop@13.0.1
j  sun.awt.Win32GraphicsDevice.displayChanged()V+16 java.desktop@13.0.1
j  sun.java2d.d3d.D3DGraphicsDevice.displayChanged()V+1 java.desktop@13.0.1
j  sun.awt.Win32GraphicsEnvironment.displayChanged()V+271 java.desktop@13.0.1
j  sun.awt.windows.WToolkit.lambda$displayChanged$4()V+15 java.desktop@13.0.1
j  sun.awt.windows.WToolkit$$Lambda$132.run()V+0 java.desktop@13.0.1
j  java.awt.event.InvocationEvent.dispatch()V+47 java.desktop@13.0.1
j  java.awt.EventQueue.dispatchEventImpl(Ljava/awt/AWTEvent;Ljava/lang/Object;)V+21 java.desktop@13.0.1
j  java.awt.EventQueue$4.run()Ljava/lang/Void;+32 java.desktop@13.0.1
j  java.awt.EventQueue$4.run()Ljava/lang/Object;+1 java.desktop@13.0.1
J 770 c1 java.security.ProtectionDomain$JavaSecurityAccessImpl.doIntersectionPrivilege(Ljava/security/PrivilegedAction;Ljava/security/AccessControlContext;Ljava/security/AccessControlContext;)Ljava/lang/Object; java.base@13.0.1 (22 bytes) @ 0x000001fd4436b5a4 [0x000001fd4436b080+0x0000000000000524]
j  java.awt.EventQueue.dispatchEvent(Ljava/awt/AWTEvent;)V+46 java.desktop@13.0.1
j  java.awt.EventDispatchThread.pumpOneEventForFilters(I)V+78 java.desktop@13.0.1
j  java.awt.EventDispatchThread.pumpEventsForFilter(ILjava/awt/Conditional;Ljava/awt/EventFilter;)V+35 java.desktop@13.0.1
j  java.awt.EventDispatchThread.pumpEventsForHierarchy(ILjava/awt/Conditional;Ljava/awt/Component;)V+11 java.desktop@13.0.1
j  java.awt.EventDispatchThread.pumpEvents(ILjava/awt/Conditional;)V+4 java.desktop@13.0.1
j  java.awt.EventDispatchThread.pumpEvents(Ljava/awt/Conditional;)V+3 java.desktop@13.0.1
j  java.awt.EventDispatchThread.run()V+9 java.desktop@13.0.1
v  ~StubRoutines::call_stub

siginfo: EXCEPTION_ACCESS_VIOLATION (0xc0000005), reading address 0xffffffffffffffff


Register to memory mapping:

RIP=0x00007ffad9602fca awt.dll
RAX=0x00000093b4dfea48 is pointing into the stack for thread: 0x000001fd603c6800
RBX=0x00797472006e7572 is an unknown value
RCX=0x00797472006e7572 is an unknown value
RDX=0x0 is NULL
RSP=0x00000093b4dfea20 is pointing into the stack for thread: 0x000001fd603c6800
RBP=0x00000093b4dfeb10 is pointing into the stack for thread: 0x000001fd603c6800
RSI=0x0 is NULL
RDI=0x0 is NULL
R8 =0x0000000000000001 is an unknown value
R9 =0x00000000000000dd is an unknown value
R10=0x000001fd43cbf448 is at code_begin+1000 in an Interpreter codelet
method entry point (kind = native)  [0x000001fd43cbf060, 0x000001fd43cbfbc0]  2912 bytes
R11=0x0000000000000100 is an unknown value
R12=0x0 is NULL
R13={method} {0x000001fd5f4e8808} 'initNativeScale' '(I)V' in 'sun/awt/Win32GraphicsDevice'
R14=0x00000093b4dfeb38 is pointing into the stack for thread: 0x000001fd603c6800
R15=0x000001fd603c6800 is a thread


Registers:
RAX=0x00000093b4dfea48, RBX=0x00797472006e7572, RCX=0x00797472006e7572, RDX=0x0000000000000000
RSP=0x00000093b4dfea20, RBP=0x00000093b4dfeb10, RSI=0x0000000000000000, RDI=0x0000000000000000
R8 =0x0000000000000001, R9 =0x00000000000000dd, R10=0x000001fd43cbf448, R11=0x0000000000000100
R12=0x0000000000000000, R13=0x000001fd5f4e8800, R14=0x00000093b4dfeb38, R15=0x000001fd603c6800
RIP=0x00007ffad9602fca, EFLAGS=0x0000000000010202

Top of Stack: (sp=0x00000093b4dfea20)
0x00000093b4dfea20:   000001fd603c6800 00000093b4dfece8
0x00000093b4dfea30:   fffffffffffffffe 0000000000000000
0x00000093b4dfea40:   000001fd603b0b90 00007ffad96043b4
0x00000093b4dfea50:   00007ffabf800000 000001fd5f4e8800
0x00000093b4dfea60:   000001fd5f451c10 00000000000000b6
0x00000093b4dfea70:   fffffffffffffffe 00000000000003d8
0x00000093b4dfea80:   000001fd43cb9fc0 000001fd43cbf477
0x00000093b4dfea90:   000001fd5f4e8800 00000093b4dfebf8
0x00000093b4dfeaa0:   0000000000000000 0000000000000000
0x00000093b4dfeab0:   00000093b4dfeb20 00007ffac88a2ba9
0x00000093b4dfeac0:   000001fd5f896780 00000093b4dfeac8
0x00000093b4dfead0:   0000000000000000 00000093b4dfeb38
0x00000093b4dfeae0:   000001fd5f4eb358 0000000000000000
0x00000093b4dfeaf0:   0000000710752bc0 000001fd5f4e8800
0x00000093b4dfeb00:   0000000000000000 00000093b4dfeb30
0x00000093b4dfeb10:   00000093b4dfeb88 000001fd43cba273 

Instructions: (pc=0x00007ffad9602fca)
0x00007ffad9602eca:   08 33 ff 48 85 c9 74 07 48 8b b9 08 0c 00 00 48
0x00007ffad9602eda:   8b cb e8 7f 55 f5 ff 90 48 8b c7 48 8b 5c 24 40
0x00007ffad9602eea:   48 83 c4 30 5f c3 f3 0f 10 41 48 c3 cc cc f3 0f
0x00007ffad9602efa:   10 41 4c c3 cc cc 40 57 48 83 ec 30 48 c7 44 24
0x00007ffad9602f0a:   20 fe ff ff ff 48 89 5c 24 40 48 89 74 24 50 48
0x00007ffad9602f1a:   8b f1 ba 02 00 01 00 48 8b 0d f0 ce 07 00 e8 c6
0x00007ffad9602f2a:   eb 00 00 48 8b d8 e8 1b 54 f5 ff 48 85 c0 75 08
0x00007ffad9602f3a:   48 8b cb e8 fe 55 f5 ff e8 09 54 f5 ff 48 8b d8
0x00007ffad9602f4a:   48 89 44 24 48 33 ff 39 78 0c 7e 27 41 b8 01 00
0x00007ffad9602f5a:   00 00 8b d7 48 8b cb e8 4a 53 f5 ff 48 8b 50 28
0x00007ffad9602f6a:   48 8b ce e8 92 f6 ff ff 85 c0 75 0d ff c7 3b 7b
0x00007ffad9602f7a:   0c 7c d9 8b 3d ad d3 07 00 48 8b cb e8 d5 54 f5
0x00007ffad9602f8a:   ff 90 8b c7 48 8b 5c 24 40 48 8b 74 24 50 48 83
0x00007ffad9602f9a:   c4 30 5f c3 cc cc 48 8b 41 08 48 8b 80 18 0c 00
0x00007ffad9602faa:   00 c3 48 8b 41 08 48 05 00 04 00 00 c3 cc 48 8b
0x00007ffad9602fba:   c4 53 48 83 ec 20 48 8b d9 c7 40 08 00 00 80 bf
0x00007ffad9602fca:   48 8b 49 28 4c 8d 40 10 48 8d 50 08 c7 40 10 00
0x00007ffad9602fda:   00 80 bf e8 52 cc 00 00 f3 0f 10 54 24 30 0f 57
0x00007ffad9602fea:   c0 0f 2f d0 76 25 f3 0f 10 4c 24 38 0f 2f c8 76
0x00007ffad9602ffa:   1a f3 0f 5e 15 61 f5 02 00 f3 0f 5e 0d 59 f5 02
0x00007ffad960300a:   00 f3 0f 11 53 48 f3 0f 11 4b 4c 48 83 c4 20 5b
0x00007ffad960301a:   c3 cc 48 8b c4 57 41 54 41 56 48 83 ec 50 48 c7
0x00007ffad960302a:   40 d8 fe ff ff ff 48 89 58 10 48 89 70 18 48 8b
0x00007ffad960303a:   d9 48 8b 41 18 33 ff 48 85 c0 75 18 b9 28 04 00
0x00007ffad960304a:   00 e8 88 88 00 00 48 89 43 18 c7 00 28 00 00 00
0x00007ffad960305a:   48 8b 43 18 66 89 78 0e 48 8b 4b 28 e8 29 03 00
0x00007ffad960306a:   00 48 8b f0 41 bc 01 00 00 00 45 8b c4 41 8b d4
0x00007ffad960307a:   48 8b c8 ff 15 6d 94 07 00 4c 8b f0 89 7c 24 30
0x00007ffad960308a:   48 8b 4b 18 48 89 4c 24 28 48 89 7c 24 20 45 8b
0x00007ffad960309a:   cc 45 33 c0 48 8b d0 48 8b ce ff 15 2e 95 07 00
0x00007ffad96030aa:   48 8b 0b 41 8d 54 24 07 48 8b 43 30 39 51 04 0f
0x00007ffad96030ba:   8e ca 01 00 00 44 84 60 24 74 09 89 3d 69 d2 07 


Stack slot to memory mapping:
stack at sp + 0 slots: 0x000001fd603c6800 is a thread
stack at sp + 1 slots: 0x00000093b4dfece8 is pointing into the stack for thread: 0x000001fd603c6800
stack at sp + 2 slots: 0xfffffffffffffffe is an unknown value
stack at sp + 3 slots: 0x0 is NULL
stack at sp + 4 slots: 0x000001fd603b0b90 points into unknown readable memory: 90 01 52 60 fd 01 00 00
stack at sp + 5 slots: 0x00007ffad96043b4 awt.dll
stack at sp + 6 slots: 0x00007ffabf800000 is an unknown value
stack at sp + 7 slots: {method} {0x000001fd5f4e8808} 'initNativeScale' '(I)V' in 'sun/awt/Win32GraphicsDevice'


---------------  P R O C E S S  ---------------

Threads class SMR info:
_java_thread_list=0x000001fd603f2960, length=15, elements={
0x000001fd5fb38800, 0x000001fd5fb3b800, 0x000001fd5fb57800, 0x000001fd5fb59800,
0x000001fd5fb5b800, 0x000001fd5fb5f000, 0x000001fd5fb92000, 0x000001fd5fccf000,
0x000001fd5fcd6000, 0x000001fd5fbf2800, 0x000001fd5fbe2000, 0x000001fd5fbe3000,
0x000001fd603c6800, 0x000001fd604c9800, 0x000001fd39fac800
}

Java Threads: ( => current thread )
  0x000001fd5fb38800 JavaThread "Reference Handler" daemon [_thread_blocked, id=1556, stack(0x00000093b3e00000,0x00000093b3f00000)]
  0x000001fd5fb3b800 JavaThread "Finalizer" daemon [_thread_blocked, id=12872, stack(0x00000093b3f00000,0x00000093b4000000)]
  0x000001fd5fb57800 JavaThread "Signal Dispatcher" daemon [_thread_blocked, id=3452, stack(0x00000093b4000000,0x00000093b4100000)]
  0x000001fd5fb59800 JavaThread "Attach Listener" daemon [_thread_blocked, id=4280, stack(0x00000093b4100000,0x00000093b4200000)]
  0x000001fd5fb5b800 JavaThread "C2 CompilerThread0" daemon [_thread_blocked, id=11452, stack(0x00000093b4200000,0x00000093b4300000)]
  0x000001fd5fb5f000 JavaThread "C1 CompilerThread0" daemon [_thread_blocked, id=13240, stack(0x00000093b4300000,0x00000093b4400000)]
  0x000001fd5fb92000 JavaThread "Sweeper thread" daemon [_thread_blocked, id=13484, stack(0x00000093b4400000,0x00000093b4500000)]
  0x000001fd5fccf000 JavaThread "Service Thread" daemon [_thread_blocked, id=11512, stack(0x00000093b4500000,0x00000093b4600000)]
  0x000001fd5fcd6000 JavaThread "Common-Cleaner" daemon [_thread_blocked, id=12020, stack(0x00000093b4700000,0x00000093b4800000)]
  0x000001fd5fbf2800 JavaThread "Java2D Disposer" daemon [_thread_blocked, id=12444, stack(0x00000093b4800000,0x00000093b4900000)]
  0x000001fd5fbe2000 JavaThread "AWT-Shutdown" [_thread_blocked, id=11580, stack(0x00000093b4900000,0x00000093b4a00000)]
  0x000001fd5fbe3000 JavaThread "AWT-Windows" daemon [_thread_in_native, id=11444, stack(0x00000093b4a00000,0x00000093b4b00000)]
=>0x000001fd603c6800 JavaThread "AWT-EventQueue-0" [_thread_in_native, id=13260, stack(0x00000093b4d00000,0x00000093b4e00000)]
  0x000001fd604c9800 JavaThread "D3D Screen Updater" daemon [_thread_in_native, id=11464, stack(0x00000093b4e00000,0x00000093b4f00000)]
  0x000001fd39fac800 JavaThread "DestroyJavaVM" [_thread_blocked, id=12740, stack(0x00000093b3700000,0x00000093b3800000)]

Other Threads:
  0x000001fd5fb37800 VMThread "VM Thread" [stack: 0x00000093b3d00000,0x00000093b3e00000] [id=9748]
  0x000001fd5fcd4000 WatcherThread [stack: 0x00000093b4600000,0x00000093b4700000] [id=11628]
  0x000001fd3a018000 GCTaskThread "GC Thread#0" [stack: 0x00000093b3800000,0x00000093b3900000] [id=11180]
  0x000001fd3a03c000 ConcurrentGCThread "G1 Main Marker" [stack: 0x00000093b3900000,0x00000093b3a00000] [id=12132]
  0x000001fd3a03d800 ConcurrentGCThread "G1 Conc#0" [stack: 0x00000093b3a00000,0x00000093b3b00000] [id=13216]
  0x000001fd5f1a7800 ConcurrentGCThread "G1 Refine#0" [stack: 0x00000093b3b00000,0x00000093b3c00000] [id=13256]
  0x000001fd5f1a9000 ConcurrentGCThread "G1 Young RemSet Sampling" [stack: 0x00000093b3c00000,0x00000093b3d00000] [id=3824]

Threads with active compile tasks:

VM state:not at safepoint (normal execution)

VM Mutex/Monitor currently owned by a thread: None

Heap address: 0x0000000700a00000, size: 4086 MB, Compressed Oops mode: Zero based, Oop shift amount: 3
Narrow klass base: 0x0000000800000000, Narrow klass shift: 3
Compressed class space size: 1073741824 Address: 0x0000000800b40000

Heap:
 garbage-first heap   total 262144K, used 12288K [0x0000000700a00000, 0x0000000800000000)
  region size 1024K, 13 young (13312K), 0 survivors (0K)
 Metaspace       used 6766K, capacity 7004K, committed 7168K, reserved 1056768K
  class space    used 770K, capacity 899K, committed 1024K, reserved 1048576K
Heap Regions: E=young(eden), S=young(survivor), O=old, HS=humongous(starts), HC=humongous(continues), CS=collection set, F=free, A=archive, TAMS=top-at-mark-start (previous, next)
|   0|0x0000000700a00000, 0x0000000700a00000, 0x0000000700b00000|  0%| F|  |TAMS 0x0000000700a00000, 0x0000000700a00000| Untracked 
|   1|0x0000000700b00000, 0x0000000700b00000, 0x0000000700c00000|  0%| F|  |TAMS 0x0000000700b00000, 0x0000000700b00000| Untracked 
|   2|0x0000000700c00000, 0x0000000700c00000, 0x0000000700d00000|  0%| F|  |TAMS 0x0000000700c00000, 0x0000000700c00000| Untracked 
|   3|0x0000000700d00000, 0x0000000700d00000, 0x0000000700e00000|  0%| F|  |TAMS 0x0000000700d00000, 0x0000000700d00000| Untracked 
|   4|0x0000000700e00000, 0x0000000700e00000, 0x0000000700f00000|  0%| F|  |TAMS 0x0000000700e00000, 0x0000000700e00000| Untracked 
|   5|0x0000000700f00000, 0x0000000700f00000, 0x0000000701000000|  0%| F|  |TAMS 0x0000000700f00000, 0x0000000700f00000| Untracked 
|   6|0x0000000701000000, 0x0000000701000000, 0x0000000701100000|  0%| F|  |TAMS 0x0000000701000000, 0x0000000701000000| Untracked 
|   7|0x0000000701100000, 0x0000000701100000, 0x0000000701200000|  0%| F|  |TAMS 0x0000000701100000, 0x0000000701100000| Untracked 
|   8|0x0000000701200000, 0x0000000701200000, 0x0000000701300000|  0%| F|  |TAMS 0x0000000701200000, 0x0000000701200000| Untracked 
|   9|0x0000000701300000, 0x0000000701300000, 0x0000000701400000|  0%| F|  |TAMS 0x0000000701300000, 0x0000000701300000| Untracked 
|  10|0x0000000701400000, 0x0000000701400000, 0x0000000701500000|  0%| F|  |TAMS 0x0000000701400000, 0x0000000701400000| Untracked 
|  11|0x0000000701500000, 0x0000000701500000, 0x0000000701600000|  0%| F|  |TAMS 0x0000000701500000, 0x0000000701500000| Untracked 
|  12|0x0000000701600000, 0x0000000701600000, 0x0000000701700000|  0%| F|  |TAMS 0x0000000701600000, 0x0000000701600000| Untracked 
|  13|0x0000000701700000, 0x0000000701700000, 0x0000000701800000|  0%| F|  |TAMS 0x0000000701700000, 0x0000000701700000| Untracked 
|  14|0x0000000701800000, 0x0000000701800000, 0x0000000701900000|  0%| F|  |TAMS 0x0000000701800000, 0x0000000701800000| Untracked 
|  15|0x0000000701900000, 0x0000000701900000, 0x0000000701a00000|  0%| F|  |TAMS 0x0000000701900000, 0x0000000701900000| Untracked 
|  16|0x0000000701a00000, 0x0000000701a00000, 0x0000000701b00000|  0%| F|  |TAMS 0x0000000701a00000, 0x0000000701a00000| Untracked 
|  17|0x0000000701b00000, 0x0000000701b00000, 0x0000000701c00000|  0%| F|  |TAMS 0x0000000701b00000, 0x0000000701b00000| Untracked 
|  18|0x0000000701c00000, 0x0000000701c00000, 0x0000000701d00000|  0%| F|  |TAMS 0x0000000701c00000, 0x0000000701c00000| Untracked 
|  19|0x0000000701d00000, 0x0000000701d00000, 0x0000000701e00000|  0%| F|  |TAMS 0x0000000701d00000, 0x0000000701d00000| Untracked 
|  20|0x0000000701e00000, 0x0000000701e00000, 0x0000000701f00000|  0%| F|  |TAMS 0x0000000701e00000, 0x0000000701e00000| Untracked 
|  21|0x0000000701f00000, 0x0000000701f00000, 0x0000000702000000|  0%| F|  |TAMS 0x0000000701f00000, 0x0000000701f00000| Untracked 
|  22|0x0000000702000000, 0x0000000702000000, 0x0000000702100000|  0%| F|  |TAMS 0x0000000702000000, 0x0000000702000000| Untracked 
|  23|0x0000000702100000, 0x0000000702100000, 0x0000000702200000|  0%| F|  |TAMS 0x0000000702100000, 0x0000000702100000| Untracked 
|  24|0x0000000702200000, 0x0000000702200000, 0x0000000702300000|  0%| F|  |TAMS 0x0000000702200000, 0x0000000702200000| Untracked 
|  25|0x0000000702300000, 0x0000000702300000, 0x0000000702400000|  0%| F|  |TAMS 0x0000000702300000, 0x0000000702300000| Untracked 
|  26|0x0000000702400000, 0x0000000702400000, 0x0000000702500000|  0%| F|  |TAMS 0x0000000702400000, 0x0000000702400000| Untracked 
|  27|0x0000000702500000, 0x0000000702500000, 0x0000000702600000|  0%| F|  |TAMS 0x0000000702500000, 0x0000000702500000| Untracked 
|  28|0x0000000702600000, 0x0000000702600000, 0x0000000702700000|  0%| F|  |TAMS 0x0000000702600000, 0x0000000702600000| Untracked 
|  29|0x0000000702700000, 0x0000000702700000, 0x0000000702800000|  0%| F|  |TAMS 0x0000000702700000, 0x0000000702700000| Untracked 
|  30|0x0000000702800000, 0x0000000702800000, 0x0000000702900000|  0%| F|  |TAMS 0x0000000702800000, 0x0000000702800000| Untracked 
|  31|0x0000000702900000, 0x0000000702900000, 0x0000000702a00000|  0%| F|  |TAMS 0x0000000702900000, 0x0000000702900000| Untracked 
|  32|0x0000000702a00000, 0x0000000702a00000, 0x0000000702b00000|  0%| F|  |TAMS 0x0000000702a00000, 0x0000000702a00000| Untracked 
|  33|0x0000000702b00000, 0x0000000702b00000, 0x0000000702c00000|  0%| F|  |TAMS 0x0000000702b00000, 0x0000000702b00000| Untracked 
|  34|0x0000000702c00000, 0x0000000702c00000, 0x0000000702d00000|  0%| F|  |TAMS 0x0000000702c00000, 0x0000000702c00000| Untracked 
|  35|0x0000000702d00000, 0x0000000702d00000, 0x0000000702e00000|  0%| F|  |TAMS 0x0000000702d00000, 0x0000000702d00000| Untracked 
|  36|0x0000000702e00000, 0x0000000702e00000, 0x0000000702f00000|  0%| F|  |TAMS 0x0000000702e00000, 0x0000000702e00000| Untracked 
|  37|0x0000000702f00000, 0x0000000702f00000, 0x0000000703000000|  0%| F|  |TAMS 0x0000000702f00000, 0x0000000702f00000| Untracked 
|  38|0x0000000703000000, 0x0000000703000000, 0x0000000703100000|  0%| F|  |TAMS 0x0000000703000000, 0x0000000703000000| Untracked 
|  39|0x0000000703100000, 0x0000000703100000, 0x0000000703200000|  0%| F|  |TAMS 0x0000000703100000, 0x0000000703100000| Untracked 
|  40|0x0000000703200000, 0x0000000703200000, 0x0000000703300000|  0%| F|  |TAMS 0x0000000703200000, 0x0000000703200000| Untracked 
|  41|0x0000000703300000, 0x0000000703300000, 0x0000000703400000|  0%| F|  |TAMS 0x0000000703300000, 0x0000000703300000| Untracked 
|  42|0x0000000703400000, 0x0000000703400000, 0x0000000703500000|  0%| F|  |TAMS 0x0000000703400000, 0x0000000703400000| Untracked 
|  43|0x0000000703500000, 0x0000000703500000, 0x0000000703600000|  0%| F|  |TAMS 0x0000000703500000, 0x0000000703500000| Untracked 
|  44|0x0000000703600000, 0x0000000703600000, 0x0000000703700000|  0%| F|  |TAMS 0x0000000703600000, 0x0000000703600000| Untracked 
|  45|0x0000000703700000, 0x0000000703700000, 0x0000000703800000|  0%| F|  |TAMS 0x0000000703700000, 0x0000000703700000| Untracked 
|  46|0x0000000703800000, 0x0000000703800000, 0x0000000703900000|  0%| F|  |TAMS 0x0000000703800000, 0x0000000703800000| Untracked 
|  47|0x0000000703900000, 0x0000000703900000, 0x0000000703a00000|  0%| F|  |TAMS 0x0000000703900000, 0x0000000703900000| Untracked 
|  48|0x0000000703a00000, 0x0000000703a00000, 0x0000000703b00000|  0%| F|  |TAMS 0x0000000703a00000, 0x0000000703a00000| Untracked 
|  49|0x0000000703b00000, 0x0000000703b00000, 0x0000000703c00000|  0%| F|  |TAMS 0x0000000703b00000, 0x0000000703b00000| Untracked 
|  50|0x0000000703c00000, 0x0000000703c00000, 0x0000000703d00000|  0%| F|  |TAMS 0x0000000703c00000, 0x0000000703c00000| Untracked 
|  51|0x0000000703d00000, 0x0000000703d00000, 0x0000000703e00000|  0%| F|  |TAMS 0x0000000703d00000, 0x0000000703d00000| Untracked 
|  52|0x0000000703e00000, 0x0000000703e00000, 0x0000000703f00000|  0%| F|  |TAMS 0x0000000703e00000, 0x0000000703e00000| Untracked 
|  53|0x0000000703f00000, 0x0000000703f00000, 0x0000000704000000|  0%| F|  |TAMS 0x0000000703f00000, 0x0000000703f00000| Untracked 
|  54|0x0000000704000000, 0x0000000704000000, 0x0000000704100000|  0%| F|  |TAMS 0x0000000704000000, 0x0000000704000000| Untracked 
|  55|0x0000000704100000, 0x0000000704100000, 0x0000000704200000|  0%| F|  |TAMS 0x0000000704100000, 0x0000000704100000| Untracked 
|  56|0x0000000704200000, 0x0000000704200000, 0x0000000704300000|  0%| F|  |TAMS 0x0000000704200000, 0x0000000704200000| Untracked 
|  57|0x0000000704300000, 0x0000000704300000, 0x0000000704400000|  0%| F|  |TAMS 0x0000000704300000, 0x0000000704300000| Untracked 
|  58|0x0000000704400000, 0x0000000704400000, 0x0000000704500000|  0%| F|  |TAMS 0x0000000704400000, 0x0000000704400000| Untracked 
|  59|0x0000000704500000, 0x0000000704500000, 0x0000000704600000|  0%| F|  |TAMS 0x0000000704500000, 0x0000000704500000| Untracked 
|  60|0x0000000704600000, 0x0000000704600000, 0x0000000704700000|  0%| F|  |TAMS 0x0000000704600000, 0x0000000704600000| Untracked 
|  61|0x0000000704700000, 0x0000000704700000, 0x0000000704800000|  0%| F|  |TAMS 0x0000000704700000, 0x0000000704700000| Untracked 
|  62|0x0000000704800000, 0x0000000704800000, 0x0000000704900000|  0%| F|  |TAMS 0x0000000704800000, 0x0000000704800000| Untracked 
|  63|0x0000000704900000, 0x0000000704900000, 0x0000000704a00000|  0%| F|  |TAMS 0x0000000704900000, 0x0000000704900000| Untracked 
|  64|0x0000000704a00000, 0x0000000704a00000, 0x0000000704b00000|  0%| F|  |TAMS 0x0000000704a00000, 0x0000000704a00000| Untracked 
|  65|0x0000000704b00000, 0x0000000704b00000, 0x0000000704c00000|  0%| F|  |TAMS 0x0000000704b00000, 0x0000000704b00000| Untracked 
|  66|0x0000000704c00000, 0x0000000704c00000, 0x0000000704d00000|  0%| F|  |TAMS 0x0000000704c00000, 0x0000000704c00000| Untracked 
|  67|0x0000000704d00000, 0x0000000704d00000, 0x0000000704e00000|  0%| F|  |TAMS 0x0000000704d00000, 0x0000000704d00000| Untracked 
|  68|0x0000000704e00000, 0x0000000704e00000, 0x0000000704f00000|  0%| F|  |TAMS 0x0000000704e00000, 0x0000000704e00000| Untracked 
|  69|0x0000000704f00000, 0x0000000704f00000, 0x0000000705000000|  0%| F|  |TAMS 0x0000000704f00000, 0x0000000704f00000| Untracked 
|  70|0x0000000705000000, 0x0000000705000000, 0x0000000705100000|  0%| F|  |TAMS 0x0000000705000000, 0x0000000705000000| Untracked 
|  71|0x0000000705100000, 0x0000000705100000, 0x0000000705200000|  0%| F|  |TAMS 0x0000000705100000, 0x0000000705100000| Untracked 
|  72|0x0000000705200000, 0x0000000705200000, 0x0000000705300000|  0%| F|  |TAMS 0x0000000705200000, 0x0000000705200000| Untracked 
|  73|0x0000000705300000, 0x0000000705300000, 0x0000000705400000|  0%| F|  |TAMS 0x0000000705300000, 0x0000000705300000| Untracked 
|  74|0x0000000705400000, 0x0000000705400000, 0x0000000705500000|  0%| F|  |TAMS 0x0000000705400000, 0x0000000705400000| Untracked 
|  75|0x0000000705500000, 0x0000000705500000, 0x0000000705600000|  0%| F|  |TAMS 0x0000000705500000, 0x0000000705500000| Untracked 
|  76|0x0000000705600000, 0x0000000705600000, 0x0000000705700000|  0%| F|  |TAMS 0x0000000705600000, 0x0000000705600000| Untracked 
|  77|0x0000000705700000, 0x0000000705700000, 0x0000000705800000|  0%| F|  |TAMS 0x0000000705700000, 0x0000000705700000| Untracked 
|  78|0x0000000705800000, 0x0000000705800000, 0x0000000705900000|  0%| F|  |TAMS 0x0000000705800000, 0x0000000705800000| Untracked 
|  79|0x0000000705900000, 0x0000000705900000, 0x0000000705a00000|  0%| F|  |TAMS 0x0000000705900000, 0x0000000705900000| Untracked 
|  80|0x0000000705a00000, 0x0000000705a00000, 0x0000000705b00000|  0%| F|  |TAMS 0x0000000705a00000, 0x0000000705a00000| Untracked 
|  81|0x0000000705b00000, 0x0000000705b00000, 0x0000000705c00000|  0%| F|  |TAMS 0x0000000705b00000, 0x0000000705b00000| Untracked 
|  82|0x0000000705c00000, 0x0000000705c00000, 0x0000000705d00000|  0%| F|  |TAMS 0x0000000705c00000, 0x0000000705c00000| Untracked 
|  83|0x0000000705d00000, 0x0000000705d00000, 0x0000000705e00000|  0%| F|  |TAMS 0x0000000705d00000, 0x0000000705d00000| Untracked 
|  84|0x0000000705e00000, 0x0000000705e00000, 0x0000000705f00000|  0%| F|  |TAMS 0x0000000705e00000, 0x0000000705e00000| Untracked 
|  85|0x0000000705f00000, 0x0000000705f00000, 0x0000000706000000|  0%| F|  |TAMS 0x0000000705f00000, 0x0000000705f00000| Untracked 
|  86|0x0000000706000000, 0x0000000706000000, 0x0000000706100000|  0%| F|  |TAMS 0x0000000706000000, 0x0000000706000000| Untracked 
|  87|0x0000000706100000, 0x0000000706100000, 0x0000000706200000|  0%| F|  |TAMS 0x0000000706100000, 0x0000000706100000| Untracked 
|  88|0x0000000706200000, 0x0000000706200000, 0x0000000706300000|  0%| F|  |TAMS 0x0000000706200000, 0x0000000706200000| Untracked 
|  89|0x0000000706300000, 0x0000000706300000, 0x0000000706400000|  0%| F|  |TAMS 0x0000000706300000, 0x0000000706300000| Untracked 
|  90|0x0000000706400000, 0x0000000706400000, 0x0000000706500000|  0%| F|  |TAMS 0x0000000706400000, 0x0000000706400000| Untracked 
|  91|0x0000000706500000, 0x0000000706500000, 0x0000000706600000|  0%| F|  |TAMS 0x0000000706500000, 0x0000000706500000| Untracked 
|  92|0x0000000706600000, 0x0000000706600000, 0x0000000706700000|  0%| F|  |TAMS 0x0000000706600000, 0x0000000706600000| Untracked 
|  93|0x0000000706700000, 0x0000000706700000, 0x0000000706800000|  0%| F|  |TAMS 0x0000000706700000, 0x0000000706700000| Untracked 
|  94|0x0000000706800000, 0x0000000706800000, 0x0000000706900000|  0%| F|  |TAMS 0x0000000706800000, 0x0000000706800000| Untracked 
|  95|0x0000000706900000, 0x0000000706900000, 0x0000000706a00000|  0%| F|  |TAMS 0x0000000706900000, 0x0000000706900000| Untracked 
|  96|0x0000000706a00000, 0x0000000706a00000, 0x0000000706b00000|  0%| F|  |TAMS 0x0000000706a00000, 0x0000000706a00000| Untracked 
|  97|0x0000000706b00000, 0x0000000706b00000, 0x0000000706c00000|  0%| F|  |TAMS 0x0000000706b00000, 0x0000000706b00000| Untracked 
|  98|0x0000000706c00000, 0x0000000706c00000, 0x0000000706d00000|  0%| F|  |TAMS 0x0000000706c00000, 0x0000000706c00000| Untracked 
|  99|0x0000000706d00000, 0x0000000706d00000, 0x0000000706e00000|  0%| F|  |TAMS 0x0000000706d00000, 0x0000000706d00000| Untracked 
| 100|0x0000000706e00000, 0x0000000706e00000, 0x0000000706f00000|  0%| F|  |TAMS 0x0000000706e00000, 0x0000000706e00000| Untracked 
| 101|0x0000000706f00000, 0x0000000706f00000, 0x0000000707000000|  0%| F|  |TAMS 0x0000000706f00000, 0x0000000706f00000| Untracked 
| 102|0x0000000707000000, 0x0000000707000000, 0x0000000707100000|  0%| F|  |TAMS 0x0000000707000000, 0x0000000707000000| Untracked 
| 103|0x0000000707100000, 0x0000000707100000, 0x0000000707200000|  0%| F|  |TAMS 0x0000000707100000, 0x0000000707100000| Untracked 
| 104|0x0000000707200000, 0x0000000707200000, 0x0000000707300000|  0%| F|  |TAMS 0x0000000707200000, 0x0000000707200000| Untracked 
| 105|0x0000000707300000, 0x0000000707300000, 0x0000000707400000|  0%| F|  |TAMS 0x0000000707300000, 0x0000000707300000| Untracked 
| 106|0x0000000707400000, 0x0000000707400000, 0x0000000707500000|  0%| F|  |TAMS 0x0000000707400000, 0x0000000707400000| Untracked 
| 107|0x0000000707500000, 0x0000000707500000, 0x0000000707600000|  0%| F|  |TAMS 0x0000000707500000, 0x0000000707500000| Untracked 
| 108|0x0000000707600000, 0x0000000707600000, 0x0000000707700000|  0%| F|  |TAMS 0x0000000707600000, 0x0000000707600000| Untracked 
| 109|0x0000000707700000, 0x0000000707700000, 0x0000000707800000|  0%| F|  |TAMS 0x0000000707700000, 0x0000000707700000| Untracked 
| 110|0x0000000707800000, 0x0000000707800000, 0x0000000707900000|  0%| F|  |TAMS 0x0000000707800000, 0x0000000707800000| Untracked 
| 111|0x0000000707900000, 0x0000000707900000, 0x0000000707a00000|  0%| F|  |TAMS 0x0000000707900000, 0x0000000707900000| Untracked 
| 112|0x0000000707a00000, 0x0000000707a00000, 0x0000000707b00000|  0%| F|  |TAMS 0x0000000707a00000, 0x0000000707a00000| Untracked 
| 113|0x0000000707b00000, 0x0000000707b00000, 0x0000000707c00000|  0%| F|  |TAMS 0x0000000707b00000, 0x0000000707b00000| Untracked 
| 114|0x0000000707c00000, 0x0000000707c00000, 0x0000000707d00000|  0%| F|  |TAMS 0x0000000707c00000, 0x0000000707c00000| Untracked 
| 115|0x0000000707d00000, 0x0000000707d00000, 0x0000000707e00000|  0%| F|  |TAMS 0x0000000707d00000, 0x0000000707d00000| Untracked 
| 116|0x0000000707e00000, 0x0000000707e00000, 0x0000000707f00000|  0%| F|  |TAMS 0x0000000707e00000, 0x0000000707e00000| Untracked 
| 117|0x0000000707f00000, 0x0000000707f00000, 0x0000000708000000|  0%| F|  |TAMS 0x0000000707f00000, 0x0000000707f00000| Untracked 
| 118|0x0000000708000000, 0x0000000708000000, 0x0000000708100000|  0%| F|  |TAMS 0x0000000708000000, 0x0000000708000000| Untracked 
| 119|0x0000000708100000, 0x0000000708100000, 0x0000000708200000|  0%| F|  |TAMS 0x0000000708100000, 0x0000000708100000| Untracked 
| 120|0x0000000708200000, 0x0000000708200000, 0x0000000708300000|  0%| F|  |TAMS 0x0000000708200000, 0x0000000708200000| Untracked 
| 121|0x0000000708300000, 0x0000000708300000, 0x0000000708400000|  0%| F|  |TAMS 0x0000000708300000, 0x0000000708300000| Untracked 
| 122|0x0000000708400000, 0x0000000708400000, 0x0000000708500000|  0%| F|  |TAMS 0x0000000708400000, 0x0000000708400000| Untracked 
| 123|0x0000000708500000, 0x0000000708500000, 0x0000000708600000|  0%| F|  |TAMS 0x0000000708500000, 0x0000000708500000| Untracked 
| 124|0x0000000708600000, 0x0000000708600000, 0x0000000708700000|  0%| F|  |TAMS 0x0000000708600000, 0x0000000708600000| Untracked 
| 125|0x0000000708700000, 0x0000000708700000, 0x0000000708800000|  0%| F|  |TAMS 0x0000000708700000, 0x0000000708700000| Untracked 
| 126|0x0000000708800000, 0x0000000708800000, 0x0000000708900000|  0%| F|  |TAMS 0x0000000708800000, 0x0000000708800000| Untracked 
| 127|0x0000000708900000, 0x0000000708900000, 0x0000000708a00000|  0%| F|  |TAMS 0x0000000708900000, 0x0000000708900000| Untracked 
| 128|0x0000000708a00000, 0x0000000708a00000, 0x0000000708b00000|  0%| F|  |TAMS 0x0000000708a00000, 0x0000000708a00000| Untracked 
| 129|0x0000000708b00000, 0x0000000708b00000, 0x0000000708c00000|  0%| F|  |TAMS 0x0000000708b00000, 0x0000000708b00000| Untracked 
| 130|0x0000000708c00000, 0x0000000708c00000, 0x0000000708d00000|  0%| F|  |TAMS 0x0000000708c00000, 0x0000000708c00000| Untracked 
| 131|0x0000000708d00000, 0x0000000708d00000, 0x0000000708e00000|  0%| F|  |TAMS 0x0000000708d00000, 0x0000000708d00000| Untracked 
| 132|0x0000000708e00000, 0x0000000708e00000, 0x0000000708f00000|  0%| F|  |TAMS 0x0000000708e00000, 0x0000000708e00000| Untracked 
| 133|0x0000000708f00000, 0x0000000708f00000, 0x0000000709000000|  0%| F|  |TAMS 0x0000000708f00000, 0x0000000708f00000| Untracked 
| 134|0x0000000709000000, 0x0000000709000000, 0x0000000709100000|  0%| F|  |TAMS 0x0000000709000000, 0x0000000709000000| Untracked 
| 135|0x0000000709100000, 0x0000000709100000, 0x0000000709200000|  0%| F|  |TAMS 0x0000000709100000, 0x0000000709100000| Untracked 
| 136|0x0000000709200000, 0x0000000709200000, 0x0000000709300000|  0%| F|  |TAMS 0x0000000709200000, 0x0000000709200000| Untracked 
| 137|0x0000000709300000, 0x0000000709300000, 0x0000000709400000|  0%| F|  |TAMS 0x0000000709300000, 0x0000000709300000| Untracked 
| 138|0x0000000709400000, 0x0000000709400000, 0x0000000709500000|  0%| F|  |TAMS 0x0000000709400000, 0x0000000709400000| Untracked 
| 139|0x0000000709500000, 0x0000000709500000, 0x0000000709600000|  0%| F|  |TAMS 0x0000000709500000, 0x0000000709500000| Untracked 
| 140|0x0000000709600000, 0x0000000709600000, 0x0000000709700000|  0%| F|  |TAMS 0x0000000709600000, 0x0000000709600000| Untracked 
| 141|0x0000000709700000, 0x0000000709700000, 0x0000000709800000|  0%| F|  |TAMS 0x0000000709700000, 0x0000000709700000| Untracked 
| 142|0x0000000709800000, 0x0000000709800000, 0x0000000709900000|  0%| F|  |TAMS 0x0000000709800000, 0x0000000709800000| Untracked 
| 143|0x0000000709900000, 0x0000000709900000, 0x0000000709a00000|  0%| F|  |TAMS 0x0000000709900000, 0x0000000709900000| Untracked 
| 144|0x0000000709a00000, 0x0000000709a00000, 0x0000000709b00000|  0%| F|  |TAMS 0x0000000709a00000, 0x0000000709a00000| Untracked 
| 145|0x0000000709b00000, 0x0000000709b00000, 0x0000000709c00000|  0%| F|  |TAMS 0x0000000709b00000, 0x0000000709b00000| Untracked 
| 146|0x0000000709c00000, 0x0000000709c00000, 0x0000000709d00000|  0%| F|  |TAMS 0x0000000709c00000, 0x0000000709c00000| Untracked 
| 147|0x0000000709d00000, 0x0000000709d00000, 0x0000000709e00000|  0%| F|  |TAMS 0x0000000709d00000, 0x0000000709d00000| Untracked 
| 148|0x0000000709e00000, 0x0000000709e00000, 0x0000000709f00000|  0%| F|  |TAMS 0x0000000709e00000, 0x0000000709e00000| Untracked 
| 149|0x0000000709f00000, 0x0000000709f00000, 0x000000070a000000|  0%| F|  |TAMS 0x0000000709f00000, 0x0000000709f00000| Untracked 
| 150|0x000000070a000000, 0x000000070a000000, 0x000000070a100000|  0%| F|  |TAMS 0x000000070a000000, 0x000000070a000000| Untracked 
| 151|0x000000070a100000, 0x000000070a100000, 0x000000070a200000|  0%| F|  |TAMS 0x000000070a100000, 0x000000070a100000| Untracked 
| 152|0x000000070a200000, 0x000000070a200000, 0x000000070a300000|  0%| F|  |TAMS 0x000000070a200000, 0x000000070a200000| Untracked 
| 153|0x000000070a300000, 0x000000070a300000, 0x000000070a400000|  0%| F|  |TAMS 0x000000070a300000, 0x000000070a300000| Untracked 
| 154|0x000000070a400000, 0x000000070a400000, 0x000000070a500000|  0%| F|  |TAMS 0x000000070a400000, 0x000000070a400000| Untracked 
| 155|0x000000070a500000, 0x000000070a500000, 0x000000070a600000|  0%| F|  |TAMS 0x000000070a500000, 0x000000070a500000| Untracked 
| 156|0x000000070a600000, 0x000000070a600000, 0x000000070a700000|  0%| F|  |TAMS 0x000000070a600000, 0x000000070a600000| Untracked 
| 157|0x000000070a700000, 0x000000070a700000, 0x000000070a800000|  0%| F|  |TAMS 0x000000070a700000, 0x000000070a700000| Untracked 
| 158|0x000000070a800000, 0x000000070a800000, 0x000000070a900000|  0%| F|  |TAMS 0x000000070a800000, 0x000000070a800000| Untracked 
| 159|0x000000070a900000, 0x000000070a900000, 0x000000070aa00000|  0%| F|  |TAMS 0x000000070a900000, 0x000000070a900000| Untracked 
| 160|0x000000070aa00000, 0x000000070aa00000, 0x000000070ab00000|  0%| F|  |TAMS 0x000000070aa00000, 0x000000070aa00000| Untracked 
| 161|0x000000070ab00000, 0x000000070ab00000, 0x000000070ac00000|  0%| F|  |TAMS 0x000000070ab00000, 0x000000070ab00000| Untracked 
| 162|0x000000070ac00000, 0x000000070ac00000, 0x000000070ad00000|  0%| F|  |TAMS 0x000000070ac00000, 0x000000070ac00000| Untracked 
| 163|0x000000070ad00000, 0x000000070ad00000, 0x000000070ae00000|  0%| F|  |TAMS 0x000000070ad00000, 0x000000070ad00000| Untracked 
| 164|0x000000070ae00000, 0x000000070ae00000, 0x000000070af00000|  0%| F|  |TAMS 0x000000070ae00000, 0x000000070ae00000| Untracked 
| 165|0x000000070af00000, 0x000000070af00000, 0x000000070b000000|  0%| F|  |TAMS 0x000000070af00000, 0x000000070af00000| Untracked 
| 166|0x000000070b000000, 0x000000070b000000, 0x000000070b100000|  0%| F|  |TAMS 0x000000070b000000, 0x000000070b000000| Untracked 
| 167|0x000000070b100000, 0x000000070b100000, 0x000000070b200000|  0%| F|  |TAMS 0x000000070b100000, 0x000000070b100000| Untracked 
| 168|0x000000070b200000, 0x000000070b200000, 0x000000070b300000|  0%| F|  |TAMS 0x000000070b200000, 0x000000070b200000| Untracked 
| 169|0x000000070b300000, 0x000000070b300000, 0x000000070b400000|  0%| F|  |TAMS 0x000000070b300000, 0x000000070b300000| Untracked 
| 170|0x000000070b400000, 0x000000070b400000, 0x000000070b500000|  0%| F|  |TAMS 0x000000070b400000, 0x000000070b400000| Untracked 
| 171|0x000000070b500000, 0x000000070b500000, 0x000000070b600000|  0%| F|  |TAMS 0x000000070b500000, 0x000000070b500000| Untracked 
| 172|0x000000070b600000, 0x000000070b600000, 0x000000070b700000|  0%| F|  |TAMS 0x000000070b600000, 0x000000070b600000| Untracked 
| 173|0x000000070b700000, 0x000000070b700000, 0x000000070b800000|  0%| F|  |TAMS 0x000000070b700000, 0x000000070b700000| Untracked 
| 174|0x000000070b800000, 0x000000070b800000, 0x000000070b900000|  0%| F|  |TAMS 0x000000070b800000, 0x000000070b800000| Untracked 
| 175|0x000000070b900000, 0x000000070b900000, 0x000000070ba00000|  0%| F|  |TAMS 0x000000070b900000, 0x000000070b900000| Untracked 
| 176|0x000000070ba00000, 0x000000070ba00000, 0x000000070bb00000|  0%| F|  |TAMS 0x000000070ba00000, 0x000000070ba00000| Untracked 
| 177|0x000000070bb00000, 0x000000070bb00000, 0x000000070bc00000|  0%| F|  |TAMS 0x000000070bb00000, 0x000000070bb00000| Untracked 
| 178|0x000000070bc00000, 0x000000070bc00000, 0x000000070bd00000|  0%| F|  |TAMS 0x000000070bc00000, 0x000000070bc00000| Untracked 
| 179|0x000000070bd00000, 0x000000070bd00000, 0x000000070be00000|  0%| F|  |TAMS 0x000000070bd00000, 0x000000070bd00000| Untracked 
| 180|0x000000070be00000, 0x000000070be00000, 0x000000070bf00000|  0%| F|  |TAMS 0x000000070be00000, 0x000000070be00000| Untracked 
| 181|0x000000070bf00000, 0x000000070bf00000, 0x000000070c000000|  0%| F|  |TAMS 0x000000070bf00000, 0x000000070bf00000| Untracked 
| 182|0x000000070c000000, 0x000000070c000000, 0x000000070c100000|  0%| F|  |TAMS 0x000000070c000000, 0x000000070c000000| Untracked 
| 183|0x000000070c100000, 0x000000070c100000, 0x000000070c200000|  0%| F|  |TAMS 0x000000070c100000, 0x000000070c100000| Untracked 
| 184|0x000000070c200000, 0x000000070c200000, 0x000000070c300000|  0%| F|  |TAMS 0x000000070c200000, 0x000000070c200000| Untracked 
| 185|0x000000070c300000, 0x000000070c300000, 0x000000070c400000|  0%| F|  |TAMS 0x000000070c300000, 0x000000070c300000| Untracked 
| 186|0x000000070c400000, 0x000000070c400000, 0x000000070c500000|  0%| F|  |TAMS 0x000000070c400000, 0x000000070c400000| Untracked 
| 187|0x000000070c500000, 0x000000070c500000, 0x000000070c600000|  0%| F|  |TAMS 0x000000070c500000, 0x000000070c500000| Untracked 
| 188|0x000000070c600000, 0x000000070c600000, 0x000000070c700000|  0%| F|  |TAMS 0x000000070c600000, 0x000000070c600000| Untracked 
| 189|0x000000070c700000, 0x000000070c700000, 0x000000070c800000|  0%| F|  |TAMS 0x000000070c700000, 0x000000070c700000| Untracked 
| 190|0x000000070c800000, 0x000000070c800000, 0x000000070c900000|  0%| F|  |TAMS 0x000000070c800000, 0x000000070c800000| Untracked 
| 191|0x000000070c900000, 0x000000070c900000, 0x000000070ca00000|  0%| F|  |TAMS 0x000000070c900000, 0x000000070c900000| Untracked 
| 192|0x000000070ca00000, 0x000000070ca00000, 0x000000070cb00000|  0%| F|  |TAMS 0x000000070ca00000, 0x000000070ca00000| Untracked 
| 193|0x000000070cb00000, 0x000000070cb00000, 0x000000070cc00000|  0%| F|  |TAMS 0x000000070cb00000, 0x000000070cb00000| Untracked 
| 194|0x000000070cc00000, 0x000000070cc00000, 0x000000070cd00000|  0%| F|  |TAMS 0x000000070cc00000, 0x000000070cc00000| Untracked 
| 195|0x000000070cd00000, 0x000000070cd00000, 0x000000070ce00000|  0%| F|  |TAMS 0x000000070cd00000, 0x000000070cd00000| Untracked 
| 196|0x000000070ce00000, 0x000000070ce00000, 0x000000070cf00000|  0%| F|  |TAMS 0x000000070ce00000, 0x000000070ce00000| Untracked 
| 197|0x000000070cf00000, 0x000000070cf00000, 0x000000070d000000|  0%| F|  |TAMS 0x000000070cf00000, 0x000000070cf00000| Untracked 
| 198|0x000000070d000000, 0x000000070d000000, 0x000000070d100000|  0%| F|  |TAMS 0x000000070d000000, 0x000000070d000000| Untracked 
| 199|0x000000070d100000, 0x000000070d100000, 0x000000070d200000|  0%| F|  |TAMS 0x000000070d100000, 0x000000070d100000| Untracked 
| 200|0x000000070d200000, 0x000000070d200000, 0x000000070d300000|  0%| F|  |TAMS 0x000000070d200000, 0x000000070d200000| Untracked 
| 201|0x000000070d300000, 0x000000070d300000, 0x000000070d400000|  0%| F|  |TAMS 0x000000070d300000, 0x000000070d300000| Untracked 
| 202|0x000000070d400000, 0x000000070d400000, 0x000000070d500000|  0%| F|  |TAMS 0x000000070d400000, 0x000000070d400000| Untracked 
| 203|0x000000070d500000, 0x000000070d500000, 0x000000070d600000|  0%| F|  |TAMS 0x000000070d500000, 0x000000070d500000| Untracked 
| 204|0x000000070d600000, 0x000000070d600000, 0x000000070d700000|  0%| F|  |TAMS 0x000000070d600000, 0x000000070d600000| Untracked 
| 205|0x000000070d700000, 0x000000070d700000, 0x000000070d800000|  0%| F|  |TAMS 0x000000070d700000, 0x000000070d700000| Untracked 
| 206|0x000000070d800000, 0x000000070d800000, 0x000000070d900000|  0%| F|  |TAMS 0x000000070d800000, 0x000000070d800000| Untracked 
| 207|0x000000070d900000, 0x000000070d900000, 0x000000070da00000|  0%| F|  |TAMS 0x000000070d900000, 0x000000070d900000| Untracked 
| 208|0x000000070da00000, 0x000000070da00000, 0x000000070db00000|  0%| F|  |TAMS 0x000000070da00000, 0x000000070da00000| Untracked 
| 209|0x000000070db00000, 0x000000070db00000, 0x000000070dc00000|  0%| F|  |TAMS 0x000000070db00000, 0x000000070db00000| Untracked 
| 210|0x000000070dc00000, 0x000000070dc00000, 0x000000070dd00000|  0%| F|  |TAMS 0x000000070dc00000, 0x000000070dc00000| Untracked 
| 211|0x000000070dd00000, 0x000000070dd00000, 0x000000070de00000|  0%| F|  |TAMS 0x000000070dd00000, 0x000000070dd00000| Untracked 
| 212|0x000000070de00000, 0x000000070de00000, 0x000000070df00000|  0%| F|  |TAMS 0x000000070de00000, 0x000000070de00000| Untracked 
| 213|0x000000070df00000, 0x000000070df00000, 0x000000070e000000|  0%| F|  |TAMS 0x000000070df00000, 0x000000070df00000| Untracked 
| 214|0x000000070e000000, 0x000000070e000000, 0x000000070e100000|  0%| F|  |TAMS 0x000000070e000000, 0x000000070e000000| Untracked 
| 215|0x000000070e100000, 0x000000070e100000, 0x000000070e200000|  0%| F|  |TAMS 0x000000070e100000, 0x000000070e100000| Untracked 
| 216|0x000000070e200000, 0x000000070e200000, 0x000000070e300000|  0%| F|  |TAMS 0x000000070e200000, 0x000000070e200000| Untracked 
| 217|0x000000070e300000, 0x000000070e300000, 0x000000070e400000|  0%| F|  |TAMS 0x000000070e300000, 0x000000070e300000| Untracked 
| 218|0x000000070e400000, 0x000000070e400000, 0x000000070e500000|  0%| F|  |TAMS 0x000000070e400000, 0x000000070e400000| Untracked 
| 219|0x000000070e500000, 0x000000070e500000, 0x000000070e600000|  0%| F|  |TAMS 0x000000070e500000, 0x000000070e500000| Untracked 
| 220|0x000000070e600000, 0x000000070e600000, 0x000000070e700000|  0%| F|  |TAMS 0x000000070e600000, 0x000000070e600000| Untracked 
| 221|0x000000070e700000, 0x000000070e700000, 0x000000070e800000|  0%| F|  |TAMS 0x000000070e700000, 0x000000070e700000| Untracked 
| 222|0x000000070e800000, 0x000000070e800000, 0x000000070e900000|  0%| F|  |TAMS 0x000000070e800000, 0x000000070e800000| Untracked 
| 223|0x000000070e900000, 0x000000070e900000, 0x000000070ea00000|  0%| F|  |TAMS 0x000000070e900000, 0x000000070e900000| Untracked 
| 224|0x000000070ea00000, 0x000000070ea00000, 0x000000070eb00000|  0%| F|  |TAMS 0x000000070ea00000, 0x000000070ea00000| Untracked 
| 225|0x000000070eb00000, 0x000000070eb00000, 0x000000070ec00000|  0%| F|  |TAMS 0x000000070eb00000, 0x000000070eb00000| Untracked 
| 226|0x000000070ec00000, 0x000000070ec00000, 0x000000070ed00000|  0%| F|  |TAMS 0x000000070ec00000, 0x000000070ec00000| Untracked 
| 227|0x000000070ed00000, 0x000000070ed00000, 0x000000070ee00000|  0%| F|  |TAMS 0x000000070ed00000, 0x000000070ed00000| Untracked 
| 228|0x000000070ee00000, 0x000000070ee00000, 0x000000070ef00000|  0%| F|  |TAMS 0x000000070ee00000, 0x000000070ee00000| Untracked 
| 229|0x000000070ef00000, 0x000000070ef00000, 0x000000070f000000|  0%| F|  |TAMS 0x000000070ef00000, 0x000000070ef00000| Untracked 
| 230|0x000000070f000000, 0x000000070f000000, 0x000000070f100000|  0%| F|  |TAMS 0x000000070f000000, 0x000000070f000000| Untracked 
| 231|0x000000070f100000, 0x000000070f100000, 0x000000070f200000|  0%| F|  |TAMS 0x000000070f100000, 0x000000070f100000| Untracked 
| 232|0x000000070f200000, 0x000000070f200000, 0x000000070f300000|  0%| F|  |TAMS 0x000000070f200000, 0x000000070f200000| Untracked 
| 233|0x000000070f300000, 0x000000070f300000, 0x000000070f400000|  0%| F|  |TAMS 0x000000070f300000, 0x000000070f300000| Untracked 
| 234|0x000000070f400000, 0x000000070f400000, 0x000000070f500000|  0%| F|  |TAMS 0x000000070f400000, 0x000000070f400000| Untracked 
| 235|0x000000070f500000, 0x000000070f500000, 0x000000070f600000|  0%| F|  |TAMS 0x000000070f500000, 0x000000070f500000| Untracked 
| 236|0x000000070f600000, 0x000000070f600000, 0x000000070f700000|  0%| F|  |TAMS 0x000000070f600000, 0x000000070f600000| Untracked 
| 237|0x000000070f700000, 0x000000070f700000, 0x000000070f800000|  0%| F|  |TAMS 0x000000070f700000, 0x000000070f700000| Untracked 
| 238|0x000000070f800000, 0x000000070f800000, 0x000000070f900000|  0%| F|  |TAMS 0x000000070f800000, 0x000000070f800000| Untracked 
| 239|0x000000070f900000, 0x000000070f900000, 0x000000070fa00000|  0%| F|  |TAMS 0x000000070f900000, 0x000000070f900000| Untracked 
| 240|0x000000070fa00000, 0x000000070fa00000, 0x000000070fb00000|  0%| F|  |TAMS 0x000000070fa00000, 0x000000070fa00000| Untracked 
| 241|0x000000070fb00000, 0x000000070fb00000, 0x000000070fc00000|  0%| F|  |TAMS 0x000000070fb00000, 0x000000070fb00000| Untracked 
| 242|0x000000070fc00000, 0x000000070fc00000, 0x000000070fd00000|  0%| F|  |TAMS 0x000000070fc00000, 0x000000070fc00000| Untracked 
| 243|0x000000070fd00000, 0x000000070fdd78e8, 0x000000070fe00000| 84%| E|  |TAMS 0x000000070fd00000, 0x000000070fd00000| Complete 
| 244|0x000000070fe00000, 0x000000070ff00000, 0x000000070ff00000|100%| E|CS|TAMS 0x000000070fe00000, 0x000000070fe00000| Complete 
| 245|0x000000070ff00000, 0x0000000710000000, 0x0000000710000000|100%| E|CS|TAMS 0x000000070ff00000, 0x000000070ff00000| Complete 
| 246|0x0000000710000000, 0x0000000710100000, 0x0000000710100000|100%| E|CS|TAMS 0x0000000710000000, 0x0000000710000000| Complete 
| 247|0x0000000710100000, 0x0000000710200000, 0x0000000710200000|100%| E|CS|TAMS 0x0000000710100000, 0x0000000710100000| Complete 
| 248|0x0000000710200000, 0x0000000710300000, 0x0000000710300000|100%| E|CS|TAMS 0x0000000710200000, 0x0000000710200000| Complete 
| 249|0x0000000710300000, 0x0000000710400000, 0x0000000710400000|100%| E|CS|TAMS 0x0000000710300000, 0x0000000710300000| Complete 
| 250|0x0000000710400000, 0x0000000710500000, 0x0000000710500000|100%| E|CS|TAMS 0x0000000710400000, 0x0000000710400000| Complete 
| 251|0x0000000710500000, 0x0000000710600000, 0x0000000710600000|100%| E|CS|TAMS 0x0000000710500000, 0x0000000710500000| Complete 
| 252|0x0000000710600000, 0x0000000710700000, 0x0000000710700000|100%| E|CS|TAMS 0x0000000710600000, 0x0000000710600000| Complete 
| 253|0x0000000710700000, 0x0000000710800000, 0x0000000710800000|100%| E|CS|TAMS 0x0000000710700000, 0x0000000710700000| Complete 
| 254|0x0000000710800000, 0x0000000710900000, 0x0000000710900000|100%| E|CS|TAMS 0x0000000710800000, 0x0000000710800000| Complete 
| 255|0x0000000710900000, 0x0000000710a00000, 0x0000000710a00000|100%| E|CS|TAMS 0x0000000710900000, 0x0000000710900000| Complete 

Card table byte_map: [0x000001fd53c10000,0x000001fd54410000] _byte_map_base: 0x000001fd5040b000

Marking Bits (Prev, Next): (CMBitMap*) 0x000001fd3a01ac98, (CMBitMap*) 0x000001fd3a01acd8
 Prev Bits: [0x000001fd54c10000, 0x000001fd58be8000)
 Next Bits: [0x000001fd58bf0000, 0x000001fd5cbc8000)

Polling page: 0x000001fd3a080000

Metaspace:

Usage:
  Non-class:      5.96 MB capacity,     5.86 MB ( 98%) used,    90.54 KB (  1%) free+waste,    18.00 KB ( <1%) overhead. 
      Class:    899.00 KB capacity,   770.20 KB ( 86%) used,   116.24 KB ( 13%) free+waste,    12.56 KB (  1%) overhead. 
       Both:      6.84 MB capacity,     6.61 MB ( 97%) used,   206.78 KB (  3%) free+waste,    30.56 KB ( <1%) overhead. 

Virtual space:
  Non-class space:        8.00 MB reserved,       6.00 MB ( 75%) committed 
      Class space:        1.00 GB reserved,       1.00 MB ( <1%) committed 
             Both:        1.01 GB reserved,       7.00 MB ( <1%) committed 

Chunk freelists:
   Non-Class:  39.00 KB
       Class:  29.00 KB
        Both:  68.00 KB

MaxMetaspaceSize: 17179869184.00 GB
CompressedClassSpaceSize: 1.00 GB

CodeHeap 'non-profiled nmethods': size=120064Kb used=259Kb max_used=259Kb free=119804Kb
 bounds [0x000001fd4b770000, 0x000001fd4b9e0000, 0x000001fd52cb0000]
CodeHeap 'profiled nmethods': size=120000Kb used=1319Kb max_used=1319Kb free=118680Kb
 bounds [0x000001fd44240000, 0x000001fd444b0000, 0x000001fd4b770000]
CodeHeap 'non-nmethods': size=5696Kb used=1253Kb max_used=1269Kb free=4442Kb
 bounds [0x000001fd43cb0000, 0x000001fd43f20000, 0x000001fd44240000]
 total_blobs=1741 nmethods=836 adapters=438
 compilation: enabled
              stopped_count=0, restarted_count=0
 full_count=0

Compilation events (20 events):
Event: 3035.578 Thread 0x000001fd5fb5f000  827 % !   3       sun.java2d.d3d.D3DScreenUpdateManager::run @ 0 (267 bytes)
Event: 3035.582 Thread 0x000001fd5fb5f000 nmethod 827% 0x000001fd4437ca90 code [0x000001fd4437cea0, 0x000001fd4437f720]
Event: 3086.980 Thread 0x000001fd5fb5f000  828   !   3       sun.java2d.d3d.D3DScreenUpdateManager::run (267 bytes)
Event: 3086.984 Thread 0x000001fd5fb5f000 nmethod 828 0x000001fd44380610 code [0x000001fd44380a20, 0x000001fd44383220]
Event: 3189.798 Thread 0x000001fd5fb5b800  829       4       sun.java2d.StateTrackableDelegate$1::isCurrent (17 bytes)
Event: 3189.799 Thread 0x000001fd5fb5b800 nmethod 829 0x000001fd4b7ad510 code [0x000001fd4b7ad6a0, 0x000001fd4b7ad758]
Event: 3498.287 Thread 0x000001fd5fb5f000  830 % !   3       sun.java2d.d3d.D3DScreenUpdateManager::run @ 105 (267 bytes)
Event: 3498.291 Thread 0x000001fd5fb5f000 nmethod 830% 0x000001fd44384090 code [0x000001fd443844a0, 0x000001fd44386d60]
Event: 5092.026 Thread 0x000001fd5fb5b800  831 % !   4       sun.java2d.d3d.D3DScreenUpdateManager::run @ 0 (267 bytes)
Event: 5092.049 Thread 0x000001fd5fb5b800 nmethod 831% 0x000001fd4b7ad810 code [0x000001fd4b7ada00, 0x000001fd4b7ae8d8]
Event: 5143.458 Thread 0x000001fd5fb5b800  832 % !   4       sun.java2d.d3d.D3DScreenUpdateManager::run @ 105 (267 bytes)
Event: 5143.488 Thread 0x000001fd5fb5b800 nmethod 832% 0x000001fd4b7af010 code [0x000001fd4b7af200, 0x000001fd4b7b0338]
Event: 7560.142 Thread 0x000001fd5fb5f000  834       3       java.lang.ref.ReferenceQueue::reallyPoll (65 bytes)
Event: 7560.142 Thread 0x000001fd5fb5f000 nmethod 834 0x000001fd44387c90 code [0x000001fd44387e60, 0x000001fd44388418]
Event: 16224.924 Thread 0x000001fd5fb5f000  835   !   3       java.lang.ref.ReferenceQueue::remove (125 bytes)
Event: 16224.926 Thread 0x000001fd5fb5f000 nmethod 835 0x000001fd44388510 code [0x000001fd44388740, 0x000001fd44389040]
Event: 16344.925 Thread 0x000001fd5fb5f000  836   !   3       jdk.internal.ref.PhantomCleanable::isListEmpty (34 bytes)
Event: 16344.925 Thread 0x000001fd5fb5f000 nmethod 836 0x000001fd44389390 code [0x000001fd44389540, 0x000001fd443898f8]
Event: 16344.925 Thread 0x000001fd5fb5f000  837       3       jdk.internal.misc.InnocuousThread::eraseThreadLocals (23 bytes)
Event: 16344.926 Thread 0x000001fd5fb5f000 nmethod 837 0x000001fd44389a10 code [0x000001fd44389bc0, 0x000001fd44389e38]

GC Heap History (0 events):
No events

Deoptimization events (20 events):
Event: 528.958 Thread 0x000001fd604c9800 Uncommon trap: trap_request=0xffffffdc fr.pc=0x000001fd4b7ac7c4 relative=0x00000000000001a4
Event: 528.958 Thread 0x000001fd604c9800 Uncommon trap: reason=class_check action=make_not_entrant pc=0x000001fd4b7ac7c4 method=java.util.ArrayList.toArray([Ljava/lang/Object;)[Ljava/lang/Object; @ 21 c2
Event: 528.958 Thread 0x000001fd604c9800 DEOPT PACKING pc=0x000001fd4b7ac7c4 sp=0x00000093b4eff1f0
Event: 528.958 Thread 0x000001fd604c9800 DEOPT UNPACKING pc=0x000001fd43cf912f sp=0x00000093b4eff1b0 mode 2
Event: 3446.871 Thread 0x000001fd604c9800 DEOPT PACKING pc=0x000001fd4437f48d sp=0x00000093b4eff1d0
Event: 3446.871 Thread 0x000001fd604c9800 DEOPT UNPACKING pc=0x000001fd43cf964e sp=0x00000093b4efe740 mode 0
Event: 3858.201 Thread 0x000001fd604c9800 DEOPT PACKING pc=0x000001fd44386a71 sp=0x00000093b4eff1c0
Event: 3858.202 Thread 0x000001fd604c9800 DEOPT UNPACKING pc=0x000001fd43cf964e sp=0x00000093b4efe740 mode 0
Event: 4269.440 Thread 0x000001fd604c9800 DEOPT PACKING pc=0x000001fd4437f48d sp=0x00000093b4eff1d0
Event: 4269.440 Thread 0x000001fd604c9800 DEOPT UNPACKING pc=0x000001fd43cf964e sp=0x00000093b4efe740 mode 0
Event: 4680.776 Thread 0x000001fd604c9800 DEOPT PACKING pc=0x000001fd44386a71 sp=0x00000093b4eff1c0
Event: 4680.776 Thread 0x000001fd604c9800 DEOPT UNPACKING pc=0x000001fd43cf964e sp=0x00000093b4efe740 mode 0
Event: 5092.026 Thread 0x000001fd604c9800 DEOPT PACKING pc=0x000001fd4437f48d sp=0x00000093b4eff1d0
Event: 5092.026 Thread 0x000001fd604c9800 DEOPT UNPACKING pc=0x000001fd43cf964e sp=0x00000093b4efe740 mode 0
Event: 5503.410 Thread 0x000001fd604c9800 DEOPT PACKING pc=0x000001fd44386a71 sp=0x00000093b4eff1c0
Event: 5503.410 Thread 0x000001fd604c9800 DEOPT UNPACKING pc=0x000001fd43cf964e sp=0x00000093b4efe740 mode 0
Event: 82558.457 Thread 0x000001fd604c9800 Uncommon trap: trap_request=0xffffff45 fr.pc=0x000001fd4b7ae364 relative=0x0000000000000964
Event: 82558.457 Thread 0x000001fd604c9800 Uncommon trap: reason=unstable_if action=reinterpret pc=0x000001fd4b7ae364 method=sun.java2d.StateTrackableDelegate$1.isCurrent()Z @ 8 c2
Event: 82558.458 Thread 0x000001fd604c9800 DEOPT PACKING pc=0x000001fd4b7ae364 sp=0x00000093b4eff290
Event: 82558.458 Thread 0x000001fd604c9800 DEOPT UNPACKING pc=0x000001fd43cf912f sp=0x00000093b4eff180 mode 2

Classes unloaded (0 events):
No events

Classes redefined (0 events):
No events

Internal exceptions (13 events):
Event: 0.095 Thread 0x000001fd39fac800 Exception <a 'java/lang/ClassNotFoundException'{0x00000007108114e8}: sun/awt/resources/spi/awtProvider> (0x00000007108114e8) 
thrown [t:/workspace/open/src/hotspot/share/classfile/systemDictionary.cpp, line 232]
Event: 0.124 Thread 0x000001fd39fac800 Exception <a 'java/io/FileNotFoundException'{0x00000007108668d8}> (0x00000007108668d8) 
thrown [t:/workspace/open/src/hotspot/share/prims/jni.cpp, line 598]
Event: 0.132 Thread 0x000001fd39fac800 Exception <a 'java/io/FileNotFoundException'{0x000000071088cf50}> (0x000000071088cf50) 
thrown [t:/workspace/open/src/hotspot/share/prims/jni.cpp, line 598]
Event: 0.144 Thread 0x000001fd39fac800 Exception <a 'java/lang/NoSuchMethodError'{0x00000007108a5518}: 'int java.lang.invoke.DirectMethodHandle$Holder.invokeSpecialIFC(java.lang.Object, java.lang.Object, int)'> (0x00000007108a5518) 
thrown [t:/workspace/open/src/hotspot/share/interpreter/linkResolver.cpp, line 767]
Event: 6.653 Thread 0x000001fd5fbe3000 Exception <a 'java/lang/NoSuchMethodError'{0x0000000710794b00}: 'void java.lang.invoke.DirectMethodHandle$Holder.invokeSpecial(java.lang.Object, java.lang.Object)'> (0x0000000710794b00) 
thrown [t:/workspace/open/src/hotspot/share/interpreter/linkResolver.cpp, line 767]
Event: 6.800 Thread 0x000001fd39fac800 Exception <a 'java/lang/NoSuchMethodError'{0x000000071060a238}: 'java.lang.Object java.lang.invoke.DirectMethodHandle$Holder.invokeStatic(java.lang.Object, int, java.lang.Object, java.lang.Object, java.lang.Object, java.lang.Object)'> (0x000000071060a238) 
thrown [t:/workspace/open/src/hotspot/share/interpreter/linkResolver.cpp, line 767]
Event: 6.801 Thread 0x000001fd39fac800 Exception <a 'java/lang/NoSuchMethodError'{0x0000000710610b98}: 'java.lang.Object java.lang.invoke.DirectMethodHandle$Holder.invokeStatic(java.lang.Object, int, java.lang.Object, java.lang.Object, java.lang.Object)'> (0x0000000710610b98) 
thrown [t:/workspace/open/src/hotspot/share/interpreter/linkResolver.cpp, line 767]
Event: 6.802 Thread 0x000001fd39fac800 Exception <a 'java/lang/NoSuchMethodError'{0x0000000710614400}: 'java.lang.Object java.lang.invoke.DirectMethodHandle$Holder.invokeSpecial(java.lang.Object, java.lang.Object, int, java.lang.Object, java.lang.Object, java.lang.Object)'> (0x0000000710614400) 
thrown [t:/workspace/open/src/hotspot/share/interpreter/linkResolver.cpp, line 767]
Event: 6.804 Thread 0x000001fd39fac800 Exception <a 'java/lang/NoSuchMethodError'{0x000000071062a728}: 'java.lang.Object java.lang.invoke.DirectMethodHandle$Holder.invokeStatic(java.lang.Object, int, java.lang.Object)'> (0x000000071062a728) 
thrown [t:/workspace/open/src/hotspot/share/interpreter/linkResolver.cpp, line 767]
Event: 6.825 Thread 0x000001fd39fac800 Exception <a 'java/lang/ClassNotFoundException'{0x00000007106cdb10}: com/sun/swing/internal/plaf/metal/resources/spi/metalProvider> (0x00000007106cdb10) 
thrown [t:/workspace/open/src/hotspot/share/classfile/systemDictionary.cpp, line 232]
Event: 6.826 Thread 0x000001fd39fac800 Exception <a 'java/lang/ClassNotFoundException'{0x00000007106d1d18}: com/sun/swing/internal/plaf/basic/resources/spi/basicProvider> (0x00000007106d1d18) 
thrown [t:/workspace/open/src/hotspot/share/classfile/systemDictionary.cpp, line 232]
Event: 6.856 Thread 0x000001fd39fac800 Exception <a 'java/lang/NoSuchMethodError'{0x0000000710510158}: 'void java.lang.invoke.DirectMethodHandle$Holder.invokeStaticInit(java.lang.Object)'> (0x0000000710510158) 
thrown [t:/workspace/open/src/hotspot/share/interpreter/linkResolver.cpp, line 767]
Event: 6.883 Thread 0x000001fd39fac800 Exception <a 'java/lang/NoSuchMethodError'{0x00000007105ad1e8}: 'java.lang.Object java.lang.invoke.Invokers$Holder.linkToTargetMethod(java.lang.Object, int, java.lang.Object)'> (0x00000007105ad1e8) 
thrown [t:/workspace/open/src/hotspot/share/interpreter/linkResolver.cpp, line 767]

Events (20 events):
Event: 12.544 Loaded shared library C:\Program Files\Java\jdk-13.0.1\bin\java.dll
Event: 12.545 Loaded shared library C:\Program Files\Java\jdk-13.0.1\bin\java.dll
Event: 12.773 loading class java/awt/LightweightDispatcher$2
Event: 12.773 loading class java/awt/LightweightDispatcher$2 done
Event: 14.180 Executing VM operation: RevokeBias
Event: 14.181 Executing VM operation: RevokeBias done
Event: 14.181 loading class java/awt/KeyboardFocusManager$2
Event: 14.181 loading class java/awt/KeyboardFocusManager$2 done
Event: 14.181 loading class sun/awt/SunToolkit$1
Event: 14.181 loading class sun/awt/SunToolkit$1 done
Event: 7320.134 Loaded shared library C:\Program Files\Java\jdk-13.0.1\bin\java.dll
Event: 7320.136 Loaded shared library C:\Program Files\Java\jdk-13.0.1\bin\java.dll
Event: 7320.137 Loaded shared library C:\Program Files\Java\jdk-13.0.1\bin\java.dll
Event: 7320.139 Loaded shared library C:\Program Files\Java\jdk-13.0.1\bin\java.dll
Event: 14320.405 loading class java/awt/desktop/SystemSleepListener
Event: 14320.405 loading class java/awt/desktop/SystemEventListener
Event: 14320.405 loading class java/awt/desktop/SystemEventListener done
Event: 14320.405 loading class java/awt/desktop/SystemSleepListener done
Event: 82558.459 Executing VM operation: RevokeBias
Event: 82558.459 Executing VM operation: RevokeBias done


Dynamic libraries:
0x00007ff6b4390000 - 0x00007ff6b439f000 	C:\Program Files\Java\jdk-13.0.1\bin\javaw.exe
0x00007ffaf2f60000 - 0x00007ffaf314d000 	C:\Windows\SYSTEM32\ntdll.dll
0x00007ffaf1be0000 - 0x00007ffaf1c93000 	C:\Windows\System32\KERNEL32.DLL
0x00007ffaef0d0000 - 0x00007ffaef363000 	C:\Windows\System32\KERNELBASE.dll
0x00007ffaefac0000 - 0x00007ffaefbba000 	C:\Windows\System32\ucrtbase.dll
0x00007ffadff10000 - 0x00007ffadff25000 	C:\Program Files\Java\jdk-13.0.1\bin\VCRUNTIME140.dll
0x00007ffadfef0000 - 0x00007ffadff08000 	C:\Program Files\Java\jdk-13.0.1\bin\jli.dll
0x00007ffaf2740000 - 0x00007ffaf27e3000 	C:\Windows\System32\ADVAPI32.dll
0x00007ffaf1b40000 - 0x00007ffaf1bde000 	C:\Windows\System32\msvcrt.dll
0x00007ffaf2690000 - 0x00007ffaf272e000 	C:\Windows\System32\sechost.dll
0x00007ffaf2da0000 - 0x00007ffaf2ec2000 	C:\Windows\System32\RPCRT4.dll
0x00007ffaf2130000 - 0x00007ffaf22c7000 	C:\Windows\System32\USER32.dll
0x00007ffaefd60000 - 0x00007ffaefd80000 	C:\Windows\System32\win32u.dll
0x00007ffaf03a0000 - 0x00007ffaf03c9000 	C:\Windows\System32\GDI32.dll
0x00007ffae40f0000 - 0x00007ffae4369000 	C:\Windows\WinSxS\amd64_microsoft.windows.common-controls_6595b64144ccf1df_6.0.17763.973_none_05b245900721eb81\COMCTL32.dll
0x00007ffaefbc0000 - 0x00007ffaefd59000 	C:\Windows\System32\gdi32full.dll
0x00007ffaf1e00000 - 0x00007ffaf212c000 	C:\Windows\System32\combase.dll
0x00007ffaf0010000 - 0x00007ffaf00b0000 	C:\Windows\System32\msvcp_win.dll
0x00007ffaf0100000 - 0x00007ffaf017e000 	C:\Windows\System32\bcryptPrimitives.dll
0x00007ffaea070000 - 0x00007ffaea07a000 	C:\Windows\SYSTEM32\VERSION.dll
0x00007ffaf1a30000 - 0x00007ffaf1a5e000 	C:\Windows\System32\IMM32.DLL
0x00007ffadc250000 - 0x00007ffadc2eb000 	C:\Program Files\Java\jdk-13.0.1\bin\msvcp140.dll
0x00007ffac82c0000 - 0x00007ffac8e26000 	C:\Program Files\Java\jdk-13.0.1\bin\server\jvm.dll
0x00007ffaf2730000 - 0x00007ffaf2738000 	C:\Windows\System32\PSAPI.DLL
0x00007ffaed1b0000 - 0x00007ffaed1d4000 	C:\Windows\SYSTEM32\WINMM.dll
0x00007ffaeb940000 - 0x00007ffaeb949000 	C:\Windows\SYSTEM32\WSOCK32.dll
0x00007ffaf22e0000 - 0x00007ffaf234d000 	C:\Windows\System32\WS2_32.dll
0x00007ffaed180000 - 0x00007ffaed1ad000 	C:\Windows\SYSTEM32\WINMMBASE.dll
0x00007ffaf00b0000 - 0x00007ffaf00fa000 	C:\Windows\System32\cfgmgr32.dll
0x00007ffaeefb0000 - 0x00007ffaeefc1000 	C:\Windows\System32\kernel.appcore.dll
0x00007ffaeb930000 - 0x00007ffaeb940000 	C:\Program Files\Java\jdk-13.0.1\bin\verify.dll
0x00007ffadd040000 - 0x00007ffadd22d000 	C:\Windows\SYSTEM32\DBGHELP.DLL
0x00007ffadc1f0000 - 0x00007ffadc21a000 	C:\Windows\SYSTEM32\dbgcore.DLL
0x00007ffae3370000 - 0x00007ffae3396000 	C:\Program Files\Java\jdk-13.0.1\bin\java.dll
0x00007ffaeaca0000 - 0x00007ffaeacb7000 	C:\Program Files\Java\jdk-13.0.1\bin\zip.dll
0x00007ffaeb900000 - 0x00007ffaeb90a000 	C:\Program Files\Java\jdk-13.0.1\bin\jimage.dll
0x00007ffaf0530000 - 0x00007ffaf1a24000 	C:\Windows\System32\SHELL32.dll
0x00007ffaf0180000 - 0x00007ffaf0228000 	C:\Windows\System32\shcore.dll
0x00007ffaef370000 - 0x00007ffaefabd000 	C:\Windows\System32\windows.storage.dll
0x00007ffaeeff0000 - 0x00007ffaef014000 	C:\Windows\System32\profapi.dll
0x00007ffaeef50000 - 0x00007ffaeefad000 	C:\Windows\System32\powrprof.dll
0x00007ffaf1cc0000 - 0x00007ffaf1d12000 	C:\Windows\System32\shlwapi.dll
0x00007ffaef080000 - 0x00007ffaef097000 	C:\Windows\System32\cryptsp.dll
0x00007ffad9530000 - 0x00007ffad96c9000 	C:\Program Files\Java\jdk-13.0.1\bin\awt.dll
0x00007ffaf1d20000 - 0x00007ffaf1de4000 	C:\Windows\System32\OLEAUT32.dll
0x00007ffaec0b0000 - 0x00007ffaec66e000 	C:\Windows\SYSTEM32\d2d1.dll
0x00007ffaed2b0000 - 0x00007ffaed33c000 	C:\Windows\SYSTEM32\apphelp.dll
0x00007ffaed870000 - 0x00007ffaed89e000 	C:\Windows\system32\DWMAPI.DLL
0x00007ffaefe30000 - 0x00007ffaf000c000 	C:\Windows\System32\CRYPT32.dll
0x00007ffaeefd0000 - 0x00007ffaeefe2000 	C:\Windows\System32\MSASN1.dll
0x00007ffaed540000 - 0x00007ffaed5dc000 	C:\Windows\system32\uxtheme.dll
0x00007ffad92e0000 - 0x00007ffad9407000 	C:\Windows\system32\opengl32.dll
0x00007ffadfda0000 - 0x00007ffadfdcc000 	C:\Windows\SYSTEM32\GLU32.dll
0x00007ffaf0230000 - 0x00007ffaf039c000 	C:\Windows\System32\MSCTF.dll
0x00007ffaf03d0000 - 0x00007ffaf0525000 	C:\Windows\System32\ole32.dll
0x00007ffaef020000 - 0x00007ffaef079000 	C:\Windows\System32\WINTRUST.DLL
0x00007ffaf1ca0000 - 0x00007ffaf1cbd000 	C:\Windows\System32\imagehlp.dll
0x00007ffaee2e0000 - 0x00007ffaee313000 	C:\Windows\system32\rsaenh.dll
0x00007ffaef0a0000 - 0x00007ffaef0c6000 	C:\Windows\System32\bcrypt.dll
0x00007ffaee930000 - 0x00007ffaee93c000 	C:\Windows\SYSTEM32\CRYPTBASE.dll
0x00007ffaa9360000 - 0x00007ffaa9624000 	C:\Windows\system32\nvspcap64.dll
0x00007ffaedfc0000 - 0x00007ffaedff1000 	C:\Windows\SYSTEM32\ntmarta.dll
0x00007ffaeaa10000 - 0x00007ffaeaa3f000 	C:\Windows\SYSTEM32\cryptnet.dll
0x00007ffaedc00000 - 0x00007ffaedc22000 	C:\Windows\SYSTEM32\gpapi.dll
0x00007ffada010000 - 0x00007ffada092000 	C:\Program Files\Java\jdk-13.0.1\bin\freetype.dll
0x00007ffad8db0000 - 0x00007ffad8e56000 	C:\Program Files\Java\jdk-13.0.1\bin\fontmanager.dll
0x00007ffae2700000 - 0x00007ffae2719000 	C:\Program Files\Java\jdk-13.0.1\bin\net.dll
0x00007ffaea420000 - 0x00007ffaea512000 	C:\Windows\SYSTEM32\WINHTTP.dll
0x00007ffaee760000 - 0x00007ffaee7c7000 	C:\Windows\system32\mswsock.dll
0x00007ffae23c0000 - 0x00007ffae23d3000 	C:\Program Files\Java\jdk-13.0.1\bin\nio.dll
0x00007ffae1be0000 - 0x00007ffae1c75000 	C:\Windows\System32\TextInputFramework.dll
0x00007ffaeafa0000 - 0x00007ffaeb2c2000 	C:\Windows\System32\CoreUIComponents.dll
0x00007ffaecf70000 - 0x00007ffaed052000 	C:\Windows\System32\CoreMessaging.dll
0x00007ffaeae40000 - 0x00007ffaeaf93000 	C:\Windows\SYSTEM32\wintypes.dll
0x00007ffae5530000 - 0x00007ffae56ce000 	C:\Windows\system32\d3d9.dll
0x00007ffaea0f0000 - 0x00007ffaea1df000 	C:\Windows\System32\DriverStore\FileRepository\nv_dispi.inf_amd64_d223212c0a2275b5\nvldumdx.dll
0x00007ffab7520000 - 0x00007ffab8a25000 	C:\Windows\System32\DriverStore\FileRepository\nv_dispi.inf_amd64_d223212c0a2275b5\nvd3dumx.dll

dbghelp: loaded successfully - version: 4.0.5 - missing functions: none
symbol engine: initialized successfully - sym options: 0x614 - pdb path: .;C:\Program Files\Java\jdk-13.0.1\bin;C:\Windows\SYSTEM32;C:\Windows\WinSxS\amd64_microsoft.windows.common-controls_6595b64144ccf1df_6.0.17763.973_none_05b245900721eb81;C:\Program Files\Java\jdk-13.0.1\bin\server;C:\Windows\System32\DriverStore\FileRepository\nv_dispi.inf_amd64_d223212c0a2275b5

VM Arguments:
jvm_args: -Dfile.encoding=Cp1252 
java_command: yuckyChocky
java_class_path (initial): D:\Comp 2005\Yucky Chocky\Yucky Chocky\bin
Launcher Type: SUN_STANDARD

[Global flags]
     intx CICompilerCount                          = 3                                         {product} {ergonomic}
     uint ConcGCThreads                            = 1                                         {product} {ergonomic}
     uint G1ConcRefinementThreads                  = 4                                         {product} {ergonomic}
   size_t G1HeapRegionSize                         = 1048576                                   {product} {ergonomic}
    uintx GCDrainStackTargetSize                   = 64                                        {product} {ergonomic}
   size_t InitialHeapSize                          = 268435456                                 {product} {ergonomic}
   size_t MarkStackSize                            = 4194304                                   {product} {ergonomic}
   size_t MaxHeapSize                              = 4284481536                                {product} {ergonomic}
   size_t MaxNewSize                               = 2570059776                                {product} {ergonomic}
   size_t MinHeapDeltaBytes                        = 1048576                                   {product} {ergonomic}
   size_t MinHeapSize                              = 8388608                                   {product} {ergonomic}
    uintx NonNMethodCodeHeapSize                   = 5830732                                {pd product} {ergonomic}
    uintx NonProfiledCodeHeapSize                  = 122913754                              {pd product} {ergonomic}
    uintx ProfiledCodeHeapSize                     = 122913754                              {pd product} {ergonomic}
    uintx ReservedCodeCacheSize                    = 251658240                              {pd product} {ergonomic}
     bool SegmentedCodeCache                       = true                                      {product} {ergonomic}
   size_t SoftMaxHeapSize                          = 4284481536                             {manageable} {ergonomic}
     bool UseCompressedClassPointers               = true                                 {lp64_product} {ergonomic}
     bool UseCompressedOops                        = true                                 {lp64_product} {ergonomic}
     bool UseG1GC                                  = true                                      {product} {ergonomic}
     bool UseLargePagesIndividualAllocation        = false                                  {pd product} {ergonomic}

Logging:
Log output configuration:
 #0: stdout all=warning uptime,level,tags
 #1: stderr all=off uptime,level,tags

Environment Variables:
PATH=C:/Program Files/Java/jdk-13.0.1/bin/server;C:/Program Files/Java/jdk-13.0.1/bin;C:\Program Files\Java\jdk-13.0.1\bin;C:\Windows;C:\Windows\System32\Wbem;C:\Windows\System32\WindowsPowerShell\v1.0\;C:\Windows\System32\OpenSSH\;C:\Program Files\NVIDIA Corporation\NVIDIA NvDLISR;C:\Program Files (x86)\NVIDIA Corporation\PhysX\Common;C:\Program Files\Java\jdk-13.0.1\bin;;D:\Microsoft VS Code\bin;C:\Users\Junaid\Desktop;
USERNAME=Junaid
OS=Windows_NT
PROCESSOR_IDENTIFIER=Intel64 Family 6 Model 58 Stepping 9, GenuineIntel



---------------  S Y S T E M  ---------------

OS: Windows 10 , 64 bit Build 17763 (10.0.17763.475)

CPU:total 4 (initial active 4) (4 cores per cpu, 1 threads per core) family 6 model 58 stepping 9, cmov, cx8, fxsr, mmx, sse, sse2, sse3, ssse3, sse4.1, sse4.2, popcnt, avx, aes, clmul, erms, tsc, tscinvbit, tscinv

Memory: 4k page, system-wide physical 16339M (8690M free)
TotalPageFile size 30646M (AvailPageFile size 126M)
current process WorkingSet (physical memory assigned to process): 53M, peak: 66M
current process commit charge ("private bytes"): 358M, peak: 363M

vm_info: Java HotSpot(TM) 64-Bit Server VM (13.0.1+9) for windows-amd64 JRE (13.0.1+9), built on Oct  6 2019 12:37:49 by "mach5one" with unknown MS VC++:1916

END.
